[ 2019-02-13T00:25:05+08:00 ] 123.126.113.169 /index.php/home/page/show/id/12.html
INFO: [ route_check ] --START--
INFO: CheckRoute Behavior ::run [ RunTime:0.000434s ]
INFO: [ route_check ] --END-- [ RunTime:0.000496s ]
NOTIC: [2] stripslashes() expects exactly 1 parameter, 2 given /www/wwwroot/yun.jridc.com/ThinkPHP/Lib/Core/App.class.php 第 57 行.
NOTIC: [2] stripslashes() expects exactly 1 parameter, 2 given /www/wwwroot/yun.jridc.com/ThinkPHP/Lib/Core/App.class.php 第 57 行.
NOTIC: [2] stripslashes() expects exactly 1 parameter, 2 given /www/wwwroot/yun.jridc.com/ThinkPHP/Lib/Core/App.class.php 第 57 行.
NOTIC: [2] stripslashes() expects exactly 1 parameter, 2 given /www/wwwroot/yun.jridc.com/ThinkPHP/Lib/Core/App.class.php 第 57 行.
NOTIC: [2] stripslashes() expects exactly 1 parameter, 2 given /www/wwwroot/yun.jridc.com/ThinkPHP/Lib/Core/App.class.php 第 57 行.
NOTIC: [2] stripslashes() expects exactly 1 parameter, 2 given /www/wwwroot/yun.jridc.com/ThinkPHP/Lib/Core/App.class.php 第 57 行.
INFO: [ app_begin ] --START--
INFO: ReadHtmlCache Behavior ::run [ RunTime:0.000285s ]
INFO: [ app_begin ] --END-- [ RunTime:0.000316s ]
NOTIC: [2048] Declaration of PageAction::show() should be compatible with Action::show($content, $charset = '', $contentType = '', $prefix = '') /www/wwwroot/yun.jridc.com/Cloud/Lib/Action/Home/PageAction.class.php 第 2 行.
SQL: SHOW COLUMNS FROM `cloud_config` [ RunTime:0.000670s ]
SQL: SELECT `c_key`,`c_value` FROM `cloud_config` WHERE ( `c_module` = 'WEBSITE' )  [ RunTime:0.000069s ]
NOTIC: 建议使用I方法替代_get
NOTIC: [2] stripslashes() expects exactly 1 parameter, 2 given /www/wwwroot/yun.jridc.com/ThinkPHP/Common/common.php 第 109 行.
NOTIC: [2] stripslashes() expects exactly 1 parameter, 2 given /www/wwwroot/yun.jridc.com/ThinkPHP/Common/common.php 第 109 行.
NOTIC: [2] stripslashes() expects exactly 1 parameter, 2 given /www/wwwroot/yun.jridc.com/ThinkPHP/Common/common.php 第 109 行.
NOTIC: [2] stripslashes() expects exactly 1 parameter, 2 given /www/wwwroot/yun.jridc.com/ThinkPHP/Common/common.php 第 109 行.
NOTIC: [2] stripslashes() expects exactly 1 parameter, 2 given /www/wwwroot/yun.jridc.com/ThinkPHP/Common/common.php 第 109 行.
NOTIC: [2] stripslashes() expects exactly 1 parameter, 2 given /www/wwwroot/yun.jridc.com/ThinkPHP/Common/common.php 第 109 行.
SQL: SHOW COLUMNS FROM `cloud_page` [ RunTime:0.000445s ]
SQL: SELECT * FROM `cloud_page` WHERE ( id =12 ) LIMIT 1   [ RunTime:0.000063s ]
INFO: [ view_parse ] --START--
NOTIC: [8] Undefined index: field /www/wwwroot/yun.jridc.com/Cloud/Lib/TagLib/TagLibCloud.class.php 第 14 行.
NOTIC: [8] Undefined index: field /www/wwwroot/yun.jridc.com/Cloud/Lib/TagLib/TagLibCloud.class.php 第 14 行.
NOTIC: [8] Undefined index: field /www/wwwroot/yun.jridc.com/Cloud/Lib/TagLib/TagLibCloud.class.php 第 14 行.
NOTIC: [8] Undefined index: field /www/wwwroot/yun.jridc.com/Cloud/Lib/TagLib/TagLibCloud.class.php 第 14 行.
NOTIC: [8] Undefined index: field /www/wwwroot/yun.jridc.com/Cloud/Lib/TagLib/TagLibCloud.class.php 第 14 行.
NOTIC: [8] Undefined index: field /www/wwwroot/yun.jridc.com/Cloud/Lib/TagLib/TagLibCloud.class.php 第 14 行.
NOTIC: [8] Undefined index: uid /www/wwwroot/yun.jridc.com/Cloud/Runtime/Cache/Home/7ff62ca4f22f7123aed617eeb51b2168.php 第 19 行.
SQL: SELECT * FROM `cloud_page` WHERE ( type_id=3 ) ORDER BY sort desc LIMIT 10   [ RunTime:0.000187s ]
NOTIC: [8] Use of undefined constant id - assumed 'id' /www/wwwroot/yun.jridc.com/Cloud/Runtime/Cache/Home/7ff62ca4f22f7123aed617eeb51b2168.php 第 34 行.
NOTIC: [8] Use of undefined constant id - assumed 'id' /www/wwwroot/yun.jridc.com/Cloud/Runtime/Cache/Home/7ff62ca4f22f7123aed617eeb51b2168.php 第 34 行.
NOTIC: [8] Use of undefined constant id - assumed 'id' /www/wwwroot/yun.jridc.com/Cloud/Runtime/Cache/Home/7ff62ca4f22f7123aed617eeb51b2168.php 第 34 行.
NOTIC: [8] Use of undefined constant id - assumed 'id' /www/wwwroot/yun.jridc.com/Cloud/Runtime/Cache/Home/7ff62ca4f22f7123aed617eeb51b2168.php 第 34 行.
SQL: SELECT * FROM `cloud_page` WHERE ( type_id=2 ) ORDER BY sort desc LIMIT 10   [ RunTime:0.000092s ]
NOTIC: [8] Use of undefined constant id - assumed 'id' /www/wwwroot/yun.jridc.com/Cloud/Runtime/Cache/Home/7ff62ca4f22f7123aed617eeb51b2168.php 第 46 行.
NOTIC: [8] Use of undefined constant id - assumed 'id' /www/wwwroot/yun.jridc.com/Cloud/Runtime/Cache/Home/7ff62ca4f22f7123aed617eeb51b2168.php 第 46 行.
NOTIC: [8] Use of undefined constant id - assumed 'id' /www/wwwroot/yun.jridc.com/Cloud/Runtime/Cache/Home/7ff62ca4f22f7123aed617eeb51b2168.php 第 46 行.
SQL: SELECT * FROM `cloud_page` WHERE ( type_id=1 ) ORDER BY sort desc LIMIT 10   [ RunTime:0.000069s ]
NOTIC: [8] Use of undefined constant id - assumed 'id' /www/wwwroot/yun.jridc.com/Cloud/Runtime/Cache/Home/7ff62ca4f22f7123aed617eeb51b2168.php 第 60 行.
NOTIC: [8] Use of undefined constant id - assumed 'id' /www/wwwroot/yun.jridc.com/Cloud/Runtime/Cache/Home/7ff62ca4f22f7123aed617eeb51b2168.php 第 60 行.
NOTIC: [8] Use of undefined constant id - assumed 'id' /www/wwwroot/yun.jridc.com/Cloud/Runtime/Cache/Home/7ff62ca4f22f7123aed617eeb51b2168.php 第 60 行.
NOTIC: [8] Use of undefined constant id - assumed 'id' /www/wwwroot/yun.jridc.com/Cloud/Runtime/Cache/Home/7ff62ca4f22f7123aed617eeb51b2168.php 第 60 行.
NOTIC: [8] Use of undefined constant type_id - assumed 'type_id' /www/wwwroot/yun.jridc.com/Cloud/Runtime/Cache/Home/7ff62ca4f22f7123aed617eeb51b2168.php 第 75 行.
SQL: SELECT * FROM `cloud_page` WHERE ( type_id=1 ) ORDER BY sort desc LIMIT 10   [ RunTime:0.000059s ]
NOTIC: [8] Use of undefined constant id - assumed 'id' /www/wwwroot/yun.jridc.com/Cloud/Runtime/Cache/Home/7ff62ca4f22f7123aed617eeb51b2168.php 第 80 行.
NOTIC: [8] Use of undefined constant id - assumed 'id' /www/wwwroot/yun.jridc.com/Cloud/Runtime/Cache/Home/7ff62ca4f22f7123aed617eeb51b2168.php 第 80 行.
NOTIC: [8] Use of undefined constant id - assumed 'id' /www/wwwroot/yun.jridc.com/Cloud/Runtime/Cache/Home/7ff62ca4f22f7123aed617eeb51b2168.php 第 80 行.
NOTIC: [8] Use of undefined constant id - assumed 'id' /www/wwwroot/yun.jridc.com/Cloud/Runtime/Cache/Home/7ff62ca4f22f7123aed617eeb51b2168.php 第 80 行.
NOTIC: [8] Use of undefined constant type_id - assumed 'type_id' /www/wwwroot/yun.jridc.com/Cloud/Runtime/Cache/Home/7ff62ca4f22f7123aed617eeb51b2168.php 第 84 行.
NOTIC: [8] Use of undefined constant type_id - assumed 'type_id' /www/wwwroot/yun.jridc.com/Cloud/Runtime/Cache/Home/7ff62ca4f22f7123aed617eeb51b2168.php 第 93 行.
INFO: ParseTemplate Behavior ::run [ RunTime:0.012454s ]
INFO: [ view_parse ] --END-- [ RunTime:0.012501s ]
INFO: [ view_filter ] --START--
INFO: ContentReplace Behavior ::run [ RunTime:0.000367s ]
INFO: TokenBuild Behavior ::run [ RunTime:0.000207s ]
INFO: WriteHtmlCache Behavior ::run [ RunTime:0.000146s ]
INFO: ShowRuntime Behavior ::run [ RunTime:0.000268s ]
INFO: [ view_filter ] --END-- [ RunTime:0.001091s ]
INFO: [ view_end ] --START--
INFO: ShowPageTrace Behavior ::run [ RunTime:0.000325s ]
INFO: [ view_end ] --END-- [ RunTime:0.000356s ]

[ 2019-02-13T00:37:34+08:00 ] 123.126.113.169 /index.php/home/page/show/id/11.html
INFO: [ route_check ] --START--
INFO: CheckRoute Behavior ::run [ RunTime:0.000429s ]
INFO: [ route_check ] --END-- [ RunTime:0.000489s ]
NOTIC: [2] stripslashes() expects exactly 1 parameter, 2 given /www/wwwroot/yun.jridc.com/ThinkPHP/Lib/Core/App.class.php 第 57 行.
NOTIC: [2] stripslashes() expects exactly 1 parameter, 2 given /www/wwwroot/yun.jridc.com/ThinkPHP/Lib/Core/App.class.php 第 57 行.
NOTIC: [2] stripslashes() expects exactly 1 parameter, 2 given /www/wwwroot/yun.jridc.com/ThinkPHP/Lib/Core/App.class.php 第 57 行.
NOTIC: [2] stripslashes() expects exactly 1 parameter, 2 given /www/wwwroot/yun.jridc.com/ThinkPHP/Lib/Core/App.class.php 第 57 行.
NOTIC: [2] stripslashes() expects exactly 1 parameter, 2 given /www/wwwroot/yun.jridc.com/ThinkPHP/Lib/Core/App.class.php 第 57 行.
NOTIC: [2] stripslashes() expects exactly 1 parameter, 2 given /www/wwwroot/yun.jridc.com/ThinkPHP/Lib/Core/App.class.php 第 57 行.
INFO: [ app_begin ] --START--
INFO: ReadHtmlCache Behavior ::run [ RunTime:0.000298s ]
INFO: [ app_begin ] --END-- [ RunTime:0.000330s ]
NOTIC: [2048] Declaration of PageAction::show() should be compatible with Action::show($content, $charset = '', $contentType = '', $prefix = '') /www/wwwroot/yun.jridc.com/Cloud/Lib/Action/Home/PageAction.class.php 第 2 行.
SQL: SHOW COLUMNS FROM `cloud_config` [ RunTime:0.000586s ]
SQL: SELECT `c_key`,`c_value` FROM `cloud_config` WHERE ( `c_module` = 'WEBSITE' )  [ RunTime:0.000067s ]
NOTIC: 建议使用I方法替代_get
NOTIC: [2] stripslashes() expects exactly 1 parameter, 2 given /www/wwwroot/yun.jridc.com/ThinkPHP/Common/common.php 第 109 行.
NOTIC: [2] stripslashes() expects exactly 1 parameter, 2 given /www/wwwroot/yun.jridc.com/ThinkPHP/Common/common.php 第 109 行.
NOTIC: [2] stripslashes() expects exactly 1 parameter, 2 given /www/wwwroot/yun.jridc.com/ThinkPHP/Common/common.php 第 109 行.
NOTIC: [2] stripslashes() expects exactly 1 parameter, 2 given /www/wwwroot/yun.jridc.com/ThinkPHP/Common/common.php 第 109 行.
NOTIC: [2] stripslashes() expects exactly 1 parameter, 2 given /www/wwwroot/yun.jridc.com/ThinkPHP/Common/common.php 第 109 行.
NOTIC: [2] stripslashes() expects exactly 1 parameter, 2 given /www/wwwroot/yun.jridc.com/ThinkPHP/Common/common.php 第 109 行.
SQL: SHOW COLUMNS FROM `cloud_page` [ RunTime:0.000499s ]
SQL: SELECT * FROM `cloud_page` WHERE ( id =11 ) LIMIT 1   [ RunTime:0.000055s ]
INFO: [ view_parse ] --START--
NOTIC: [8] Undefined index: field /www/wwwroot/yun.jridc.com/Cloud/Lib/TagLib/TagLibCloud.class.php 第 14 行.
NOTIC: [8] Undefined index: field /www/wwwroot/yun.jridc.com/Cloud/Lib/TagLib/TagLibCloud.class.php 第 14 行.
NOTIC: [8] Undefined index: field /www/wwwroot/yun.jridc.com/Cloud/Lib/TagLib/TagLibCloud.class.php 第 14 行.
NOTIC: [8] Undefined index: uid /www/wwwroot/yun.jridc.com/Cloud/Runtime/Cache/Home/16a838965008b33db837be889bbaaca3.php 第 19 行.
SQL: SELECT * FROM `cloud_page` WHERE ( type_id=3 ) ORDER BY sort desc LIMIT 10   [ RunTime:0.000117s ]
NOTIC: [8] Use of undefined constant id - assumed 'id' /www/wwwroot/yun.jridc.com/Cloud/Runtime/Cache/Home/16a838965008b33db837be889bbaaca3.php 第 34 行.
NOTIC: [8] Use of undefined constant id - assumed 'id' /www/wwwroot/yun.jridc.com/Cloud/Runtime/Cache/Home/16a838965008b33db837be889bbaaca3.php 第 34 行.
NOTIC: [8] Use of undefined constant id - assumed 'id' /www/wwwroot/yun.jridc.com/Cloud/Runtime/Cache/Home/16a838965008b33db837be889bbaaca3.php 第 34 行.
NOTIC: [8] Use of undefined constant id - assumed 'id' /www/wwwroot/yun.jridc.com/Cloud/Runtime/Cache/Home/16a838965008b33db837be889bbaaca3.php 第 34 行.
SQL: SELECT * FROM `cloud_page` WHERE ( type_id=2 ) ORDER BY sort desc LIMIT 10   [ RunTime:0.000537s ]
NOTIC: [8] Use of undefined constant id - assumed 'id' /www/wwwroot/yun.jridc.com/Cloud/Runtime/Cache/Home/16a838965008b33db837be889bbaaca3.php 第 46 行.
NOTIC: [8] Use of undefined constant id - assumed 'id' /www/wwwroot/yun.jridc.com/Cloud/Runtime/Cache/Home/16a838965008b33db837be889bbaaca3.php 第 46 行.
NOTIC: [8] Use of undefined constant id - assumed 'id' /www/wwwroot/yun.jridc.com/Cloud/Runtime/Cache/Home/16a838965008b33db837be889bbaaca3.php 第 46 行.
SQL: SELECT * FROM `cloud_page` WHERE ( type_id=1 ) ORDER BY sort desc LIMIT 10   [ RunTime:0.000106s ]
NOTIC: [8] Use of undefined constant id - assumed 'id' /www/wwwroot/yun.jridc.com/Cloud/Runtime/Cache/Home/16a838965008b33db837be889bbaaca3.php 第 60 行.
NOTIC: [8] Use of undefined constant id - assumed 'id' /www/wwwroot/yun.jridc.com/Cloud/Runtime/Cache/Home/16a838965008b33db837be889bbaaca3.php 第 60 行.
NOTIC: [8] Use of undefined constant id - assumed 'id' /www/wwwroot/yun.jridc.com/Cloud/Runtime/Cache/Home/16a838965008b33db837be889bbaaca3.php 第 60 行.
NOTIC: [8] Use of undefined constant id - assumed 'id' /www/wwwroot/yun.jridc.com/Cloud/Runtime/Cache/Home/16a838965008b33db837be889bbaaca3.php 第 60 行.
INFO: ParseTemplate Behavior ::run [ RunTime:0.011312s ]
INFO: [ view_parse ] --END-- [ RunTime:0.011357s ]
INFO: [ view_filter ] --START--
INFO: ContentReplace Behavior ::run [ RunTime:0.000316s ]
INFO: TokenBuild Behavior ::run [ RunTime:0.000232s ]
INFO: WriteHtmlCache Behavior ::run [ RunTime:0.000151s ]
INFO: ShowRuntime Behavior ::run [ RunTime:0.000270s ]
INFO: [ view_filter ] --END-- [ RunTime:0.001063s ]
INFO: [ view_end ] --START--
INFO: ShowPageTrace Behavior ::run [ RunTime:0.000359s ]
INFO: [ view_end ] --END-- [ RunTime:0.000392s ]

[ 2019-02-13T00:39:50+08:00 ] 123.126.113.169 /index.php/home/page/show/id/9.html
INFO: [ route_check ] --START--
INFO: CheckRoute Behavior ::run [ RunTime:0.000417s ]
INFO: [ route_check ] --END-- [ RunTime:0.000481s ]
NOTIC: [2] stripslashes() expects exactly 1 parameter, 2 given /www/wwwroot/yun.jridc.com/ThinkPHP/Lib/Core/App.class.php 第 57 行.
NOTIC: [2] stripslashes() expects exactly 1 parameter, 2 given /www/wwwroot/yun.jridc.com/ThinkPHP/Lib/Core/App.class.php 第 57 行.
NOTIC: [2] stripslashes() expects exactly 1 parameter, 2 given /www/wwwroot/yun.jridc.com/ThinkPHP/Lib/Core/App.class.php 第 57 行.
NOTIC: [2] stripslashes() expects exactly 1 parameter, 2 given /www/wwwroot/yun.jridc.com/ThinkPHP/Lib/Core/App.class.php 第 57 行.
NOTIC: [2] stripslashes() expects exactly 1 parameter, 2 given /www/wwwroot/yun.jridc.com/ThinkPHP/Lib/Core/App.class.php 第 57 行.
NOTIC: [2] stripslashes() expects exactly 1 parameter, 2 given /www/wwwroot/yun.jridc.com/ThinkPHP/Lib/Core/App.class.php 第 57 行.
INFO: [ app_begin ] --START--
INFO: ReadHtmlCache Behavior ::run [ RunTime:0.000271s ]
INFO: [ app_begin ] --END-- [ RunTime:0.000302s ]
NOTIC: [2048] Declaration of PageAction::show() should be compatible with Action::show($content, $charset = '', $contentType = '', $prefix = '') /www/wwwroot/yun.jridc.com/Cloud/Lib/Action/Home/PageAction.class.php 第 2 行.
SQL: SHOW COLUMNS FROM `cloud_config` [ RunTime:0.000743s ]
SQL: SELECT `c_key`,`c_value` FROM `cloud_config` WHERE ( `c_module` = 'WEBSITE' )  [ RunTime:0.000054s ]
NOTIC: 建议使用I方法替代_get
NOTIC: [2] stripslashes() expects exactly 1 parameter, 2 given /www/wwwroot/yun.jridc.com/ThinkPHP/Common/common.php 第 109 行.
NOTIC: [2] stripslashes() expects exactly 1 parameter, 2 given /www/wwwroot/yun.jridc.com/ThinkPHP/Common/common.php 第 109 行.
NOTIC: [2] stripslashes() expects exactly 1 parameter, 2 given /www/wwwroot/yun.jridc.com/ThinkPHP/Common/common.php 第 109 行.
NOTIC: [2] stripslashes() expects exactly 1 parameter, 2 given /www/wwwroot/yun.jridc.com/ThinkPHP/Common/common.php 第 109 行.
NOTIC: [2] stripslashes() expects exactly 1 parameter, 2 given /www/wwwroot/yun.jridc.com/ThinkPHP/Common/common.php 第 109 行.
NOTIC: [2] stripslashes() expects exactly 1 parameter, 2 given /www/wwwroot/yun.jridc.com/ThinkPHP/Common/common.php 第 109 行.
SQL: SHOW COLUMNS FROM `cloud_page` [ RunTime:0.000340s ]
SQL: SELECT * FROM `cloud_page` WHERE ( id =9 ) LIMIT 1   [ RunTime:0.000050s ]
INFO: [ view_parse ] --START--
NOTIC: [8] Undefined index: field /www/wwwroot/yun.jridc.com/Cloud/Lib/TagLib/TagLibCloud.class.php 第 14 行.
NOTIC: [8] Undefined index: field /www/wwwroot/yun.jridc.com/Cloud/Lib/TagLib/TagLibCloud.class.php 第 14 行.
NOTIC: [8] Undefined index: field /www/wwwroot/yun.jridc.com/Cloud/Lib/TagLib/TagLibCloud.class.php 第 14 行.
NOTIC: [8] Undefined index: uid /www/wwwroot/yun.jridc.com/Cloud/Runtime/Cache/Home/56913ba4b761a2efb6bbcbd5b03bf556.php 第 19 行.
SQL: SELECT * FROM `cloud_page` WHERE ( type_id=3 ) ORDER BY sort desc LIMIT 10   [ RunTime:0.000123s ]
NOTIC: [8] Use of undefined constant id - assumed 'id' /www/wwwroot/yun.jridc.com/Cloud/Runtime/Cache/Home/56913ba4b761a2efb6bbcbd5b03bf556.php 第 34 行.
NOTIC: [8] Use of undefined constant id - assumed 'id' /www/wwwroot/yun.jridc.com/Cloud/Runtime/Cache/Home/56913ba4b761a2efb6bbcbd5b03bf556.php 第 34 行.
NOTIC: [8] Use of undefined constant id - assumed 'id' /www/wwwroot/yun.jridc.com/Cloud/Runtime/Cache/Home/56913ba4b761a2efb6bbcbd5b03bf556.php 第 34 行.
NOTIC: [8] Use of undefined constant id - assumed 'id' /www/wwwroot/yun.jridc.com/Cloud/Runtime/Cache/Home/56913ba4b761a2efb6bbcbd5b03bf556.php 第 34 行.
SQL: SELECT * FROM `cloud_page` WHERE ( type_id=2 ) ORDER BY sort desc LIMIT 10   [ RunTime:0.000061s ]
NOTIC: [8] Use of undefined constant id - assumed 'id' /www/wwwroot/yun.jridc.com/Cloud/Runtime/Cache/Home/56913ba4b761a2efb6bbcbd5b03bf556.php 第 46 行.
NOTIC: [8] Use of undefined constant id - assumed 'id' /www/wwwroot/yun.jridc.com/Cloud/Runtime/Cache/Home/56913ba4b761a2efb6bbcbd5b03bf556.php 第 46 行.
NOTIC: [8] Use of undefined constant id - assumed 'id' /www/wwwroot/yun.jridc.com/Cloud/Runtime/Cache/Home/56913ba4b761a2efb6bbcbd5b03bf556.php 第 46 行.
SQL: SELECT * FROM `cloud_page` WHERE ( type_id=1 ) ORDER BY sort desc LIMIT 10   [ RunTime:0.000061s ]
NOTIC: [8] Use of undefined constant id - assumed 'id' /www/wwwroot/yun.jridc.com/Cloud/Runtime/Cache/Home/56913ba4b761a2efb6bbcbd5b03bf556.php 第 60 行.
NOTIC: [8] Use of undefined constant id - assumed 'id' /www/wwwroot/yun.jridc.com/Cloud/Runtime/Cache/Home/56913ba4b761a2efb6bbcbd5b03bf556.php 第 60 行.
NOTIC: [8] Use of undefined constant id - assumed 'id' /www/wwwroot/yun.jridc.com/Cloud/Runtime/Cache/Home/56913ba4b761a2efb6bbcbd5b03bf556.php 第 60 行.
NOTIC: [8] Use of undefined constant id - assumed 'id' /www/wwwroot/yun.jridc.com/Cloud/Runtime/Cache/Home/56913ba4b761a2efb6bbcbd5b03bf556.php 第 60 行.
INFO: ParseTemplate Behavior ::run [ RunTime:0.011000s ]
INFO: [ view_parse ] --END-- [ RunTime:0.011043s ]
INFO: [ view_filter ] --START--
INFO: ContentReplace Behavior ::run [ RunTime:0.000244s ]
INFO: TokenBuild Behavior ::run [ RunTime:0.000207s ]
INFO: WriteHtmlCache Behavior ::run [ RunTime:0.000170s ]
INFO: ShowRuntime Behavior ::run [ RunTime:0.000239s ]
INFO: [ view_filter ] --END-- [ RunTime:0.000952s ]
INFO: [ view_end ] --START--
INFO: ShowPageTrace Behavior ::run [ RunTime:0.000321s ]
INFO: [ view_end ] --END-- [ RunTime:0.000352s ]

[ 2019-02-13T00:41:22+08:00 ] 123.126.113.169 /index.php/home/page/show/id/8.html
INFO: [ route_check ] --START--
INFO: CheckRoute Behavior ::run [ RunTime:0.000411s ]
INFO: [ route_check ] --END-- [ RunTime:0.000476s ]
NOTIC: [2] stripslashes() expects exactly 1 parameter, 2 given /www/wwwroot/yun.jridc.com/ThinkPHP/Lib/Core/App.class.php 第 57 行.
NOTIC: [2] stripslashes() expects exactly 1 parameter, 2 given /www/wwwroot/yun.jridc.com/ThinkPHP/Lib/Core/App.class.php 第 57 行.
NOTIC: [2] stripslashes() expects exactly 1 parameter, 2 given /www/wwwroot/yun.jridc.com/ThinkPHP/Lib/Core/App.class.php 第 57 行.
NOTIC: [2] stripslashes() expects exactly 1 parameter, 2 given /www/wwwroot/yun.jridc.com/ThinkPHP/Lib/Core/App.class.php 第 57 行.
NOTIC: [2] stripslashes() expects exactly 1 parameter, 2 given /www/wwwroot/yun.jridc.com/ThinkPHP/Lib/Core/App.class.php 第 57 行.
NOTIC: [2] stripslashes() expects exactly 1 parameter, 2 given /www/wwwroot/yun.jridc.com/ThinkPHP/Lib/Core/App.class.php 第 57 行.
INFO: [ app_begin ] --START--
INFO: ReadHtmlCache Behavior ::run [ RunTime:0.000267s ]
INFO: [ app_begin ] --END-- [ RunTime:0.000296s ]
NOTIC: [2048] Declaration of PageAction::show() should be compatible with Action::show($content, $charset = '', $contentType = '', $prefix = '') /www/wwwroot/yun.jridc.com/Cloud/Lib/Action/Home/PageAction.class.php 第 2 行.
SQL: SHOW COLUMNS FROM `cloud_config` [ RunTime:0.000590s ]
SQL: SELECT `c_key`,`c_value` FROM `cloud_config` WHERE ( `c_module` = 'WEBSITE' )  [ RunTime:0.000055s ]
NOTIC: 建议使用I方法替代_get
NOTIC: [2] stripslashes() expects exactly 1 parameter, 2 given /www/wwwroot/yun.jridc.com/ThinkPHP/Common/common.php 第 109 行.
NOTIC: [2] stripslashes() expects exactly 1 parameter, 2 given /www/wwwroot/yun.jridc.com/ThinkPHP/Common/common.php 第 109 行.
NOTIC: [2] stripslashes() expects exactly 1 parameter, 2 given /www/wwwroot/yun.jridc.com/ThinkPHP/Common/common.php 第 109 行.
NOTIC: [2] stripslashes() expects exactly 1 parameter, 2 given /www/wwwroot/yun.jridc.com/ThinkPHP/Common/common.php 第 109 行.
NOTIC: [2] stripslashes() expects exactly 1 parameter, 2 given /www/wwwroot/yun.jridc.com/ThinkPHP/Common/common.php 第 109 行.
NOTIC: [2] stripslashes() expects exactly 1 parameter, 2 given /www/wwwroot/yun.jridc.com/ThinkPHP/Common/common.php 第 109 行.
SQL: SHOW COLUMNS FROM `cloud_page` [ RunTime:0.000375s ]
SQL: SELECT * FROM `cloud_page` WHERE ( id =8 ) LIMIT 1   [ RunTime:0.000053s ]
INFO: [ view_parse ] --START--
NOTIC: [8] Undefined index: field /www/wwwroot/yun.jridc.com/Cloud/Lib/TagLib/TagLibCloud.class.php 第 14 行.
NOTIC: [8] Undefined index: field /www/wwwroot/yun.jridc.com/Cloud/Lib/TagLib/TagLibCloud.class.php 第 14 行.
NOTIC: [8] Undefined index: field /www/wwwroot/yun.jridc.com/Cloud/Lib/TagLib/TagLibCloud.class.php 第 14 行.
NOTIC: [8] Undefined index: uid /www/wwwroot/yun.jridc.com/Cloud/Runtime/Cache/Home/5e2a4dc739e7e5b8ddd8f24aa6ee4363.php 第 19 行.
SQL: SELECT * FROM `cloud_page` WHERE ( type_id=3 ) ORDER BY sort desc LIMIT 10   [ RunTime:0.000119s ]
NOTIC: [8] Use of undefined constant id - assumed 'id' /www/wwwroot/yun.jridc.com/Cloud/Runtime/Cache/Home/5e2a4dc739e7e5b8ddd8f24aa6ee4363.php 第 34 行.
NOTIC: [8] Use of undefined constant id - assumed 'id' /www/wwwroot/yun.jridc.com/Cloud/Runtime/Cache/Home/5e2a4dc739e7e5b8ddd8f24aa6ee4363.php 第 34 行.
NOTIC: [8] Use of undefined constant id - assumed 'id' /www/wwwroot/yun.jridc.com/Cloud/Runtime/Cache/Home/5e2a4dc739e7e5b8ddd8f24aa6ee4363.php 第 34 行.
NOTIC: [8] Use of undefined constant id - assumed 'id' /www/wwwroot/yun.jridc.com/Cloud/Runtime/Cache/Home/5e2a4dc739e7e5b8ddd8f24aa6ee4363.php 第 34 行.
SQL: SELECT * FROM `cloud_page` WHERE ( type_id=2 ) ORDER BY sort desc LIMIT 10   [ RunTime:0.000062s ]
NOTIC: [8] Use of undefined constant id - assumed 'id' /www/wwwroot/yun.jridc.com/Cloud/Runtime/Cache/Home/5e2a4dc739e7e5b8ddd8f24aa6ee4363.php 第 46 行.
NOTIC: [8] Use of undefined constant id - assumed 'id' /www/wwwroot/yun.jridc.com/Cloud/Runtime/Cache/Home/5e2a4dc739e7e5b8ddd8f24aa6ee4363.php 第 46 行.
NOTIC: [8] Use of undefined constant id - assumed 'id' /www/wwwroot/yun.jridc.com/Cloud/Runtime/Cache/Home/5e2a4dc739e7e5b8ddd8f24aa6ee4363.php 第 46 行.
SQL: SELECT * FROM `cloud_page` WHERE ( type_id=1 ) ORDER BY sort desc LIMIT 10   [ RunTime:0.000065s ]
NOTIC: [8] Use of undefined constant id - assumed 'id' /www/wwwroot/yun.jridc.com/Cloud/Runtime/Cache/Home/5e2a4dc739e7e5b8ddd8f24aa6ee4363.php 第 60 行.
NOTIC: [8] Use of undefined constant id - assumed 'id' /www/wwwroot/yun.jridc.com/Cloud/Runtime/Cache/Home/5e2a4dc739e7e5b8ddd8f24aa6ee4363.php 第 60 行.
NOTIC: [8] Use of undefined constant id - assumed 'id' /www/wwwroot/yun.jridc.com/Cloud/Runtime/Cache/Home/5e2a4dc739e7e5b8ddd8f24aa6ee4363.php 第 60 行.
NOTIC: [8] Use of undefined constant id - assumed 'id' /www/wwwroot/yun.jridc.com/Cloud/Runtime/Cache/Home/5e2a4dc739e7e5b8ddd8f24aa6ee4363.php 第 60 行.
INFO: ParseTemplate Behavior ::run [ RunTime:0.011872s ]
INFO: [ view_parse ] --END-- [ RunTime:0.011934s ]
INFO: [ view_filter ] --START--
INFO: ContentReplace Behavior ::run [ RunTime:0.000259s ]
INFO: TokenBuild Behavior ::run [ RunTime:0.000206s ]
INFO: WriteHtmlCache Behavior ::run [ RunTime:0.000165s ]
INFO: ShowRuntime Behavior ::run [ RunTime:0.000245s ]
INFO: [ view_filter ] --END-- [ RunTime:0.000966s ]
INFO: [ view_end ] --START--
INFO: ShowPageTrace Behavior ::run [ RunTime:0.000329s ]
INFO: [ view_end ] --END-- [ RunTime:0.000362s ]

[ 2019-02-13T02:31:35+08:00 ] 120.79.198.197 /index.php/home/cloud/buy.html
INFO: [ route_check ] --START--
INFO: CheckRoute Behavior ::run [ RunTime:0.000424s ]
INFO: [ route_check ] --END-- [ RunTime:0.000496s ]
NOTIC: [2] stripslashes() expects exactly 1 parameter, 2 given /www/wwwroot/yun.jridc.com/ThinkPHP/Lib/Core/App.class.php 第 57 行.
NOTIC: [2] stripslashes() expects exactly 1 parameter, 2 given /www/wwwroot/yun.jridc.com/ThinkPHP/Lib/Core/App.class.php 第 57 行.
NOTIC: [2] stripslashes() expects exactly 1 parameter, 2 given /www/wwwroot/yun.jridc.com/ThinkPHP/Lib/Core/App.class.php 第 57 行.
INFO: [ app_begin ] --START--
INFO: ReadHtmlCache Behavior ::run [ RunTime:0.000306s ]
INFO: [ app_begin ] --END-- [ RunTime:0.000336s ]
SQL: SHOW COLUMNS FROM `cloud_config` [ RunTime:0.000560s ]
SQL: SELECT `c_key`,`c_value` FROM `cloud_config` WHERE ( `c_module` = 'WEBSITE' )  [ RunTime:0.000052s ]
SQL: SHOW COLUMNS FROM `cloud_cloud` [ RunTime:0.000596s ]
SQL: SHOW COLUMNS FROM `cloud_cloud_product` [ RunTime:0.000496s ]
SQL: SELECT `iptype` FROM `cloud_cloud_product` WHERE ( `status` = 1 )  [ RunTime:0.000049s ]
NOTIC: [8] Undefined index: uid /www/wwwroot/yun.jridc.com/Cloud/Lib/Action/Home/CloudAction.class.php 第 13 行.
INFO: [ view_parse ] --START--
NOTIC: [8] Undefined index: field /www/wwwroot/yun.jridc.com/Cloud/Lib/TagLib/TagLibCloud.class.php 第 14 行.
NOTIC: [8] Undefined index: field /www/wwwroot/yun.jridc.com/Cloud/Lib/TagLib/TagLibCloud.class.php 第 14 行.
NOTIC: [8] Undefined index: field /www/wwwroot/yun.jridc.com/Cloud/Lib/TagLib/TagLibCloud.class.php 第 14 行.
NOTIC: [8] Undefined index: field /www/wwwroot/yun.jridc.com/Cloud/Lib/TagLib/TagLibCloud.class.php 第 14 行.
NOTIC: [8] Undefined variable: data /www/wwwroot/yun.jridc.com/Cloud/Runtime/Cache/Home/f9bddac7c59f9cf621e040a3844c6b2c.php 第 8 行.
NOTIC: [8] Undefined variable: data /www/wwwroot/yun.jridc.com/Cloud/Runtime/Cache/Home/f9bddac7c59f9cf621e040a3844c6b2c.php 第 9 行.
NOTIC: [8] Undefined index: uid /www/wwwroot/yun.jridc.com/Cloud/Runtime/Cache/Home/f9bddac7c59f9cf621e040a3844c6b2c.php 第 24 行.
SQL: SHOW COLUMNS FROM `cloud_page` [ RunTime:0.000544s ]
SQL: SELECT * FROM `cloud_page` WHERE ( type_id=3 ) ORDER BY sort desc LIMIT 10   [ RunTime:0.000051s ]
NOTIC: [8] Use of undefined constant id - assumed 'id' /www/wwwroot/yun.jridc.com/Cloud/Runtime/Cache/Home/f9bddac7c59f9cf621e040a3844c6b2c.php 第 39 行.
NOTIC: [8] Use of undefined constant id - assumed 'id' /www/wwwroot/yun.jridc.com/Cloud/Runtime/Cache/Home/f9bddac7c59f9cf621e040a3844c6b2c.php 第 39 行.
NOTIC: [8] Use of undefined constant id - assumed 'id' /www/wwwroot/yun.jridc.com/Cloud/Runtime/Cache/Home/f9bddac7c59f9cf621e040a3844c6b2c.php 第 39 行.
NOTIC: [8] Use of undefined constant id - assumed 'id' /www/wwwroot/yun.jridc.com/Cloud/Runtime/Cache/Home/f9bddac7c59f9cf621e040a3844c6b2c.php 第 39 行.
SQL: SELECT * FROM `cloud_page` WHERE ( type_id=2 ) ORDER BY sort desc LIMIT 10   [ RunTime:0.000057s ]
NOTIC: [8] Use of undefined constant id - assumed 'id' /www/wwwroot/yun.jridc.com/Cloud/Runtime/Cache/Home/f9bddac7c59f9cf621e040a3844c6b2c.php 第 51 行.
NOTIC: [8] Use of undefined constant id - assumed 'id' /www/wwwroot/yun.jridc.com/Cloud/Runtime/Cache/Home/f9bddac7c59f9cf621e040a3844c6b2c.php 第 51 行.
NOTIC: [8] Use of undefined constant id - assumed 'id' /www/wwwroot/yun.jridc.com/Cloud/Runtime/Cache/Home/f9bddac7c59f9cf621e040a3844c6b2c.php 第 51 行.
SQL: SELECT * FROM `cloud_page` WHERE ( type_id=1 ) ORDER BY sort desc LIMIT 10   [ RunTime:0.000078s ]
NOTIC: [8] Use of undefined constant id - assumed 'id' /www/wwwroot/yun.jridc.com/Cloud/Runtime/Cache/Home/f9bddac7c59f9cf621e040a3844c6b2c.php 第 65 行.
NOTIC: [8] Use of undefined constant id - assumed 'id' /www/wwwroot/yun.jridc.com/Cloud/Runtime/Cache/Home/f9bddac7c59f9cf621e040a3844c6b2c.php 第 65 行.
NOTIC: [8] Use of undefined constant id - assumed 'id' /www/wwwroot/yun.jridc.com/Cloud/Runtime/Cache/Home/f9bddac7c59f9cf621e040a3844c6b2c.php 第 65 行.
NOTIC: [8] Use of undefined constant id - assumed 'id' /www/wwwroot/yun.jridc.com/Cloud/Runtime/Cache/Home/f9bddac7c59f9cf621e040a3844c6b2c.php 第 65 行.
SQL: SELECT * FROM `cloud_page` WHERE ( type_id=3 ) ORDER BY sort desc LIMIT 10   [ RunTime:0.000047s ]
NOTIC: [8] Use of undefined constant id - assumed 'id' /www/wwwroot/yun.jridc.com/Cloud/Runtime/Cache/Home/f9bddac7c59f9cf621e040a3844c6b2c.php 第 88 行.
NOTIC: [8] Use of undefined constant id - assumed 'id' /www/wwwroot/yun.jridc.com/Cloud/Runtime/Cache/Home/f9bddac7c59f9cf621e040a3844c6b2c.php 第 88 行.
NOTIC: [8] Use of undefined constant id - assumed 'id' /www/wwwroot/yun.jridc.com/Cloud/Runtime/Cache/Home/f9bddac7c59f9cf621e040a3844c6b2c.php 第 88 行.
NOTIC: [8] Use of undefined constant id - assumed 'id' /www/wwwroot/yun.jridc.com/Cloud/Runtime/Cache/Home/f9bddac7c59f9cf621e040a3844c6b2c.php 第 88 行.
NOTIC: [8] Use of undefined constant ipdefalt - assumed 'ipdefalt' /www/wwwroot/yun.jridc.com/Cloud/Runtime/Cache/Home/f9bddac7c59f9cf621e040a3844c6b2c.php 第 107 行.
NOTIC: [8] Use of undefined constant ipdefalt - assumed 'ipdefalt' /www/wwwroot/yun.jridc.com/Cloud/Runtime/Cache/Home/f9bddac7c59f9cf621e040a3844c6b2c.php 第 107 行.
NOTIC: [8] Use of undefined constant ipdefalt - assumed 'ipdefalt' /www/wwwroot/yun.jridc.com/Cloud/Runtime/Cache/Home/f9bddac7c59f9cf621e040a3844c6b2c.php 第 107 行.
INFO: ParseTemplate Behavior ::run [ RunTime:0.014102s ]
INFO: [ view_parse ] --END-- [ RunTime:0.014139s ]
INFO: [ view_filter ] --START--
INFO: ContentReplace Behavior ::run [ RunTime:0.000302s ]
INFO: TokenBuild Behavior ::run [ RunTime:0.000206s ]
INFO: WriteHtmlCache Behavior ::run [ RunTime:0.000147s ]
INFO: ShowRuntime Behavior ::run [ RunTime:0.000236s ]
INFO: [ view_filter ] --END-- [ RunTime:0.000981s ]
INFO: [ view_end ] --START--
INFO: ShowPageTrace Behavior ::run [ RunTime:0.000335s ]
INFO: [ view_end ] --END-- [ RunTime:0.000366s ]

[ 2019-02-13T08:30:07+08:00 ] 120.79.162.215 /
INFO: [ app_begin ] --START--
INFO: ReadHtmlCache Behavior ::run [ RunTime:0.000321s ]
INFO: [ app_begin ] --END-- [ RunTime:0.000388s ]
SQL: SHOW COLUMNS FROM `cloud_config` [ RunTime:0.000545s ]
SQL: SELECT `c_key`,`c_value` FROM `cloud_config` WHERE ( `c_module` = 'WEBSITE' )  [ RunTime:0.000052s ]
INFO: [ view_parse ] --START--
NOTIC: [8] Undefined index: field /www/wwwroot/yun.jridc.com/Cloud/Lib/TagLib/TagLibCloud.class.php 第 14 行.
NOTIC: [8] Undefined index: field /www/wwwroot/yun.jridc.com/Cloud/Lib/TagLib/TagLibCloud.class.php 第 14 行.
NOTIC: [8] Undefined index: field /www/wwwroot/yun.jridc.com/Cloud/Lib/TagLib/TagLibCloud.class.php 第 14 行.
NOTIC: [8] Undefined index: uid /www/wwwroot/yun.jridc.com/Cloud/Runtime/Cache/Home/1b02bb37aaf4d696e544a9167d94e637.php 第 21 行.
SQL: SHOW COLUMNS FROM `cloud_page` [ RunTime:0.000581s ]
SQL: SELECT * FROM `cloud_page` WHERE ( type_id=3 ) ORDER BY sort desc LIMIT 10   [ RunTime:0.000070s ]
NOTIC: [8] Use of undefined constant id - assumed 'id' /www/wwwroot/yun.jridc.com/Cloud/Runtime/Cache/Home/1b02bb37aaf4d696e544a9167d94e637.php 第 36 行.
NOTIC: [8] Use of undefined constant id - assumed 'id' /www/wwwroot/yun.jridc.com/Cloud/Runtime/Cache/Home/1b02bb37aaf4d696e544a9167d94e637.php 第 36 行.
NOTIC: [8] Use of undefined constant id - assumed 'id' /www/wwwroot/yun.jridc.com/Cloud/Runtime/Cache/Home/1b02bb37aaf4d696e544a9167d94e637.php 第 36 行.
NOTIC: [8] Use of undefined constant id - assumed 'id' /www/wwwroot/yun.jridc.com/Cloud/Runtime/Cache/Home/1b02bb37aaf4d696e544a9167d94e637.php 第 36 行.
SQL: SELECT * FROM `cloud_page` WHERE ( type_id=2 ) ORDER BY sort desc LIMIT 10   [ RunTime:0.000064s ]
NOTIC: [8] Use of undefined constant id - assumed 'id' /www/wwwroot/yun.jridc.com/Cloud/Runtime/Cache/Home/1b02bb37aaf4d696e544a9167d94e637.php 第 48 行.
NOTIC: [8] Use of undefined constant id - assumed 'id' /www/wwwroot/yun.jridc.com/Cloud/Runtime/Cache/Home/1b02bb37aaf4d696e544a9167d94e637.php 第 48 行.
NOTIC: [8] Use of undefined constant id - assumed 'id' /www/wwwroot/yun.jridc.com/Cloud/Runtime/Cache/Home/1b02bb37aaf4d696e544a9167d94e637.php 第 48 行.
SQL: SELECT * FROM `cloud_page` WHERE ( type_id=1 ) ORDER BY sort desc LIMIT 10   [ RunTime:0.000075s ]
NOTIC: [8] Use of undefined constant id - assumed 'id' /www/wwwroot/yun.jridc.com/Cloud/Runtime/Cache/Home/1b02bb37aaf4d696e544a9167d94e637.php 第 62 行.
NOTIC: [8] Use of undefined constant id - assumed 'id' /www/wwwroot/yun.jridc.com/Cloud/Runtime/Cache/Home/1b02bb37aaf4d696e544a9167d94e637.php 第 62 行.
NOTIC: [8] Use of undefined constant id - assumed 'id' /www/wwwroot/yun.jridc.com/Cloud/Runtime/Cache/Home/1b02bb37aaf4d696e544a9167d94e637.php 第 62 行.
NOTIC: [8] Use of undefined constant id - assumed 'id' /www/wwwroot/yun.jridc.com/Cloud/Runtime/Cache/Home/1b02bb37aaf4d696e544a9167d94e637.php 第 62 行.
INFO: ParseTemplate Behavior ::run [ RunTime:0.012100s ]
INFO: [ view_parse ] --END-- [ RunTime:0.012157s ]
INFO: [ view_filter ] --START--
INFO: ContentReplace Behavior ::run [ RunTime:0.000281s ]
INFO: TokenBuild Behavior ::run [ RunTime:0.000211s ]
INFO: WriteHtmlCache Behavior ::run [ RunTime:0.000161s ]
INFO: ShowRuntime Behavior ::run [ RunTime:0.000267s ]
INFO: [ view_filter ] --END-- [ RunTime:0.001016s ]
INFO: [ view_end ] --START--
INFO: ShowPageTrace Behavior ::run [ RunTime:0.000324s ]
INFO: [ view_end ] --END-- [ RunTime:0.000356s ]

[ 2019-02-13T09:43:16+08:00 ] 222.187.222.56 /
INFO: [ app_begin ] --START--
INFO: ReadHtmlCache Behavior ::run [ RunTime:0.000353s ]
INFO: [ app_begin ] --END-- [ RunTime:0.000413s ]
SQL: SHOW COLUMNS FROM `cloud_config` [ RunTime:0.000672s ]
SQL: SELECT `c_key`,`c_value` FROM `cloud_config` WHERE ( `c_module` = 'WEBSITE' )  [ RunTime:0.000064s ]
INFO: [ view_parse ] --START--
NOTIC: [8] Undefined index: field /www/wwwroot/yun.jridc.com/Cloud/Lib/TagLib/TagLibCloud.class.php 第 14 行.
NOTIC: [8] Undefined index: field /www/wwwroot/yun.jridc.com/Cloud/Lib/TagLib/TagLibCloud.class.php 第 14 行.
NOTIC: [8] Undefined index: field /www/wwwroot/yun.jridc.com/Cloud/Lib/TagLib/TagLibCloud.class.php 第 14 行.
NOTIC: [8] Undefined index: uid /www/wwwroot/yun.jridc.com/Cloud/Runtime/Cache/Home/1b02bb37aaf4d696e544a9167d94e637.php 第 21 行.
SQL: SHOW COLUMNS FROM `cloud_page` [ RunTime:0.000714s ]
SQL: SELECT * FROM `cloud_page` WHERE ( type_id=3 ) ORDER BY sort desc LIMIT 10   [ RunTime:0.000066s ]
NOTIC: [8] Use of undefined constant id - assumed 'id' /www/wwwroot/yun.jridc.com/Cloud/Runtime/Cache/Home/1b02bb37aaf4d696e544a9167d94e637.php 第 36 行.
NOTIC: [8] Use of undefined constant id - assumed 'id' /www/wwwroot/yun.jridc.com/Cloud/Runtime/Cache/Home/1b02bb37aaf4d696e544a9167d94e637.php 第 36 行.
NOTIC: [8] Use of undefined constant id - assumed 'id' /www/wwwroot/yun.jridc.com/Cloud/Runtime/Cache/Home/1b02bb37aaf4d696e544a9167d94e637.php 第 36 行.
NOTIC: [8] Use of undefined constant id - assumed 'id' /www/wwwroot/yun.jridc.com/Cloud/Runtime/Cache/Home/1b02bb37aaf4d696e544a9167d94e637.php 第 36 行.
SQL: SELECT * FROM `cloud_page` WHERE ( type_id=2 ) ORDER BY sort desc LIMIT 10   [ RunTime:0.000076s ]
NOTIC: [8] Use of undefined constant id - assumed 'id' /www/wwwroot/yun.jridc.com/Cloud/Runtime/Cache/Home/1b02bb37aaf4d696e544a9167d94e637.php 第 48 行.
NOTIC: [8] Use of undefined constant id - assumed 'id' /www/wwwroot/yun.jridc.com/Cloud/Runtime/Cache/Home/1b02bb37aaf4d696e544a9167d94e637.php 第 48 行.
NOTIC: [8] Use of undefined constant id - assumed 'id' /www/wwwroot/yun.jridc.com/Cloud/Runtime/Cache/Home/1b02bb37aaf4d696e544a9167d94e637.php 第 48 行.
SQL: SELECT * FROM `cloud_page` WHERE ( type_id=1 ) ORDER BY sort desc LIMIT 10   [ RunTime:0.000083s ]
NOTIC: [8] Use of undefined constant id - assumed 'id' /www/wwwroot/yun.jridc.com/Cloud/Runtime/Cache/Home/1b02bb37aaf4d696e544a9167d94e637.php 第 62 行.
NOTIC: [8] Use of undefined constant id - assumed 'id' /www/wwwroot/yun.jridc.com/Cloud/Runtime/Cache/Home/1b02bb37aaf4d696e544a9167d94e637.php 第 62 行.
NOTIC: [8] Use of undefined constant id - assumed 'id' /www/wwwroot/yun.jridc.com/Cloud/Runtime/Cache/Home/1b02bb37aaf4d696e544a9167d94e637.php 第 62 行.
NOTIC: [8] Use of undefined constant id - assumed 'id' /www/wwwroot/yun.jridc.com/Cloud/Runtime/Cache/Home/1b02bb37aaf4d696e544a9167d94e637.php 第 62 行.
INFO: ParseTemplate Behavior ::run [ RunTime:0.013995s ]
INFO: [ view_parse ] --END-- [ RunTime:0.014051s ]
INFO: [ view_filter ] --START--
INFO: ContentReplace Behavior ::run [ RunTime:0.000426s ]
INFO: TokenBuild Behavior ::run [ RunTime:0.000274s ]
INFO: WriteHtmlCache Behavior ::run [ RunTime:0.000212s ]
INFO: ShowRuntime Behavior ::run [ RunTime:0.000320s ]
INFO: [ view_filter ] --END-- [ RunTime:0.001358s ]
INFO: [ view_end ] --START--
INFO: ShowPageTrace Behavior ::run [ RunTime:0.000482s ]
INFO: [ view_end ] --END-- [ RunTime:0.000530s ]

[ 2019-02-13T10:32:47+08:00 ] 117.95.207.100 /
INFO: [ app_begin ] --START--
INFO: ReadHtmlCache Behavior ::run [ RunTime:0.000301s ]
INFO: [ app_begin ] --END-- [ RunTime:0.000364s ]
SQL: SHOW COLUMNS FROM `cloud_config` [ RunTime:0.000582s ]
SQL: SELECT `c_key`,`c_value` FROM `cloud_config` WHERE ( `c_module` = 'WEBSITE' )  [ RunTime:0.000052s ]
INFO: [ view_parse ] --START--
NOTIC: [8] Undefined index: field /www/wwwroot/yun.jridc.com/Cloud/Lib/TagLib/TagLibCloud.class.php 第 14 行.
NOTIC: [8] Undefined index: field /www/wwwroot/yun.jridc.com/Cloud/Lib/TagLib/TagLibCloud.class.php 第 14 行.
NOTIC: [8] Undefined index: field /www/wwwroot/yun.jridc.com/Cloud/Lib/TagLib/TagLibCloud.class.php 第 14 行.
NOTIC: [8] Undefined index: uid /www/wwwroot/yun.jridc.com/Cloud/Runtime/Cache/Home/1b02bb37aaf4d696e544a9167d94e637.php 第 21 行.
SQL: SHOW COLUMNS FROM `cloud_page` [ RunTime:0.000496s ]
SQL: SELECT * FROM `cloud_page` WHERE ( type_id=3 ) ORDER BY sort desc LIMIT 10   [ RunTime:0.000054s ]
NOTIC: [8] Use of undefined constant id - assumed 'id' /www/wwwroot/yun.jridc.com/Cloud/Runtime/Cache/Home/1b02bb37aaf4d696e544a9167d94e637.php 第 36 行.
NOTIC: [8] Use of undefined constant id - assumed 'id' /www/wwwroot/yun.jridc.com/Cloud/Runtime/Cache/Home/1b02bb37aaf4d696e544a9167d94e637.php 第 36 行.
NOTIC: [8] Use of undefined constant id - assumed 'id' /www/wwwroot/yun.jridc.com/Cloud/Runtime/Cache/Home/1b02bb37aaf4d696e544a9167d94e637.php 第 36 行.
NOTIC: [8] Use of undefined constant id - assumed 'id' /www/wwwroot/yun.jridc.com/Cloud/Runtime/Cache/Home/1b02bb37aaf4d696e544a9167d94e637.php 第 36 行.
SQL: SELECT * FROM `cloud_page` WHERE ( type_id=2 ) ORDER BY sort desc LIMIT 10   [ RunTime:0.000062s ]
NOTIC: [8] Use of undefined constant id - assumed 'id' /www/wwwroot/yun.jridc.com/Cloud/Runtime/Cache/Home/1b02bb37aaf4d696e544a9167d94e637.php 第 48 行.
NOTIC: [8] Use of undefined constant id - assumed 'id' /www/wwwroot/yun.jridc.com/Cloud/Runtime/Cache/Home/1b02bb37aaf4d696e544a9167d94e637.php 第 48 行.
NOTIC: [8] Use of undefined constant id - assumed 'id' /www/wwwroot/yun.jridc.com/Cloud/Runtime/Cache/Home/1b02bb37aaf4d696e544a9167d94e637.php 第 48 行.
SQL: SELECT * FROM `cloud_page` WHERE ( type_id=1 ) ORDER BY sort desc LIMIT 10   [ RunTime:0.000063s ]
NOTIC: [8] Use of undefined constant id - assumed 'id' /www/wwwroot/yun.jridc.com/Cloud/Runtime/Cache/Home/1b02bb37aaf4d696e544a9167d94e637.php 第 62 行.
NOTIC: [8] Use of undefined constant id - assumed 'id' /www/wwwroot/yun.jridc.com/Cloud/Runtime/Cache/Home/1b02bb37aaf4d696e544a9167d94e637.php 第 62 行.
NOTIC: [8] Use of undefined constant id - assumed 'id' /www/wwwroot/yun.jridc.com/Cloud/Runtime/Cache/Home/1b02bb37aaf4d696e544a9167d94e637.php 第 62 行.
NOTIC: [8] Use of undefined constant id - assumed 'id' /www/wwwroot/yun.jridc.com/Cloud/Runtime/Cache/Home/1b02bb37aaf4d696e544a9167d94e637.php 第 62 行.
INFO: ParseTemplate Behavior ::run [ RunTime:0.011209s ]
INFO: [ view_parse ] --END-- [ RunTime:0.011246s ]
INFO: [ view_filter ] --START--
INFO: ContentReplace Behavior ::run [ RunTime:0.000238s ]
INFO: TokenBuild Behavior ::run [ RunTime:0.000198s ]
INFO: WriteHtmlCache Behavior ::run [ RunTime:0.000136s ]
INFO: ShowRuntime Behavior ::run [ RunTime:0.000260s ]
INFO: [ view_filter ] --END-- [ RunTime:0.000923s ]
INFO: [ view_end ] --START--
INFO: ShowPageTrace Behavior ::run [ RunTime:0.000327s ]
INFO: [ view_end ] --END-- [ RunTime:0.000359s ]

[ 2019-02-13T15:20:57+08:00 ] 106.120.173.115 /robots.txt
INFO: [ route_check ] --START--
INFO: CheckRoute Behavior ::run [ RunTime:0.000669s ]
INFO: [ route_check ] --END-- [ RunTime:0.000785s ]
NOTIC: [2] stripslashes() expects exactly 1 parameter, 2 given /www/wwwroot/yun.jridc.com/ThinkPHP/Lib/Core/App.class.php 第 57 行.
INFO: [ app_begin ] --START--
INFO: ReadHtmlCache Behavior ::run [ RunTime:0.000453s ]
INFO: [ app_begin ] --END-- [ RunTime:0.000536s ]
NOTIC: [8] Undefined variable: group /www/wwwroot/yun.jridc.com/ThinkPHP/Lib/Core/App.class.php 第 102 行.
ERR: 无法加载模块:Robots.txt

[ 2019-02-13T15:24:11+08:00 ] 106.120.173.115 /index.php/home/page/show/id/1.html
INFO: [ route_check ] --START--
INFO: CheckRoute Behavior ::run [ RunTime:0.000479s ]
INFO: [ route_check ] --END-- [ RunTime:0.000550s ]
NOTIC: [2] stripslashes() expects exactly 1 parameter, 2 given /www/wwwroot/yun.jridc.com/ThinkPHP/Lib/Core/App.class.php 第 57 行.
NOTIC: [2] stripslashes() expects exactly 1 parameter, 2 given /www/wwwroot/yun.jridc.com/ThinkPHP/Lib/Core/App.class.php 第 57 行.
NOTIC: [2] stripslashes() expects exactly 1 parameter, 2 given /www/wwwroot/yun.jridc.com/ThinkPHP/Lib/Core/App.class.php 第 57 行.
NOTIC: [2] stripslashes() expects exactly 1 parameter, 2 given /www/wwwroot/yun.jridc.com/ThinkPHP/Lib/Core/App.class.php 第 57 行.
NOTIC: [2] stripslashes() expects exactly 1 parameter, 2 given /www/wwwroot/yun.jridc.com/ThinkPHP/Lib/Core/App.class.php 第 57 行.
NOTIC: [2] stripslashes() expects exactly 1 parameter, 2 given /www/wwwroot/yun.jridc.com/ThinkPHP/Lib/Core/App.class.php 第 57 行.
INFO: [ app_begin ] --START--
INFO: ReadHtmlCache Behavior ::run [ RunTime:0.000313s ]
INFO: [ app_begin ] --END-- [ RunTime:0.000348s ]
NOTIC: [2048] Declaration of PageAction::show() should be compatible with Action::show($content, $charset = '', $contentType = '', $prefix = '') /www/wwwroot/yun.jridc.com/Cloud/Lib/Action/Home/PageAction.class.php 第 2 行.
SQL: SHOW COLUMNS FROM `cloud_config` [ RunTime:0.000600s ]
SQL: SELECT `c_key`,`c_value` FROM `cloud_config` WHERE ( `c_module` = 'WEBSITE' )  [ RunTime:0.000096s ]
NOTIC: 建议使用I方法替代_get
NOTIC: [2] stripslashes() expects exactly 1 parameter, 2 given /www/wwwroot/yun.jridc.com/ThinkPHP/Common/common.php 第 109 行.
NOTIC: [2] stripslashes() expects exactly 1 parameter, 2 given /www/wwwroot/yun.jridc.com/ThinkPHP/Common/common.php 第 109 行.
NOTIC: [2] stripslashes() expects exactly 1 parameter, 2 given /www/wwwroot/yun.jridc.com/ThinkPHP/Common/common.php 第 109 行.
NOTIC: [2] stripslashes() expects exactly 1 parameter, 2 given /www/wwwroot/yun.jridc.com/ThinkPHP/Common/common.php 第 109 行.
NOTIC: [2] stripslashes() expects exactly 1 parameter, 2 given /www/wwwroot/yun.jridc.com/ThinkPHP/Common/common.php 第 109 行.
NOTIC: [2] stripslashes() expects exactly 1 parameter, 2 given /www/wwwroot/yun.jridc.com/ThinkPHP/Common/common.php 第 109 行.
SQL: SHOW COLUMNS FROM `cloud_page` [ RunTime:0.000420s ]
SQL: SELECT * FROM `cloud_page` WHERE ( id =1 ) LIMIT 1   [ RunTime:0.000092s ]
INFO: [ view_parse ] --START--
NOTIC: [8] Undefined index: field /www/wwwroot/yun.jridc.com/Cloud/Lib/TagLib/TagLibCloud.class.php 第 14 行.
NOTIC: [8] Undefined index: field /www/wwwroot/yun.jridc.com/Cloud/Lib/TagLib/TagLibCloud.class.php 第 14 行.
NOTIC: [8] Undefined index: field /www/wwwroot/yun.jridc.com/Cloud/Lib/TagLib/TagLibCloud.class.php 第 14 行.
NOTIC: [8] Undefined index: field /www/wwwroot/yun.jridc.com/Cloud/Lib/TagLib/TagLibCloud.class.php 第 14 行.
NOTIC: [8] Undefined index: field /www/wwwroot/yun.jridc.com/Cloud/Lib/TagLib/TagLibCloud.class.php 第 14 行.
NOTIC: [8] Undefined index: field /www/wwwroot/yun.jridc.com/Cloud/Lib/TagLib/TagLibCloud.class.php 第 14 行.
NOTIC: [8] Undefined index: uid /www/wwwroot/yun.jridc.com/Cloud/Runtime/Cache/Home/7ff62ca4f22f7123aed617eeb51b2168.php 第 19 行.
SQL: SELECT * FROM `cloud_page` WHERE ( type_id=3 ) ORDER BY sort desc LIMIT 10   [ RunTime:0.000135s ]
NOTIC: [8] Use of undefined constant id - assumed 'id' /www/wwwroot/yun.jridc.com/Cloud/Runtime/Cache/Home/7ff62ca4f22f7123aed617eeb51b2168.php 第 34 行.
NOTIC: [8] Use of undefined constant id - assumed 'id' /www/wwwroot/yun.jridc.com/Cloud/Runtime/Cache/Home/7ff62ca4f22f7123aed617eeb51b2168.php 第 34 行.
NOTIC: [8] Use of undefined constant id - assumed 'id' /www/wwwroot/yun.jridc.com/Cloud/Runtime/Cache/Home/7ff62ca4f22f7123aed617eeb51b2168.php 第 34 行.
NOTIC: [8] Use of undefined constant id - assumed 'id' /www/wwwroot/yun.jridc.com/Cloud/Runtime/Cache/Home/7ff62ca4f22f7123aed617eeb51b2168.php 第 34 行.
SQL: SELECT * FROM `cloud_page` WHERE ( type_id=2 ) ORDER BY sort desc LIMIT 10   [ RunTime:0.000082s ]
NOTIC: [8] Use of undefined constant id - assumed 'id' /www/wwwroot/yun.jridc.com/Cloud/Runtime/Cache/Home/7ff62ca4f22f7123aed617eeb51b2168.php 第 46 行.
NOTIC: [8] Use of undefined constant id - assumed 'id' /www/wwwroot/yun.jridc.com/Cloud/Runtime/Cache/Home/7ff62ca4f22f7123aed617eeb51b2168.php 第 46 行.
NOTIC: [8] Use of undefined constant id - assumed 'id' /www/wwwroot/yun.jridc.com/Cloud/Runtime/Cache/Home/7ff62ca4f22f7123aed617eeb51b2168.php 第 46 行.
SQL: SELECT * FROM `cloud_page` WHERE ( type_id=1 ) ORDER BY sort desc LIMIT 10   [ RunTime:0.000109s ]
NOTIC: [8] Use of undefined constant id - assumed 'id' /www/wwwroot/yun.jridc.com/Cloud/Runtime/Cache/Home/7ff62ca4f22f7123aed617eeb51b2168.php 第 60 行.
NOTIC: [8] Use of undefined constant id - assumed 'id' /www/wwwroot/yun.jridc.com/Cloud/Runtime/Cache/Home/7ff62ca4f22f7123aed617eeb51b2168.php 第 60 行.
NOTIC: [8] Use of undefined constant id - assumed 'id' /www/wwwroot/yun.jridc.com/Cloud/Runtime/Cache/Home/7ff62ca4f22f7123aed617eeb51b2168.php 第 60 行.
NOTIC: [8] Use of undefined constant id - assumed 'id' /www/wwwroot/yun.jridc.com/Cloud/Runtime/Cache/Home/7ff62ca4f22f7123aed617eeb51b2168.php 第 60 行.
NOTIC: [8] Use of undefined constant type_id - assumed 'type_id' /www/wwwroot/yun.jridc.com/Cloud/Runtime/Cache/Home/7ff62ca4f22f7123aed617eeb51b2168.php 第 75 行.
SQL: SELECT * FROM `cloud_page` WHERE ( type_id=1 ) ORDER BY sort desc LIMIT 10   [ RunTime:0.000085s ]
NOTIC: [8] Use of undefined constant id - assumed 'id' /www/wwwroot/yun.jridc.com/Cloud/Runtime/Cache/Home/7ff62ca4f22f7123aed617eeb51b2168.php 第 80 行.
NOTIC: [8] Use of undefined constant id - assumed 'id' /www/wwwroot/yun.jridc.com/Cloud/Runtime/Cache/Home/7ff62ca4f22f7123aed617eeb51b2168.php 第 80 行.
NOTIC: [8] Use of undefined constant id - assumed 'id' /www/wwwroot/yun.jridc.com/Cloud/Runtime/Cache/Home/7ff62ca4f22f7123aed617eeb51b2168.php 第 80 行.
NOTIC: [8] Use of undefined constant id - assumed 'id' /www/wwwroot/yun.jridc.com/Cloud/Runtime/Cache/Home/7ff62ca4f22f7123aed617eeb51b2168.php 第 80 行.
NOTIC: [8] Use of undefined constant type_id - assumed 'type_id' /www/wwwroot/yun.jridc.com/Cloud/Runtime/Cache/Home/7ff62ca4f22f7123aed617eeb51b2168.php 第 84 行.
NOTIC: [8] Use of undefined constant type_id - assumed 'type_id' /www/wwwroot/yun.jridc.com/Cloud/Runtime/Cache/Home/7ff62ca4f22f7123aed617eeb51b2168.php 第 93 行.
INFO: ParseTemplate Behavior ::run [ RunTime:0.012588s ]
INFO: [ view_parse ] --END-- [ RunTime:0.012631s ]
INFO: [ view_filter ] --START--
INFO: ContentReplace Behavior ::run [ RunTime:0.000471s ]
INFO: TokenBuild Behavior ::run [ RunTime:0.000231s ]
INFO: WriteHtmlCache Behavior ::run [ RunTime:0.000170s ]
INFO: ShowRuntime Behavior ::run [ RunTime:0.000291s ]
INFO: [ view_filter ] --END-- [ RunTime:0.001264s ]
INFO: [ view_end ] --START--
INFO: ShowPageTrace Behavior ::run [ RunTime:0.000347s ]
INFO: [ view_end ] --END-- [ RunTime:0.000381s ]

[ 2019-02-13T15:24:14+08:00 ] 218.30.103.25 /robots.txt
INFO: [ route_check ] --START--
INFO: CheckRoute Behavior ::run [ RunTime:0.000664s ]
INFO: [ route_check ] --END-- [ RunTime:0.000881s ]
NOTIC: [2] stripslashes() expects exactly 1 parameter, 2 given /www/wwwroot/yun.jridc.com/ThinkPHP/Lib/Core/App.class.php 第 57 行.
INFO: [ app_begin ] --START--
INFO: ReadHtmlCache Behavior ::run [ RunTime:0.000314s ]
INFO: [ app_begin ] --END-- [ RunTime:0.000347s ]
NOTIC: [8] Undefined variable: group /www/wwwroot/yun.jridc.com/ThinkPHP/Lib/Core/App.class.php 第 102 行.
ERR: 无法加载模块:Robots.txt

[ 2019-02-13T15:45:27+08:00 ] 123.126.113.169 /robots.txt
INFO: [ route_check ] --START--
INFO: CheckRoute Behavior ::run [ RunTime:0.000456s ]
INFO: [ route_check ] --END-- [ RunTime:0.000521s ]
NOTIC: [2] stripslashes() expects exactly 1 parameter, 2 given /www/wwwroot/yun.jridc.com/ThinkPHP/Lib/Core/App.class.php 第 57 行.
INFO: [ app_begin ] --START--
INFO: ReadHtmlCache Behavior ::run [ RunTime:0.000301s ]
INFO: [ app_begin ] --END-- [ RunTime:0.000336s ]
NOTIC: [8] Undefined variable: group /www/wwwroot/yun.jridc.com/ThinkPHP/Lib/Core/App.class.php 第 102 行.
ERR: 无法加载模块:Robots.txt

[ 2019-02-13T15:45:40+08:00 ] 123.126.113.169 /index.php/home/page/show/id/1.html
INFO: [ route_check ] --START--
INFO: CheckRoute Behavior ::run [ RunTime:0.000492s ]
INFO: [ route_check ] --END-- [ RunTime:0.000561s ]
NOTIC: [2] stripslashes() expects exactly 1 parameter, 2 given /www/wwwroot/yun.jridc.com/ThinkPHP/Lib/Core/App.class.php 第 57 行.
NOTIC: [2] stripslashes() expects exactly 1 parameter, 2 given /www/wwwroot/yun.jridc.com/ThinkPHP/Lib/Core/App.class.php 第 57 行.
NOTIC: [2] stripslashes() expects exactly 1 parameter, 2 given /www/wwwroot/yun.jridc.com/ThinkPHP/Lib/Core/App.class.php 第 57 行.
NOTIC: [2] stripslashes() expects exactly 1 parameter, 2 given /www/wwwroot/yun.jridc.com/ThinkPHP/Lib/Core/App.class.php 第 57 行.
NOTIC: [2] stripslashes() expects exactly 1 parameter, 2 given /www/wwwroot/yun.jridc.com/ThinkPHP/Lib/Core/App.class.php 第 57 行.
NOTIC: [2] stripslashes() expects exactly 1 parameter, 2 given /www/wwwroot/yun.jridc.com/ThinkPHP/Lib/Core/App.class.php 第 57 行.
INFO: [ app_begin ] --START--
INFO: ReadHtmlCache Behavior ::run [ RunTime:0.000329s ]
INFO: [ app_begin ] --END-- [ RunTime:0.000362s ]
NOTIC: [2048] Declaration of PageAction::show() should be compatible with Action::show($content, $charset = '', $contentType = '', $prefix = '') /www/wwwroot/yun.jridc.com/Cloud/Lib/Action/Home/PageAction.class.php 第 2 行.
SQL: SHOW COLUMNS FROM `cloud_config` [ RunTime:0.000812s ]
SQL: SELECT `c_key`,`c_value` FROM `cloud_config` WHERE ( `c_module` = 'WEBSITE' )  [ RunTime:0.000073s ]
NOTIC: 建议使用I方法替代_get
NOTIC: [2] stripslashes() expects exactly 1 parameter, 2 given /www/wwwroot/yun.jridc.com/ThinkPHP/Common/common.php 第 109 行.
NOTIC: [2] stripslashes() expects exactly 1 parameter, 2 given /www/wwwroot/yun.jridc.com/ThinkPHP/Common/common.php 第 109 行.
NOTIC: [2] stripslashes() expects exactly 1 parameter, 2 given /www/wwwroot/yun.jridc.com/ThinkPHP/Common/common.php 第 109 行.
NOTIC: [2] stripslashes() expects exactly 1 parameter, 2 given /www/wwwroot/yun.jridc.com/ThinkPHP/Common/common.php 第 109 行.
NOTIC: [2] stripslashes() expects exactly 1 parameter, 2 given /www/wwwroot/yun.jridc.com/ThinkPHP/Common/common.php 第 109 行.
NOTIC: [2] stripslashes() expects exactly 1 parameter, 2 given /www/wwwroot/yun.jridc.com/ThinkPHP/Common/common.php 第 109 行.
SQL: SHOW COLUMNS FROM `cloud_page` [ RunTime:0.000378s ]
SQL: SELECT * FROM `cloud_page` WHERE ( id =1 ) LIMIT 1   [ RunTime:0.000078s ]
INFO: [ view_parse ] --START--
NOTIC: [8] Undefined index: field /www/wwwroot/yun.jridc.com/Cloud/Lib/TagLib/TagLibCloud.class.php 第 14 行.
NOTIC: [8] Undefined index: field /www/wwwroot/yun.jridc.com/Cloud/Lib/TagLib/TagLibCloud.class.php 第 14 行.
NOTIC: [8] Undefined index: field /www/wwwroot/yun.jridc.com/Cloud/Lib/TagLib/TagLibCloud.class.php 第 14 行.
NOTIC: [8] Undefined index: field /www/wwwroot/yun.jridc.com/Cloud/Lib/TagLib/TagLibCloud.class.php 第 14 行.
NOTIC: [8] Undefined index: field /www/wwwroot/yun.jridc.com/Cloud/Lib/TagLib/TagLibCloud.class.php 第 14 行.
NOTIC: [8] Undefined index: field /www/wwwroot/yun.jridc.com/Cloud/Lib/TagLib/TagLibCloud.class.php 第 14 行.
NOTIC: [8] Undefined index: uid /www/wwwroot/yun.jridc.com/Cloud/Runtime/Cache/Home/7ff62ca4f22f7123aed617eeb51b2168.php 第 19 行.
SQL: SELECT * FROM `cloud_page` WHERE ( type_id=3 ) ORDER BY sort desc LIMIT 10   [ RunTime:0.000137s ]
NOTIC: [8] Use of undefined constant id - assumed 'id' /www/wwwroot/yun.jridc.com/Cloud/Runtime/Cache/Home/7ff62ca4f22f7123aed617eeb51b2168.php 第 34 行.
NOTIC: [8] Use of undefined constant id - assumed 'id' /www/wwwroot/yun.jridc.com/Cloud/Runtime/Cache/Home/7ff62ca4f22f7123aed617eeb51b2168.php 第 34 行.
NOTIC: [8] Use of undefined constant id - assumed 'id' /www/wwwroot/yun.jridc.com/Cloud/Runtime/Cache/Home/7ff62ca4f22f7123aed617eeb51b2168.php 第 34 行.
NOTIC: [8] Use of undefined constant id - assumed 'id' /www/wwwroot/yun.jridc.com/Cloud/Runtime/Cache/Home/7ff62ca4f22f7123aed617eeb51b2168.php 第 34 行.
SQL: SELECT * FROM `cloud_page` WHERE ( type_id=2 ) ORDER BY sort desc LIMIT 10   [ RunTime:0.000072s ]
NOTIC: [8] Use of undefined constant id - assumed 'id' /www/wwwroot/yun.jridc.com/Cloud/Runtime/Cache/Home/7ff62ca4f22f7123aed617eeb51b2168.php 第 46 行.
NOTIC: [8] Use of undefined constant id - assumed 'id' /www/wwwroot/yun.jridc.com/Cloud/Runtime/Cache/Home/7ff62ca4f22f7123aed617eeb51b2168.php 第 46 行.
NOTIC: [8] Use of undefined constant id - assumed 'id' /www/wwwroot/yun.jridc.com/Cloud/Runtime/Cache/Home/7ff62ca4f22f7123aed617eeb51b2168.php 第 46 行.
SQL: SELECT * FROM `cloud_page` WHERE ( type_id=1 ) ORDER BY sort desc LIMIT 10   [ RunTime:0.000078s ]
NOTIC: [8] Use of undefined constant id - assumed 'id' /www/wwwroot/yun.jridc.com/Cloud/Runtime/Cache/Home/7ff62ca4f22f7123aed617eeb51b2168.php 第 60 行.
NOTIC: [8] Use of undefined constant id - assumed 'id' /www/wwwroot/yun.jridc.com/Cloud/Runtime/Cache/Home/7ff62ca4f22f7123aed617eeb51b2168.php 第 60 行.
NOTIC: [8] Use of undefined constant id - assumed 'id' /www/wwwroot/yun.jridc.com/Cloud/Runtime/Cache/Home/7ff62ca4f22f7123aed617eeb51b2168.php 第 60 行.
NOTIC: [8] Use of undefined constant id - assumed 'id' /www/wwwroot/yun.jridc.com/Cloud/Runtime/Cache/Home/7ff62ca4f22f7123aed617eeb51b2168.php 第 60 行.
NOTIC: [8] Use of undefined constant type_id - assumed 'type_id' /www/wwwroot/yun.jridc.com/Cloud/Runtime/Cache/Home/7ff62ca4f22f7123aed617eeb51b2168.php 第 75 行.
SQL: SELECT * FROM `cloud_page` WHERE ( type_id=1 ) ORDER BY sort desc LIMIT 10   [ RunTime:0.000066s ]
NOTIC: [8] Use of undefined constant id - assumed 'id' /www/wwwroot/yun.jridc.com/Cloud/Runtime/Cache/Home/7ff62ca4f22f7123aed617eeb51b2168.php 第 80 行.
NOTIC: [8] Use of undefined constant id - assumed 'id' /www/wwwroot/yun.jridc.com/Cloud/Runtime/Cache/Home/7ff62ca4f22f7123aed617eeb51b2168.php 第 80 行.
NOTIC: [8] Use of undefined constant id - assumed 'id' /www/wwwroot/yun.jridc.com/Cloud/Runtime/Cache/Home/7ff62ca4f22f7123aed617eeb51b2168.php 第 80 行.
NOTIC: [8] Use of undefined constant id - assumed 'id' /www/wwwroot/yun.jridc.com/Cloud/Runtime/Cache/Home/7ff62ca4f22f7123aed617eeb51b2168.php 第 80 行.
NOTIC: [8] Use of undefined constant type_id - assumed 'type_id' /www/wwwroot/yun.jridc.com/Cloud/Runtime/Cache/Home/7ff62ca4f22f7123aed617eeb51b2168.php 第 84 行.
NOTIC: [8] Use of undefined constant type_id - assumed 'type_id' /www/wwwroot/yun.jridc.com/Cloud/Runtime/Cache/Home/7ff62ca4f22f7123aed617eeb51b2168.php 第 93 行.
INFO: ParseTemplate Behavior ::run [ RunTime:0.011921s ]
INFO: [ view_parse ] --END-- [ RunTime:0.011962s ]
INFO: [ view_filter ] --START--
INFO: ContentReplace Behavior ::run [ RunTime:0.000335s ]
INFO: TokenBuild Behavior ::run [ RunTime:0.000225s ]
INFO: WriteHtmlCache Behavior ::run [ RunTime:0.000160s ]
INFO: ShowRuntime Behavior ::run [ RunTime:0.000280s ]
INFO: [ view_filter ] --END-- [ RunTime:0.001093s ]
INFO: [ view_end ] --START--
INFO: ShowPageTrace Behavior ::run [ RunTime:0.000401s ]
INFO: [ view_end ] --END-- [ RunTime:0.000433s ]

[ 2019-02-13T15:46:42+08:00 ] 123.126.113.169 /index.php/home/page/Show/id/11.html
INFO: [ route_check ] --START--
INFO: CheckRoute Behavior ::run [ RunTime:0.000498s ]
INFO: [ route_check ] --END-- [ RunTime:0.000568s ]
NOTIC: [2] stripslashes() expects exactly 1 parameter, 2 given /www/wwwroot/yun.jridc.com/ThinkPHP/Lib/Core/App.class.php 第 57 行.
NOTIC: [2] stripslashes() expects exactly 1 parameter, 2 given /www/wwwroot/yun.jridc.com/ThinkPHP/Lib/Core/App.class.php 第 57 行.
NOTIC: [2] stripslashes() expects exactly 1 parameter, 2 given /www/wwwroot/yun.jridc.com/ThinkPHP/Lib/Core/App.class.php 第 57 行.
NOTIC: [2] stripslashes() expects exactly 1 parameter, 2 given /www/wwwroot/yun.jridc.com/ThinkPHP/Lib/Core/App.class.php 第 57 行.
NOTIC: [2] stripslashes() expects exactly 1 parameter, 2 given /www/wwwroot/yun.jridc.com/ThinkPHP/Lib/Core/App.class.php 第 57 行.
NOTIC: [2] stripslashes() expects exactly 1 parameter, 2 given /www/wwwroot/yun.jridc.com/ThinkPHP/Lib/Core/App.class.php 第 57 行.
INFO: [ app_begin ] --START--
INFO: ReadHtmlCache Behavior ::run [ RunTime:0.000340s ]
INFO: [ app_begin ] --END-- [ RunTime:0.000374s ]
NOTIC: [2048] Declaration of PageAction::show() should be compatible with Action::show($content, $charset = '', $contentType = '', $prefix = '') /www/wwwroot/yun.jridc.com/Cloud/Lib/Action/Home/PageAction.class.php 第 2 行.
SQL: SHOW COLUMNS FROM `cloud_config` [ RunTime:0.000674s ]
SQL: SELECT `c_key`,`c_value` FROM `cloud_config` WHERE ( `c_module` = 'WEBSITE' )  [ RunTime:0.000063s ]
NOTIC: 建议使用I方法替代_get
NOTIC: [2] stripslashes() expects exactly 1 parameter, 2 given /www/wwwroot/yun.jridc.com/ThinkPHP/Common/common.php 第 109 行.
NOTIC: [2] stripslashes() expects exactly 1 parameter, 2 given /www/wwwroot/yun.jridc.com/ThinkPHP/Common/common.php 第 109 行.
NOTIC: [2] stripslashes() expects exactly 1 parameter, 2 given /www/wwwroot/yun.jridc.com/ThinkPHP/Common/common.php 第 109 行.
NOTIC: [2] stripslashes() expects exactly 1 parameter, 2 given /www/wwwroot/yun.jridc.com/ThinkPHP/Common/common.php 第 109 行.
NOTIC: [2] stripslashes() expects exactly 1 parameter, 2 given /www/wwwroot/yun.jridc.com/ThinkPHP/Common/common.php 第 109 行.
NOTIC: [2] stripslashes() expects exactly 1 parameter, 2 given /www/wwwroot/yun.jridc.com/ThinkPHP/Common/common.php 第 109 行.
SQL: SHOW COLUMNS FROM `cloud_page` [ RunTime:0.000462s ]
SQL: SELECT * FROM `cloud_page` WHERE ( id =11 ) LIMIT 1   [ RunTime:0.000061s ]
INFO: [ view_parse ] --START--
NOTIC: [8] Undefined index: field /www/wwwroot/yun.jridc.com/Cloud/Lib/TagLib/TagLibCloud.class.php 第 14 行.
NOTIC: [8] Undefined index: field /www/wwwroot/yun.jridc.com/Cloud/Lib/TagLib/TagLibCloud.class.php 第 14 行.
NOTIC: [8] Undefined index: field /www/wwwroot/yun.jridc.com/Cloud/Lib/TagLib/TagLibCloud.class.php 第 14 行.
NOTIC: [8] Undefined index: uid /www/wwwroot/yun.jridc.com/Cloud/Runtime/Cache/Home/16a838965008b33db837be889bbaaca3.php 第 19 行.
SQL: SELECT * FROM `cloud_page` WHERE ( type_id=3 ) ORDER BY sort desc LIMIT 10   [ RunTime:0.000136s ]
NOTIC: [8] Use of undefined constant id - assumed 'id' /www/wwwroot/yun.jridc.com/Cloud/Runtime/Cache/Home/16a838965008b33db837be889bbaaca3.php 第 34 行.
NOTIC: [8] Use of undefined constant id - assumed 'id' /www/wwwroot/yun.jridc.com/Cloud/Runtime/Cache/Home/16a838965008b33db837be889bbaaca3.php 第 34 行.
NOTIC: [8] Use of undefined constant id - assumed 'id' /www/wwwroot/yun.jridc.com/Cloud/Runtime/Cache/Home/16a838965008b33db837be889bbaaca3.php 第 34 行.
NOTIC: [8] Use of undefined constant id - assumed 'id' /www/wwwroot/yun.jridc.com/Cloud/Runtime/Cache/Home/16a838965008b33db837be889bbaaca3.php 第 34 行.
SQL: SELECT * FROM `cloud_page` WHERE ( type_id=2 ) ORDER BY sort desc LIMIT 10   [ RunTime:0.000079s ]
NOTIC: [8] Use of undefined constant id - assumed 'id' /www/wwwroot/yun.jridc.com/Cloud/Runtime/Cache/Home/16a838965008b33db837be889bbaaca3.php 第 46 行.
NOTIC: [8] Use of undefined constant id - assumed 'id' /www/wwwroot/yun.jridc.com/Cloud/Runtime/Cache/Home/16a838965008b33db837be889bbaaca3.php 第 46 行.
NOTIC: [8] Use of undefined constant id - assumed 'id' /www/wwwroot/yun.jridc.com/Cloud/Runtime/Cache/Home/16a838965008b33db837be889bbaaca3.php 第 46 行.
SQL: SELECT * FROM `cloud_page` WHERE ( type_id=1 ) ORDER BY sort desc LIMIT 10   [ RunTime:0.000075s ]
NOTIC: [8] Use of undefined constant id - assumed 'id' /www/wwwroot/yun.jridc.com/Cloud/Runtime/Cache/Home/16a838965008b33db837be889bbaaca3.php 第 60 行.
NOTIC: [8] Use of undefined constant id - assumed 'id' /www/wwwroot/yun.jridc.com/Cloud/Runtime/Cache/Home/16a838965008b33db837be889bbaaca3.php 第 60 行.
NOTIC: [8] Use of undefined constant id - assumed 'id' /www/wwwroot/yun.jridc.com/Cloud/Runtime/Cache/Home/16a838965008b33db837be889bbaaca3.php 第 60 行.
NOTIC: [8] Use of undefined constant id - assumed 'id' /www/wwwroot/yun.jridc.com/Cloud/Runtime/Cache/Home/16a838965008b33db837be889bbaaca3.php 第 60 行.
INFO: ParseTemplate Behavior ::run [ RunTime:0.010587s ]
INFO: [ view_parse ] --END-- [ RunTime:0.010638s ]
INFO: [ view_filter ] --START--
INFO: ContentReplace Behavior ::run [ RunTime:0.000301s ]
INFO: TokenBuild Behavior ::run [ RunTime:0.000227s ]
INFO: WriteHtmlCache Behavior ::run [ RunTime:0.000259s ]
INFO: ShowRuntime Behavior ::run [ RunTime:0.000392s ]
INFO: [ view_filter ] --END-- [ RunTime:0.001304s ]
INFO: [ view_end ] --START--
INFO: ShowPageTrace Behavior ::run [ RunTime:0.000506s ]
INFO: [ view_end ] --END-- [ RunTime:0.000542s ]

[ 2019-02-13T15:47:11+08:00 ] 123.126.113.169 /index.php/home/news/index.html
INFO: [ route_check ] --START--
INFO: CheckRoute Behavior ::run [ RunTime:0.000690s ]
INFO: [ route_check ] --END-- [ RunTime:0.000778s ]
NOTIC: [2] stripslashes() expects exactly 1 parameter, 2 given /www/wwwroot/yun.jridc.com/ThinkPHP/Lib/Core/App.class.php 第 57 行.
NOTIC: [2] stripslashes() expects exactly 1 parameter, 2 given /www/wwwroot/yun.jridc.com/ThinkPHP/Lib/Core/App.class.php 第 57 行.
NOTIC: [2] stripslashes() expects exactly 1 parameter, 2 given /www/wwwroot/yun.jridc.com/ThinkPHP/Lib/Core/App.class.php 第 57 行.
INFO: [ app_begin ] --START--
INFO: ReadHtmlCache Behavior ::run [ RunTime:0.000442s ]
INFO: [ app_begin ] --END-- [ RunTime:0.000500s ]
SQL: SHOW COLUMNS FROM `cloud_config` [ RunTime:0.000654s ]
SQL: SELECT `c_key`,`c_value` FROM `cloud_config` WHERE ( `c_module` = 'WEBSITE' )  [ RunTime:0.000066s ]
SQL: SHOW COLUMNS FROM `cloud_article` [ RunTime:0.000418s ]
NOTIC: [2] stripslashes() expects exactly 1 parameter, 2 given /www/wwwroot/yun.jridc.com/ThinkPHP/Common/common.php 第 109 行.
NOTIC: [2] stripslashes() expects exactly 1 parameter, 2 given /www/wwwroot/yun.jridc.com/ThinkPHP/Common/common.php 第 109 行.
NOTIC: [2] stripslashes() expects exactly 1 parameter, 2 given /www/wwwroot/yun.jridc.com/ThinkPHP/Common/common.php 第 109 行.
SQL: SHOW COLUMNS FROM `cloud_article_category` [ RunTime:0.000374s ]
SQL: SELECT * FROM `cloud_article_category` LIMIT 1   [ RunTime:0.000060s ]
SQL: SELECT * FROM `cloud_article_category` WHERE ( pid = 0 and status = 1 ) ORDER BY sort asc  [ RunTime:0.000062s ]
SQL: SELECT * FROM `cloud_article_category` WHERE ( pid = 1 and status = 1 )  [ RunTime:0.000077s ]
SQL: SELECT * FROM `cloud_article_category` WHERE ( pid = 2 and status = 1 )  [ RunTime:0.000058s ]
SQL: SELECT * FROM `cloud_article_category` WHERE ( pid = 3 and status = 1 )  [ RunTime:0.000057s ]
SQL: SELECT * FROM `cloud_article_category` WHERE ( pid = 7 and status = 1 )  [ RunTime:0.000055s ]
SQL: SELECT * FROM `cloud_article_category` WHERE ( id = 1 ) LIMIT 1   [ RunTime:0.000057s ]
SQL: SELECT * FROM `cloud_article_category` WHERE ( `status` = 1 )  [ RunTime:0.000056s ]
NOTIC: 建议使用I方法替代_get
NOTIC: 建议使用I方法替代_get
SQL: SELECT COUNT(*) AS tp_count FROM `cloud_article` WHERE ( cid in (1) ) LIMIT 1   [ RunTime:0.000102s ]
SQL: SELECT * FROM `cloud_article` WHERE ( cid in (1) ) ORDER BY update_time desc LIMIT 0,10   [ RunTime:0.000084s ]
INFO: [ view_parse ] --START--
NOTIC: [8] Undefined index: field /www/wwwroot/yun.jridc.com/Cloud/Lib/TagLib/TagLibCloud.class.php 第 14 行.
NOTIC: [8] Undefined index: field /www/wwwroot/yun.jridc.com/Cloud/Lib/TagLib/TagLibCloud.class.php 第 14 行.
NOTIC: [8] Undefined index: field /www/wwwroot/yun.jridc.com/Cloud/Lib/TagLib/TagLibCloud.class.php 第 14 行.
NOTIC: [8] Undefined variable: data /www/wwwroot/yun.jridc.com/Cloud/Runtime/Cache/Home/a1287bb1f58d0d892a7c335fe6ff4ef9.php 第 9 行.
NOTIC: [8] Undefined variable: data /www/wwwroot/yun.jridc.com/Cloud/Runtime/Cache/Home/a1287bb1f58d0d892a7c335fe6ff4ef9.php 第 10 行.
NOTIC: [8] Undefined index: uid /www/wwwroot/yun.jridc.com/Cloud/Runtime/Cache/Home/a1287bb1f58d0d892a7c335fe6ff4ef9.php 第 28 行.
SQL: SHOW COLUMNS FROM `cloud_page` [ RunTime:0.000735s ]
SQL: SELECT * FROM `cloud_page` WHERE ( type_id=3 ) ORDER BY sort desc LIMIT 10   [ RunTime:0.000077s ]
NOTIC: [8] Use of undefined constant id - assumed 'id' /www/wwwroot/yun.jridc.com/Cloud/Runtime/Cache/Home/a1287bb1f58d0d892a7c335fe6ff4ef9.php 第 43 行.
NOTIC: [8] Use of undefined constant id - assumed 'id' /www/wwwroot/yun.jridc.com/Cloud/Runtime/Cache/Home/a1287bb1f58d0d892a7c335fe6ff4ef9.php 第 43 行.
NOTIC: [8] Use of undefined constant id - assumed 'id' /www/wwwroot/yun.jridc.com/Cloud/Runtime/Cache/Home/a1287bb1f58d0d892a7c335fe6ff4ef9.php 第 43 行.
NOTIC: [8] Use of undefined constant id - assumed 'id' /www/wwwroot/yun.jridc.com/Cloud/Runtime/Cache/Home/a1287bb1f58d0d892a7c335fe6ff4ef9.php 第 43 行.
SQL: SELECT * FROM `cloud_page` WHERE ( type_id=2 ) ORDER BY sort desc LIMIT 10   [ RunTime:0.000076s ]
NOTIC: [8] Use of undefined constant id - assumed 'id' /www/wwwroot/yun.jridc.com/Cloud/Runtime/Cache/Home/a1287bb1f58d0d892a7c335fe6ff4ef9.php 第 55 行.
NOTIC: [8] Use of undefined constant id - assumed 'id' /www/wwwroot/yun.jridc.com/Cloud/Runtime/Cache/Home/a1287bb1f58d0d892a7c335fe6ff4ef9.php 第 55 行.
NOTIC: [8] Use of undefined constant id - assumed 'id' /www/wwwroot/yun.jridc.com/Cloud/Runtime/Cache/Home/a1287bb1f58d0d892a7c335fe6ff4ef9.php 第 55 行.
SQL: SELECT * FROM `cloud_page` WHERE ( type_id=1 ) ORDER BY sort desc LIMIT 10   [ RunTime:0.000082s ]
NOTIC: [8] Use of undefined constant id - assumed 'id' /www/wwwroot/yun.jridc.com/Cloud/Runtime/Cache/Home/a1287bb1f58d0d892a7c335fe6ff4ef9.php 第 69 行.
NOTIC: [8] Use of undefined constant id - assumed 'id' /www/wwwroot/yun.jridc.com/Cloud/Runtime/Cache/Home/a1287bb1f58d0d892a7c335fe6ff4ef9.php 第 69 行.
NOTIC: [8] Use of undefined constant id - assumed 'id' /www/wwwroot/yun.jridc.com/Cloud/Runtime/Cache/Home/a1287bb1f58d0d892a7c335fe6ff4ef9.php 第 69 行.
NOTIC: [8] Use of undefined constant id - assumed 'id' /www/wwwroot/yun.jridc.com/Cloud/Runtime/Cache/Home/a1287bb1f58d0d892a7c335fe6ff4ef9.php 第 69 行.
NOTIC: [8] Use of undefined constant id - assumed 'id' /www/wwwroot/yun.jridc.com/Cloud/Runtime/Cache/Home/a1287bb1f58d0d892a7c335fe6ff4ef9.php 第 86 行.
NOTIC: [8] Use of undefined constant id - assumed 'id' /www/wwwroot/yun.jridc.com/Cloud/Runtime/Cache/Home/a1287bb1f58d0d892a7c335fe6ff4ef9.php 第 88 行.
NOTIC: [8] Use of undefined constant id - assumed 'id' /www/wwwroot/yun.jridc.com/Cloud/Runtime/Cache/Home/a1287bb1f58d0d892a7c335fe6ff4ef9.php 第 86 行.
NOTIC: [8] Use of undefined constant id - assumed 'id' /www/wwwroot/yun.jridc.com/Cloud/Runtime/Cache/Home/a1287bb1f58d0d892a7c335fe6ff4ef9.php 第 88 行.
NOTIC: [8] Use of undefined constant id - assumed 'id' /www/wwwroot/yun.jridc.com/Cloud/Runtime/Cache/Home/a1287bb1f58d0d892a7c335fe6ff4ef9.php 第 86 行.
NOTIC: [8] Use of undefined constant id - assumed 'id' /www/wwwroot/yun.jridc.com/Cloud/Runtime/Cache/Home/a1287bb1f58d0d892a7c335fe6ff4ef9.php 第 88 行.
NOTIC: [8] Use of undefined constant id - assumed 'id' /www/wwwroot/yun.jridc.com/Cloud/Runtime/Cache/Home/a1287bb1f58d0d892a7c335fe6ff4ef9.php 第 86 行.
NOTIC: [8] Use of undefined constant id - assumed 'id' /www/wwwroot/yun.jridc.com/Cloud/Runtime/Cache/Home/a1287bb1f58d0d892a7c335fe6ff4ef9.php 第 88 行.
NOTIC: [8] Use of undefined constant id - assumed 'id' /www/wwwroot/yun.jridc.com/Cloud/Runtime/Cache/Home/a1287bb1f58d0d892a7c335fe6ff4ef9.php 第 91 行.
INFO: ParseTemplate Behavior ::run [ RunTime:0.014598s ]
INFO: [ view_parse ] --END-- [ RunTime:0.014648s ]
INFO: [ view_filter ] --START--
INFO: ContentReplace Behavior ::run [ RunTime:0.000269s ]
INFO: TokenBuild Behavior ::run [ RunTime:0.000226s ]
INFO: WriteHtmlCache Behavior ::run [ RunTime:0.000173s ]
INFO: ShowRuntime Behavior ::run [ RunTime:0.000297s ]
INFO: [ view_filter ] --END-- [ RunTime:0.001063s ]
INFO: [ view_end ] --START--
INFO: ShowPageTrace Behavior ::run [ RunTime:0.000344s ]
INFO: [ view_end ] --END-- [ RunTime:0.000377s ]

[ 2019-02-13T15:47:42+08:00 ] 123.126.113.169 /index.php/home/page/Show/id/9.html
INFO: [ route_check ] --START--
INFO: CheckRoute Behavior ::run [ RunTime:0.000504s ]
INFO: [ route_check ] --END-- [ RunTime:0.000576s ]
NOTIC: [2] stripslashes() expects exactly 1 parameter, 2 given /www/wwwroot/yun.jridc.com/ThinkPHP/Lib/Core/App.class.php 第 57 行.
NOTIC: [2] stripslashes() expects exactly 1 parameter, 2 given /www/wwwroot/yun.jridc.com/ThinkPHP/Lib/Core/App.class.php 第 57 行.
NOTIC: [2] stripslashes() expects exactly 1 parameter, 2 given /www/wwwroot/yun.jridc.com/ThinkPHP/Lib/Core/App.class.php 第 57 行.
NOTIC: [2] stripslashes() expects exactly 1 parameter, 2 given /www/wwwroot/yun.jridc.com/ThinkPHP/Lib/Core/App.class.php 第 57 行.
NOTIC: [2] stripslashes() expects exactly 1 parameter, 2 given /www/wwwroot/yun.jridc.com/ThinkPHP/Lib/Core/App.class.php 第 57 行.
NOTIC: [2] stripslashes() expects exactly 1 parameter, 2 given /www/wwwroot/yun.jridc.com/ThinkPHP/Lib/Core/App.class.php 第 57 行.
INFO: [ app_begin ] --START--
INFO: ReadHtmlCache Behavior ::run [ RunTime:0.000313s ]
INFO: [ app_begin ] --END-- [ RunTime:0.000347s ]
NOTIC: [2048] Declaration of PageAction::show() should be compatible with Action::show($content, $charset = '', $contentType = '', $prefix = '') /www/wwwroot/yun.jridc.com/Cloud/Lib/Action/Home/PageAction.class.php 第 2 行.
SQL: SHOW COLUMNS FROM `cloud_config` [ RunTime:0.000887s ]
SQL: SELECT `c_key`,`c_value` FROM `cloud_config` WHERE ( `c_module` = 'WEBSITE' )  [ RunTime:0.000094s ]
NOTIC: 建议使用I方法替代_get
NOTIC: [2] stripslashes() expects exactly 1 parameter, 2 given /www/wwwroot/yun.jridc.com/ThinkPHP/Common/common.php 第 109 行.
NOTIC: [2] stripslashes() expects exactly 1 parameter, 2 given /www/wwwroot/yun.jridc.com/ThinkPHP/Common/common.php 第 109 行.
NOTIC: [2] stripslashes() expects exactly 1 parameter, 2 given /www/wwwroot/yun.jridc.com/ThinkPHP/Common/common.php 第 109 行.
NOTIC: [2] stripslashes() expects exactly 1 parameter, 2 given /www/wwwroot/yun.jridc.com/ThinkPHP/Common/common.php 第 109 行.
NOTIC: [2] stripslashes() expects exactly 1 parameter, 2 given /www/wwwroot/yun.jridc.com/ThinkPHP/Common/common.php 第 109 行.
NOTIC: [2] stripslashes() expects exactly 1 parameter, 2 given /www/wwwroot/yun.jridc.com/ThinkPHP/Common/common.php 第 109 行.
SQL: SHOW COLUMNS FROM `cloud_page` [ RunTime:0.000491s ]
SQL: SELECT * FROM `cloud_page` WHERE ( id =9 ) LIMIT 1   [ RunTime:0.000064s ]
INFO: [ view_parse ] --START--
NOTIC: [8] Undefined index: field /www/wwwroot/yun.jridc.com/Cloud/Lib/TagLib/TagLibCloud.class.php 第 14 行.
NOTIC: [8] Undefined index: field /www/wwwroot/yun.jridc.com/Cloud/Lib/TagLib/TagLibCloud.class.php 第 14 行.
NOTIC: [8] Undefined index: field /www/wwwroot/yun.jridc.com/Cloud/Lib/TagLib/TagLibCloud.class.php 第 14 行.
NOTIC: [8] Undefined index: uid /www/wwwroot/yun.jridc.com/Cloud/Runtime/Cache/Home/56913ba4b761a2efb6bbcbd5b03bf556.php 第 19 行.
SQL: SELECT * FROM `cloud_page` WHERE ( type_id=3 ) ORDER BY sort desc LIMIT 10   [ RunTime:0.000144s ]
NOTIC: [8] Use of undefined constant id - assumed 'id' /www/wwwroot/yun.jridc.com/Cloud/Runtime/Cache/Home/56913ba4b761a2efb6bbcbd5b03bf556.php 第 34 行.
NOTIC: [8] Use of undefined constant id - assumed 'id' /www/wwwroot/yun.jridc.com/Cloud/Runtime/Cache/Home/56913ba4b761a2efb6bbcbd5b03bf556.php 第 34 行.
NOTIC: [8] Use of undefined constant id - assumed 'id' /www/wwwroot/yun.jridc.com/Cloud/Runtime/Cache/Home/56913ba4b761a2efb6bbcbd5b03bf556.php 第 34 行.
NOTIC: [8] Use of undefined constant id - assumed 'id' /www/wwwroot/yun.jridc.com/Cloud/Runtime/Cache/Home/56913ba4b761a2efb6bbcbd5b03bf556.php 第 34 行.
SQL: SELECT * FROM `cloud_page` WHERE ( type_id=2 ) ORDER BY sort desc LIMIT 10   [ RunTime:0.000074s ]
NOTIC: [8] Use of undefined constant id - assumed 'id' /www/wwwroot/yun.jridc.com/Cloud/Runtime/Cache/Home/56913ba4b761a2efb6bbcbd5b03bf556.php 第 46 行.
NOTIC: [8] Use of undefined constant id - assumed 'id' /www/wwwroot/yun.jridc.com/Cloud/Runtime/Cache/Home/56913ba4b761a2efb6bbcbd5b03bf556.php 第 46 行.
NOTIC: [8] Use of undefined constant id - assumed 'id' /www/wwwroot/yun.jridc.com/Cloud/Runtime/Cache/Home/56913ba4b761a2efb6bbcbd5b03bf556.php 第 46 行.
SQL: SELECT * FROM `cloud_page` WHERE ( type_id=1 ) ORDER BY sort desc LIMIT 10   [ RunTime:0.000101s ]
NOTIC: [8] Use of undefined constant id - assumed 'id' /www/wwwroot/yun.jridc.com/Cloud/Runtime/Cache/Home/56913ba4b761a2efb6bbcbd5b03bf556.php 第 60 行.
NOTIC: [8] Use of undefined constant id - assumed 'id' /www/wwwroot/yun.jridc.com/Cloud/Runtime/Cache/Home/56913ba4b761a2efb6bbcbd5b03bf556.php 第 60 行.
NOTIC: [8] Use of undefined constant id - assumed 'id' /www/wwwroot/yun.jridc.com/Cloud/Runtime/Cache/Home/56913ba4b761a2efb6bbcbd5b03bf556.php 第 60 行.
NOTIC: [8] Use of undefined constant id - assumed 'id' /www/wwwroot/yun.jridc.com/Cloud/Runtime/Cache/Home/56913ba4b761a2efb6bbcbd5b03bf556.php 第 60 行.
INFO: ParseTemplate Behavior ::run [ RunTime:0.010704s ]
INFO: [ view_parse ] --END-- [ RunTime:0.010748s ]
INFO: [ view_filter ] --START--
INFO: ContentReplace Behavior ::run [ RunTime:0.000309s ]
INFO: TokenBuild Behavior ::run [ RunTime:0.000254s ]
INFO: WriteHtmlCache Behavior ::run [ RunTime:0.000170s ]
INFO: ShowRuntime Behavior ::run [ RunTime:0.000264s ]
INFO: [ view_filter ] --END-- [ RunTime:0.001093s ]
INFO: [ view_end ] --START--
INFO: ShowPageTrace Behavior ::run [ RunTime:0.000378s ]
INFO: [ view_end ] --END-- [ RunTime:0.000413s ]

[ 2019-02-13T17:24:59+08:00 ] 114.239.128.208 /
INFO: [ app_begin ] --START--
INFO: ReadHtmlCache Behavior ::run [ RunTime:0.000347s ]
INFO: [ app_begin ] --END-- [ RunTime:0.000414s ]
SQL: SHOW COLUMNS FROM `cloud_config` [ RunTime:0.000675s ]
SQL: SELECT `c_key`,`c_value` FROM `cloud_config` WHERE ( `c_module` = 'WEBSITE' )  [ RunTime:0.000067s ]
INFO: [ view_parse ] --START--
NOTIC: [8] Undefined index: field /www/wwwroot/yun.jridc.com/Cloud/Lib/TagLib/TagLibCloud.class.php 第 14 行.
NOTIC: [8] Undefined index: field /www/wwwroot/yun.jridc.com/Cloud/Lib/TagLib/TagLibCloud.class.php 第 14 行.
NOTIC: [8] Undefined index: field /www/wwwroot/yun.jridc.com/Cloud/Lib/TagLib/TagLibCloud.class.php 第 14 行.
NOTIC: [8] Undefined index: uid /www/wwwroot/yun.jridc.com/Cloud/Runtime/Cache/Home/1b02bb37aaf4d696e544a9167d94e637.php 第 21 行.
SQL: SHOW COLUMNS FROM `cloud_page` [ RunTime:0.000718s ]
SQL: SELECT * FROM `cloud_page` WHERE ( type_id=3 ) ORDER BY sort desc LIMIT 10   [ RunTime:0.000068s ]
NOTIC: [8] Use of undefined constant id - assumed 'id' /www/wwwroot/yun.jridc.com/Cloud/Runtime/Cache/Home/1b02bb37aaf4d696e544a9167d94e637.php 第 36 行.
NOTIC: [8] Use of undefined constant id - assumed 'id' /www/wwwroot/yun.jridc.com/Cloud/Runtime/Cache/Home/1b02bb37aaf4d696e544a9167d94e637.php 第 36 行.
NOTIC: [8] Use of undefined constant id - assumed 'id' /www/wwwroot/yun.jridc.com/Cloud/Runtime/Cache/Home/1b02bb37aaf4d696e544a9167d94e637.php 第 36 行.
NOTIC: [8] Use of undefined constant id - assumed 'id' /www/wwwroot/yun.jridc.com/Cloud/Runtime/Cache/Home/1b02bb37aaf4d696e544a9167d94e637.php 第 36 行.
SQL: SELECT * FROM `cloud_page` WHERE ( type_id=2 ) ORDER BY sort desc LIMIT 10   [ RunTime:0.000082s ]
NOTIC: [8] Use of undefined constant id - assumed 'id' /www/wwwroot/yun.jridc.com/Cloud/Runtime/Cache/Home/1b02bb37aaf4d696e544a9167d94e637.php 第 48 行.
NOTIC: [8] Use of undefined constant id - assumed 'id' /www/wwwroot/yun.jridc.com/Cloud/Runtime/Cache/Home/1b02bb37aaf4d696e544a9167d94e637.php 第 48 行.
NOTIC: [8] Use of undefined constant id - assumed 'id' /www/wwwroot/yun.jridc.com/Cloud/Runtime/Cache/Home/1b02bb37aaf4d696e544a9167d94e637.php 第 48 行.
SQL: SELECT * FROM `cloud_page` WHERE ( type_id=1 ) ORDER BY sort desc LIMIT 10   [ RunTime:0.000095s ]
NOTIC: [8] Use of undefined constant id - assumed 'id' /www/wwwroot/yun.jridc.com/Cloud/Runtime/Cache/Home/1b02bb37aaf4d696e544a9167d94e637.php 第 62 行.
NOTIC: [8] Use of undefined constant id - assumed 'id' /www/wwwroot/yun.jridc.com/Cloud/Runtime/Cache/Home/1b02bb37aaf4d696e544a9167d94e637.php 第 62 行.
NOTIC: [8] Use of undefined constant id - assumed 'id' /www/wwwroot/yun.jridc.com/Cloud/Runtime/Cache/Home/1b02bb37aaf4d696e544a9167d94e637.php 第 62 行.
NOTIC: [8] Use of undefined constant id - assumed 'id' /www/wwwroot/yun.jridc.com/Cloud/Runtime/Cache/Home/1b02bb37aaf4d696e544a9167d94e637.php 第 62 行.
INFO: ParseTemplate Behavior ::run [ RunTime:0.012872s ]
INFO: [ view_parse ] --END-- [ RunTime:0.012914s ]
INFO: [ view_filter ] --START--
INFO: ContentReplace Behavior ::run [ RunTime:0.000397s ]
INFO: TokenBuild Behavior ::run [ RunTime:0.000235s ]
INFO: WriteHtmlCache Behavior ::run [ RunTime:0.000167s ]
INFO: ShowRuntime Behavior ::run [ RunTime:0.000306s ]
INFO: [ view_filter ] --END-- [ RunTime:0.001204s ]
INFO: [ view_end ] --START--
INFO: ShowPageTrace Behavior ::run [ RunTime:0.000360s ]
INFO: [ view_end ] --END-- [ RunTime:0.000395s ]

[ 2019-02-13T22:10:27+08:00 ] 222.187.222.56 /
INFO: [ app_begin ] --START--
INFO: ReadHtmlCache Behavior ::run [ RunTime:0.000438s ]
INFO: [ app_begin ] --END-- [ RunTime:0.000531s ]
SQL: SHOW COLUMNS FROM `cloud_config` [ RunTime:0.000567s ]
SQL: SELECT `c_key`,`c_value` FROM `cloud_config` WHERE ( `c_module` = 'WEBSITE' )  [ RunTime:0.000061s ]
INFO: [ view_parse ] --START--
NOTIC: [8] Undefined index: field /www/wwwroot/yun.jridc.com/Cloud/Lib/TagLib/TagLibCloud.class.php 第 14 行.
NOTIC: [8] Undefined index: field /www/wwwroot/yun.jridc.com/Cloud/Lib/TagLib/TagLibCloud.class.php 第 14 行.
NOTIC: [8] Undefined index: field /www/wwwroot/yun.jridc.com/Cloud/Lib/TagLib/TagLibCloud.class.php 第 14 行.
NOTIC: [8] Undefined index: uid /www/wwwroot/yun.jridc.com/Cloud/Runtime/Cache/Home/1b02bb37aaf4d696e544a9167d94e637.php 第 21 行.
SQL: SHOW COLUMNS FROM `cloud_page` [ RunTime:0.000645s ]
SQL: SELECT * FROM `cloud_page` WHERE ( type_id=3 ) ORDER BY sort desc LIMIT 10   [ RunTime:0.000065s ]
NOTIC: [8] Use of undefined constant id - assumed 'id' /www/wwwroot/yun.jridc.com/Cloud/Runtime/Cache/Home/1b02bb37aaf4d696e544a9167d94e637.php 第 36 行.
NOTIC: [8] Use of undefined constant id - assumed 'id' /www/wwwroot/yun.jridc.com/Cloud/Runtime/Cache/Home/1b02bb37aaf4d696e544a9167d94e637.php 第 36 行.
NOTIC: [8] Use of undefined constant id - assumed 'id' /www/wwwroot/yun.jridc.com/Cloud/Runtime/Cache/Home/1b02bb37aaf4d696e544a9167d94e637.php 第 36 行.
NOTIC: [8] Use of undefined constant id - assumed 'id' /www/wwwroot/yun.jridc.com/Cloud/Runtime/Cache/Home/1b02bb37aaf4d696e544a9167d94e637.php 第 36 行.
SQL: SELECT * FROM `cloud_page` WHERE ( type_id=2 ) ORDER BY sort desc LIMIT 10   [ RunTime:0.000070s ]
NOTIC: [8] Use of undefined constant id - assumed 'id' /www/wwwroot/yun.jridc.com/Cloud/Runtime/Cache/Home/1b02bb37aaf4d696e544a9167d94e637.php 第 48 行.
NOTIC: [8] Use of undefined constant id - assumed 'id' /www/wwwroot/yun.jridc.com/Cloud/Runtime/Cache/Home/1b02bb37aaf4d696e544a9167d94e637.php 第 48 行.
NOTIC: [8] Use of undefined constant id - assumed 'id' /www/wwwroot/yun.jridc.com/Cloud/Runtime/Cache/Home/1b02bb37aaf4d696e544a9167d94e637.php 第 48 行.
SQL: SELECT * FROM `cloud_page` WHERE ( type_id=1 ) ORDER BY sort desc LIMIT 10   [ RunTime:0.000073s ]
NOTIC: [8] Use of undefined constant id - assumed 'id' /www/wwwroot/yun.jridc.com/Cloud/Runtime/Cache/Home/1b02bb37aaf4d696e544a9167d94e637.php 第 62 行.
NOTIC: [8] Use of undefined constant id - assumed 'id' /www/wwwroot/yun.jridc.com/Cloud/Runtime/Cache/Home/1b02bb37aaf4d696e544a9167d94e637.php 第 62 行.
NOTIC: [8] Use of undefined constant id - assumed 'id' /www/wwwroot/yun.jridc.com/Cloud/Runtime/Cache/Home/1b02bb37aaf4d696e544a9167d94e637.php 第 62 行.
NOTIC: [8] Use of undefined constant id - assumed 'id' /www/wwwroot/yun.jridc.com/Cloud/Runtime/Cache/Home/1b02bb37aaf4d696e544a9167d94e637.php 第 62 行.
INFO: ParseTemplate Behavior ::run [ RunTime:0.012549s ]
INFO: [ view_parse ] --END-- [ RunTime:0.012591s ]
INFO: [ view_filter ] --START--
INFO: ContentReplace Behavior ::run [ RunTime:0.000314s ]
INFO: TokenBuild Behavior ::run [ RunTime:0.000252s ]
INFO: WriteHtmlCache Behavior ::run [ RunTime:0.000179s ]
INFO: ShowRuntime Behavior ::run [ RunTime:0.000272s ]
INFO: [ view_filter ] --END-- [ RunTime:0.001126s ]
INFO: [ view_end ] --START--
INFO: ShowPageTrace Behavior ::run [ RunTime:0.000345s ]
INFO: [ view_end ] --END-- [ RunTime:0.000379s ]

[ 2019-02-13T22:15:39+08:00 ] 106.111.47.211 /
INFO: [ app_begin ] --START--
INFO: ReadHtmlCache Behavior ::run [ RunTime:0.000342s ]
INFO: [ app_begin ] --END-- [ RunTime:0.000407s ]
SQL: SHOW COLUMNS FROM `cloud_config` [ RunTime:0.000806s ]
SQL: SELECT `c_key`,`c_value` FROM `cloud_config` WHERE ( `c_module` = 'WEBSITE' )  [ RunTime:0.000090s ]
INFO: [ view_parse ] --START--
NOTIC: [8] Undefined index: field /www/wwwroot/yun.jridc.com/Cloud/Lib/TagLib/TagLibCloud.class.php 第 14 行.
NOTIC: [8] Undefined index: field /www/wwwroot/yun.jridc.com/Cloud/Lib/TagLib/TagLibCloud.class.php 第 14 行.
NOTIC: [8] Undefined index: field /www/wwwroot/yun.jridc.com/Cloud/Lib/TagLib/TagLibCloud.class.php 第 14 行.
NOTIC: [8] Undefined index: uid /www/wwwroot/yun.jridc.com/Cloud/Runtime/Cache/Home/1b02bb37aaf4d696e544a9167d94e637.php 第 21 行.
SQL: SHOW COLUMNS FROM `cloud_page` [ RunTime:0.000754s ]
SQL: SELECT * FROM `cloud_page` WHERE ( type_id=3 ) ORDER BY sort desc LIMIT 10   [ RunTime:0.000065s ]
NOTIC: [8] Use of undefined constant id - assumed 'id' /www/wwwroot/yun.jridc.com/Cloud/Runtime/Cache/Home/1b02bb37aaf4d696e544a9167d94e637.php 第 36 行.
NOTIC: [8] Use of undefined constant id - assumed 'id' /www/wwwroot/yun.jridc.com/Cloud/Runtime/Cache/Home/1b02bb37aaf4d696e544a9167d94e637.php 第 36 行.
NOTIC: [8] Use of undefined constant id - assumed 'id' /www/wwwroot/yun.jridc.com/Cloud/Runtime/Cache/Home/1b02bb37aaf4d696e544a9167d94e637.php 第 36 行.
NOTIC: [8] Use of undefined constant id - assumed 'id' /www/wwwroot/yun.jridc.com/Cloud/Runtime/Cache/Home/1b02bb37aaf4d696e544a9167d94e637.php 第 36 行.
SQL: SELECT * FROM `cloud_page` WHERE ( type_id=2 ) ORDER BY sort desc LIMIT 10   [ RunTime:0.000072s ]
NOTIC: [8] Use of undefined constant id - assumed 'id' /www/wwwroot/yun.jridc.com/Cloud/Runtime/Cache/Home/1b02bb37aaf4d696e544a9167d94e637.php 第 48 行.
NOTIC: [8] Use of undefined constant id - assumed 'id' /www/wwwroot/yun.jridc.com/Cloud/Runtime/Cache/Home/1b02bb37aaf4d696e544a9167d94e637.php 第 48 行.
NOTIC: [8] Use of undefined constant id - assumed 'id' /www/wwwroot/yun.jridc.com/Cloud/Runtime/Cache/Home/1b02bb37aaf4d696e544a9167d94e637.php 第 48 行.
SQL: SELECT * FROM `cloud_page` WHERE ( type_id=1 ) ORDER BY sort desc LIMIT 10   [ RunTime:0.000076s ]
NOTIC: [8] Use of undefined constant id - assumed 'id' /www/wwwroot/yun.jridc.com/Cloud/Runtime/Cache/Home/1b02bb37aaf4d696e544a9167d94e637.php 第 62 行.
NOTIC: [8] Use of undefined constant id - assumed 'id' /www/wwwroot/yun.jridc.com/Cloud/Runtime/Cache/Home/1b02bb37aaf4d696e544a9167d94e637.php 第 62 行.
NOTIC: [8] Use of undefined constant id - assumed 'id' /www/wwwroot/yun.jridc.com/Cloud/Runtime/Cache/Home/1b02bb37aaf4d696e544a9167d94e637.php 第 62 行.
NOTIC: [8] Use of undefined constant id - assumed 'id' /www/wwwroot/yun.jridc.com/Cloud/Runtime/Cache/Home/1b02bb37aaf4d696e544a9167d94e637.php 第 62 行.
INFO: ParseTemplate Behavior ::run [ RunTime:0.013805s ]
INFO: [ view_parse ] --END-- [ RunTime:0.013857s ]
INFO: [ view_filter ] --START--
INFO: ContentReplace Behavior ::run [ RunTime:0.000280s ]
INFO: TokenBuild Behavior ::run [ RunTime:0.000240s ]
INFO: WriteHtmlCache Behavior ::run [ RunTime:0.000174s ]
INFO: ShowRuntime Behavior ::run [ RunTime:0.000310s ]
INFO: [ view_filter ] --END-- [ RunTime:0.001116s ]
INFO: [ view_end ] --START--
INFO: ShowPageTrace Behavior ::run [ RunTime:0.000355s ]
INFO: [ view_end ] --END-- [ RunTime:0.000388s ]

