[ 2019-02-04T11:48:53+08:00 ] 123.126.113.169 /robots.txt
INFO: [ route_check ] --START--
INFO: CheckRoute Behavior ::run [ RunTime:0.000596s ]
INFO: [ route_check ] --END-- [ RunTime:0.000697s ]
NOTIC: [2] stripslashes() expects exactly 1 parameter, 2 given /www/wwwroot/yun.jridc.com/ThinkPHP/Lib/Core/App.class.php 第 57 行.
INFO: [ app_begin ] --START--
INFO: ReadHtmlCache Behavior ::run [ RunTime:0.000407s ]
INFO: [ app_begin ] --END-- [ RunTime:0.000453s ]
NOTIC: [8] Undefined variable: group /www/wwwroot/yun.jridc.com/ThinkPHP/Lib/Core/App.class.php 第 102 行.
ERR: 无法加载模块:Robots.txt

[ 2019-02-04T11:51:48+08:00 ] 123.126.113.169 /index.php/home/page/Show/id/8.html
INFO: [ route_check ] --START--
INFO: CheckRoute Behavior ::run [ RunTime:0.000465s ]
INFO: [ route_check ] --END-- [ RunTime:0.000532s ]
NOTIC: [2] stripslashes() expects exactly 1 parameter, 2 given /www/wwwroot/yun.jridc.com/ThinkPHP/Lib/Core/App.class.php 第 57 行.
NOTIC: [2] stripslashes() expects exactly 1 parameter, 2 given /www/wwwroot/yun.jridc.com/ThinkPHP/Lib/Core/App.class.php 第 57 行.
NOTIC: [2] stripslashes() expects exactly 1 parameter, 2 given /www/wwwroot/yun.jridc.com/ThinkPHP/Lib/Core/App.class.php 第 57 行.
NOTIC: [2] stripslashes() expects exactly 1 parameter, 2 given /www/wwwroot/yun.jridc.com/ThinkPHP/Lib/Core/App.class.php 第 57 行.
NOTIC: [2] stripslashes() expects exactly 1 parameter, 2 given /www/wwwroot/yun.jridc.com/ThinkPHP/Lib/Core/App.class.php 第 57 行.
NOTIC: [2] stripslashes() expects exactly 1 parameter, 2 given /www/wwwroot/yun.jridc.com/ThinkPHP/Lib/Core/App.class.php 第 57 行.
INFO: [ app_begin ] --START--
INFO: ReadHtmlCache Behavior ::run [ RunTime:0.000283s ]
INFO: [ app_begin ] --END-- [ RunTime:0.000315s ]
NOTIC: [2048] Declaration of PageAction::show() should be compatible with Action::show($content, $charset = '', $contentType = '', $prefix = '') /www/wwwroot/yun.jridc.com/Cloud/Lib/Action/Home/PageAction.class.php 第 2 行.
SQL: SHOW COLUMNS FROM `cloud_config` [ RunTime:0.000646s ]
SQL: SELECT `c_key`,`c_value` FROM `cloud_config` WHERE ( `c_module` = 'WEBSITE' )  [ RunTime:0.000065s ]
NOTIC: 建议使用I方法替代_get
NOTIC: [2] stripslashes() expects exactly 1 parameter, 2 given /www/wwwroot/yun.jridc.com/ThinkPHP/Common/common.php 第 109 行.
NOTIC: [2] stripslashes() expects exactly 1 parameter, 2 given /www/wwwroot/yun.jridc.com/ThinkPHP/Common/common.php 第 109 行.
NOTIC: [2] stripslashes() expects exactly 1 parameter, 2 given /www/wwwroot/yun.jridc.com/ThinkPHP/Common/common.php 第 109 行.
NOTIC: [2] stripslashes() expects exactly 1 parameter, 2 given /www/wwwroot/yun.jridc.com/ThinkPHP/Common/common.php 第 109 行.
NOTIC: [2] stripslashes() expects exactly 1 parameter, 2 given /www/wwwroot/yun.jridc.com/ThinkPHP/Common/common.php 第 109 行.
NOTIC: [2] stripslashes() expects exactly 1 parameter, 2 given /www/wwwroot/yun.jridc.com/ThinkPHP/Common/common.php 第 109 行.
SQL: SHOW COLUMNS FROM `cloud_page` [ RunTime:0.000412s ]
SQL: SELECT * FROM `cloud_page` WHERE ( id =8 ) LIMIT 1   [ RunTime:0.000053s ]
INFO: [ view_parse ] --START--
NOTIC: [8] Undefined index: field /www/wwwroot/yun.jridc.com/Cloud/Lib/TagLib/TagLibCloud.class.php 第 14 行.
NOTIC: [8] Undefined index: field /www/wwwroot/yun.jridc.com/Cloud/Lib/TagLib/TagLibCloud.class.php 第 14 行.
NOTIC: [8] Undefined index: field /www/wwwroot/yun.jridc.com/Cloud/Lib/TagLib/TagLibCloud.class.php 第 14 行.
NOTIC: [8] Undefined index: uid /www/wwwroot/yun.jridc.com/Cloud/Runtime/Cache/Home/5e2a4dc739e7e5b8ddd8f24aa6ee4363.php 第 19 行.
SQL: SELECT * FROM `cloud_page` WHERE ( type_id=3 ) ORDER BY sort desc LIMIT 10   [ RunTime:0.000129s ]
NOTIC: [8] Use of undefined constant id - assumed 'id' /www/wwwroot/yun.jridc.com/Cloud/Runtime/Cache/Home/5e2a4dc739e7e5b8ddd8f24aa6ee4363.php 第 34 行.
NOTIC: [8] Use of undefined constant id - assumed 'id' /www/wwwroot/yun.jridc.com/Cloud/Runtime/Cache/Home/5e2a4dc739e7e5b8ddd8f24aa6ee4363.php 第 34 行.
NOTIC: [8] Use of undefined constant id - assumed 'id' /www/wwwroot/yun.jridc.com/Cloud/Runtime/Cache/Home/5e2a4dc739e7e5b8ddd8f24aa6ee4363.php 第 34 行.
NOTIC: [8] Use of undefined constant id - assumed 'id' /www/wwwroot/yun.jridc.com/Cloud/Runtime/Cache/Home/5e2a4dc739e7e5b8ddd8f24aa6ee4363.php 第 34 行.
SQL: SELECT * FROM `cloud_page` WHERE ( type_id=2 ) ORDER BY sort desc LIMIT 10   [ RunTime:0.000078s ]
NOTIC: [8] Use of undefined constant id - assumed 'id' /www/wwwroot/yun.jridc.com/Cloud/Runtime/Cache/Home/5e2a4dc739e7e5b8ddd8f24aa6ee4363.php 第 46 行.
NOTIC: [8] Use of undefined constant id - assumed 'id' /www/wwwroot/yun.jridc.com/Cloud/Runtime/Cache/Home/5e2a4dc739e7e5b8ddd8f24aa6ee4363.php 第 46 行.
NOTIC: [8] Use of undefined constant id - assumed 'id' /www/wwwroot/yun.jridc.com/Cloud/Runtime/Cache/Home/5e2a4dc739e7e5b8ddd8f24aa6ee4363.php 第 46 行.
SQL: SELECT * FROM `cloud_page` WHERE ( type_id=1 ) ORDER BY sort desc LIMIT 10   [ RunTime:0.000102s ]
NOTIC: [8] Use of undefined constant id - assumed 'id' /www/wwwroot/yun.jridc.com/Cloud/Runtime/Cache/Home/5e2a4dc739e7e5b8ddd8f24aa6ee4363.php 第 60 行.
NOTIC: [8] Use of undefined constant id - assumed 'id' /www/wwwroot/yun.jridc.com/Cloud/Runtime/Cache/Home/5e2a4dc739e7e5b8ddd8f24aa6ee4363.php 第 60 行.
NOTIC: [8] Use of undefined constant id - assumed 'id' /www/wwwroot/yun.jridc.com/Cloud/Runtime/Cache/Home/5e2a4dc739e7e5b8ddd8f24aa6ee4363.php 第 60 行.
NOTIC: [8] Use of undefined constant id - assumed 'id' /www/wwwroot/yun.jridc.com/Cloud/Runtime/Cache/Home/5e2a4dc739e7e5b8ddd8f24aa6ee4363.php 第 60 行.
INFO: ParseTemplate Behavior ::run [ RunTime:0.011026s ]
INFO: [ view_parse ] --END-- [ RunTime:0.011066s ]
INFO: [ view_filter ] --START--
INFO: ContentReplace Behavior ::run [ RunTime:0.000354s ]
INFO: TokenBuild Behavior ::run [ RunTime:0.000215s ]
INFO: WriteHtmlCache Behavior ::run [ RunTime:0.000149s ]
INFO: ShowRuntime Behavior ::run [ RunTime:0.000266s ]
INFO: [ view_filter ] --END-- [ RunTime:0.001076s ]
INFO: [ view_end ] --START--
INFO: ShowPageTrace Behavior ::run [ RunTime:0.000327s ]
INFO: [ view_end ] --END-- [ RunTime:0.000359s ]

[ 2019-02-04T11:52:35+08:00 ] 123.126.113.169 /index.php/home/page/Show/id/5.html
INFO: [ route_check ] --START--
INFO: CheckRoute Behavior ::run [ RunTime:0.000506s ]
INFO: [ route_check ] --END-- [ RunTime:0.000591s ]
NOTIC: [2] stripslashes() expects exactly 1 parameter, 2 given /www/wwwroot/yun.jridc.com/ThinkPHP/Lib/Core/App.class.php 第 57 行.
NOTIC: [2] stripslashes() expects exactly 1 parameter, 2 given /www/wwwroot/yun.jridc.com/ThinkPHP/Lib/Core/App.class.php 第 57 行.
NOTIC: [2] stripslashes() expects exactly 1 parameter, 2 given /www/wwwroot/yun.jridc.com/ThinkPHP/Lib/Core/App.class.php 第 57 行.
NOTIC: [2] stripslashes() expects exactly 1 parameter, 2 given /www/wwwroot/yun.jridc.com/ThinkPHP/Lib/Core/App.class.php 第 57 行.
NOTIC: [2] stripslashes() expects exactly 1 parameter, 2 given /www/wwwroot/yun.jridc.com/ThinkPHP/Lib/Core/App.class.php 第 57 行.
NOTIC: [2] stripslashes() expects exactly 1 parameter, 2 given /www/wwwroot/yun.jridc.com/ThinkPHP/Lib/Core/App.class.php 第 57 行.
INFO: [ app_begin ] --START--
INFO: ReadHtmlCache Behavior ::run [ RunTime:0.000291s ]
INFO: [ app_begin ] --END-- [ RunTime:0.000325s ]
NOTIC: [2048] Declaration of PageAction::show() should be compatible with Action::show($content, $charset = '', $contentType = '', $prefix = '') /www/wwwroot/yun.jridc.com/Cloud/Lib/Action/Home/PageAction.class.php 第 2 行.
SQL: SHOW COLUMNS FROM `cloud_config` [ RunTime:0.000577s ]
SQL: SELECT `c_key`,`c_value` FROM `cloud_config` WHERE ( `c_module` = 'WEBSITE' )  [ RunTime:0.000084s ]
NOTIC: 建议使用I方法替代_get
NOTIC: [2] stripslashes() expects exactly 1 parameter, 2 given /www/wwwroot/yun.jridc.com/ThinkPHP/Common/common.php 第 109 行.
NOTIC: [2] stripslashes() expects exactly 1 parameter, 2 given /www/wwwroot/yun.jridc.com/ThinkPHP/Common/common.php 第 109 行.
NOTIC: [2] stripslashes() expects exactly 1 parameter, 2 given /www/wwwroot/yun.jridc.com/ThinkPHP/Common/common.php 第 109 行.
NOTIC: [2] stripslashes() expects exactly 1 parameter, 2 given /www/wwwroot/yun.jridc.com/ThinkPHP/Common/common.php 第 109 行.
NOTIC: [2] stripslashes() expects exactly 1 parameter, 2 given /www/wwwroot/yun.jridc.com/ThinkPHP/Common/common.php 第 109 行.
NOTIC: [2] stripslashes() expects exactly 1 parameter, 2 given /www/wwwroot/yun.jridc.com/ThinkPHP/Common/common.php 第 109 行.
SQL: SHOW COLUMNS FROM `cloud_page` [ RunTime:0.000526s ]
SQL: SELECT * FROM `cloud_page` WHERE ( id =5 ) LIMIT 1   [ RunTime:0.000091s ]
INFO: [ view_parse ] --START--
NOTIC: [8] Undefined index: field /www/wwwroot/yun.jridc.com/Cloud/Lib/TagLib/TagLibCloud.class.php 第 14 行.
NOTIC: [8] Undefined index: field /www/wwwroot/yun.jridc.com/Cloud/Lib/TagLib/TagLibCloud.class.php 第 14 行.
NOTIC: [8] Undefined index: field /www/wwwroot/yun.jridc.com/Cloud/Lib/TagLib/TagLibCloud.class.php 第 14 行.
NOTIC: [8] Undefined index: field /www/wwwroot/yun.jridc.com/Cloud/Lib/TagLib/TagLibCloud.class.php 第 14 行.
NOTIC: [8] Undefined index: field /www/wwwroot/yun.jridc.com/Cloud/Lib/TagLib/TagLibCloud.class.php 第 14 行.
NOTIC: [8] Undefined index: field /www/wwwroot/yun.jridc.com/Cloud/Lib/TagLib/TagLibCloud.class.php 第 14 行.
NOTIC: [8] Undefined index: uid /www/wwwroot/yun.jridc.com/Cloud/Runtime/Cache/Home/7ff62ca4f22f7123aed617eeb51b2168.php 第 19 行.
SQL: SELECT * FROM `cloud_page` WHERE ( type_id=3 ) ORDER BY sort desc LIMIT 10   [ RunTime:0.000124s ]
NOTIC: [8] Use of undefined constant id - assumed 'id' /www/wwwroot/yun.jridc.com/Cloud/Runtime/Cache/Home/7ff62ca4f22f7123aed617eeb51b2168.php 第 34 行.
NOTIC: [8] Use of undefined constant id - assumed 'id' /www/wwwroot/yun.jridc.com/Cloud/Runtime/Cache/Home/7ff62ca4f22f7123aed617eeb51b2168.php 第 34 行.
NOTIC: [8] Use of undefined constant id - assumed 'id' /www/wwwroot/yun.jridc.com/Cloud/Runtime/Cache/Home/7ff62ca4f22f7123aed617eeb51b2168.php 第 34 行.
NOTIC: [8] Use of undefined constant id - assumed 'id' /www/wwwroot/yun.jridc.com/Cloud/Runtime/Cache/Home/7ff62ca4f22f7123aed617eeb51b2168.php 第 34 行.
SQL: SELECT * FROM `cloud_page` WHERE ( type_id=2 ) ORDER BY sort desc LIMIT 10   [ RunTime:0.000074s ]
NOTIC: [8] Use of undefined constant id - assumed 'id' /www/wwwroot/yun.jridc.com/Cloud/Runtime/Cache/Home/7ff62ca4f22f7123aed617eeb51b2168.php 第 46 行.
NOTIC: [8] Use of undefined constant id - assumed 'id' /www/wwwroot/yun.jridc.com/Cloud/Runtime/Cache/Home/7ff62ca4f22f7123aed617eeb51b2168.php 第 46 行.
NOTIC: [8] Use of undefined constant id - assumed 'id' /www/wwwroot/yun.jridc.com/Cloud/Runtime/Cache/Home/7ff62ca4f22f7123aed617eeb51b2168.php 第 46 行.
SQL: SELECT * FROM `cloud_page` WHERE ( type_id=1 ) ORDER BY sort desc LIMIT 10   [ RunTime:0.000065s ]
NOTIC: [8] Use of undefined constant id - assumed 'id' /www/wwwroot/yun.jridc.com/Cloud/Runtime/Cache/Home/7ff62ca4f22f7123aed617eeb51b2168.php 第 60 行.
NOTIC: [8] Use of undefined constant id - assumed 'id' /www/wwwroot/yun.jridc.com/Cloud/Runtime/Cache/Home/7ff62ca4f22f7123aed617eeb51b2168.php 第 60 行.
NOTIC: [8] Use of undefined constant id - assumed 'id' /www/wwwroot/yun.jridc.com/Cloud/Runtime/Cache/Home/7ff62ca4f22f7123aed617eeb51b2168.php 第 60 行.
NOTIC: [8] Use of undefined constant id - assumed 'id' /www/wwwroot/yun.jridc.com/Cloud/Runtime/Cache/Home/7ff62ca4f22f7123aed617eeb51b2168.php 第 60 行.
NOTIC: [8] Use of undefined constant type_id - assumed 'type_id' /www/wwwroot/yun.jridc.com/Cloud/Runtime/Cache/Home/7ff62ca4f22f7123aed617eeb51b2168.php 第 75 行.
NOTIC: [8] Use of undefined constant type_id - assumed 'type_id' /www/wwwroot/yun.jridc.com/Cloud/Runtime/Cache/Home/7ff62ca4f22f7123aed617eeb51b2168.php 第 84 行.
SQL: SELECT * FROM `cloud_page` WHERE ( type_id=2 ) ORDER BY sort desc LIMIT 10   [ RunTime:0.000074s ]
NOTIC: [8] Use of undefined constant id - assumed 'id' /www/wwwroot/yun.jridc.com/Cloud/Runtime/Cache/Home/7ff62ca4f22f7123aed617eeb51b2168.php 第 89 行.
NOTIC: [8] Use of undefined constant id - assumed 'id' /www/wwwroot/yun.jridc.com/Cloud/Runtime/Cache/Home/7ff62ca4f22f7123aed617eeb51b2168.php 第 89 行.
NOTIC: [8] Use of undefined constant id - assumed 'id' /www/wwwroot/yun.jridc.com/Cloud/Runtime/Cache/Home/7ff62ca4f22f7123aed617eeb51b2168.php 第 89 行.
NOTIC: [8] Use of undefined constant type_id - assumed 'type_id' /www/wwwroot/yun.jridc.com/Cloud/Runtime/Cache/Home/7ff62ca4f22f7123aed617eeb51b2168.php 第 93 行.
INFO: ParseTemplate Behavior ::run [ RunTime:0.013471s ]
INFO: [ view_parse ] --END-- [ RunTime:0.013516s ]
INFO: [ view_filter ] --START--
INFO: ContentReplace Behavior ::run [ RunTime:0.000332s ]
INFO: TokenBuild Behavior ::run [ RunTime:0.000207s ]
INFO: WriteHtmlCache Behavior ::run [ RunTime:0.000164s ]
INFO: ShowRuntime Behavior ::run [ RunTime:0.000241s ]
INFO: [ view_filter ] --END-- [ RunTime:0.001037s ]
INFO: [ view_end ] --START--
INFO: ShowPageTrace Behavior ::run [ RunTime:0.000332s ]
INFO: [ view_end ] --END-- [ RunTime:0.000364s ]

[ 2019-02-04T23:15:31+08:00 ] 123.126.113.169 /index.php/home/cloud/buy.html
INFO: [ route_check ] --START--
INFO: CheckRoute Behavior ::run [ RunTime:0.000450s ]
INFO: [ route_check ] --END-- [ RunTime:0.000516s ]
NOTIC: [2] stripslashes() expects exactly 1 parameter, 2 given /www/wwwroot/yun.jridc.com/ThinkPHP/Lib/Core/App.class.php 第 57 行.
NOTIC: [2] stripslashes() expects exactly 1 parameter, 2 given /www/wwwroot/yun.jridc.com/ThinkPHP/Lib/Core/App.class.php 第 57 行.
NOTIC: [2] stripslashes() expects exactly 1 parameter, 2 given /www/wwwroot/yun.jridc.com/ThinkPHP/Lib/Core/App.class.php 第 57 行.
INFO: [ app_begin ] --START--
INFO: ReadHtmlCache Behavior ::run [ RunTime:0.000273s ]
INFO: [ app_begin ] --END-- [ RunTime:0.000304s ]
SQL: SHOW COLUMNS FROM `cloud_config` [ RunTime:0.000565s ]
SQL: SELECT `c_key`,`c_value` FROM `cloud_config` WHERE ( `c_module` = 'WEBSITE' )  [ RunTime:0.000051s ]
SQL: SHOW COLUMNS FROM `cloud_cloud` [ RunTime:0.000441s ]
SQL: SHOW COLUMNS FROM `cloud_cloud_product` [ RunTime:0.000466s ]
SQL: SELECT `iptype` FROM `cloud_cloud_product` WHERE ( `status` = 1 )  [ RunTime:0.000048s ]
NOTIC: [8] Undefined index: uid /www/wwwroot/yun.jridc.com/Cloud/Lib/Action/Home/CloudAction.class.php 第 13 行.
INFO: [ view_parse ] --START--
NOTIC: [8] Undefined index: field /www/wwwroot/yun.jridc.com/Cloud/Lib/TagLib/TagLibCloud.class.php 第 14 行.
NOTIC: [8] Undefined index: field /www/wwwroot/yun.jridc.com/Cloud/Lib/TagLib/TagLibCloud.class.php 第 14 行.
NOTIC: [8] Undefined index: field /www/wwwroot/yun.jridc.com/Cloud/Lib/TagLib/TagLibCloud.class.php 第 14 行.
NOTIC: [8] Undefined index: field /www/wwwroot/yun.jridc.com/Cloud/Lib/TagLib/TagLibCloud.class.php 第 14 行.
NOTIC: [8] Undefined variable: data /www/wwwroot/yun.jridc.com/Cloud/Runtime/Cache/Home/f9bddac7c59f9cf621e040a3844c6b2c.php 第 8 行.
NOTIC: [8] Undefined variable: data /www/wwwroot/yun.jridc.com/Cloud/Runtime/Cache/Home/f9bddac7c59f9cf621e040a3844c6b2c.php 第 9 行.
NOTIC: [8] Undefined index: uid /www/wwwroot/yun.jridc.com/Cloud/Runtime/Cache/Home/f9bddac7c59f9cf621e040a3844c6b2c.php 第 24 行.
SQL: SHOW COLUMNS FROM `cloud_page` [ RunTime:0.000563s ]
SQL: SELECT * FROM `cloud_page` WHERE ( type_id=3 ) ORDER BY sort desc LIMIT 10   [ RunTime:0.000051s ]
NOTIC: [8] Use of undefined constant id - assumed 'id' /www/wwwroot/yun.jridc.com/Cloud/Runtime/Cache/Home/f9bddac7c59f9cf621e040a3844c6b2c.php 第 39 行.
NOTIC: [8] Use of undefined constant id - assumed 'id' /www/wwwroot/yun.jridc.com/Cloud/Runtime/Cache/Home/f9bddac7c59f9cf621e040a3844c6b2c.php 第 39 行.
NOTIC: [8] Use of undefined constant id - assumed 'id' /www/wwwroot/yun.jridc.com/Cloud/Runtime/Cache/Home/f9bddac7c59f9cf621e040a3844c6b2c.php 第 39 行.
NOTIC: [8] Use of undefined constant id - assumed 'id' /www/wwwroot/yun.jridc.com/Cloud/Runtime/Cache/Home/f9bddac7c59f9cf621e040a3844c6b2c.php 第 39 行.
SQL: SELECT * FROM `cloud_page` WHERE ( type_id=2 ) ORDER BY sort desc LIMIT 10   [ RunTime:0.000060s ]
NOTIC: [8] Use of undefined constant id - assumed 'id' /www/wwwroot/yun.jridc.com/Cloud/Runtime/Cache/Home/f9bddac7c59f9cf621e040a3844c6b2c.php 第 51 行.
NOTIC: [8] Use of undefined constant id - assumed 'id' /www/wwwroot/yun.jridc.com/Cloud/Runtime/Cache/Home/f9bddac7c59f9cf621e040a3844c6b2c.php 第 51 行.
NOTIC: [8] Use of undefined constant id - assumed 'id' /www/wwwroot/yun.jridc.com/Cloud/Runtime/Cache/Home/f9bddac7c59f9cf621e040a3844c6b2c.php 第 51 行.
SQL: SELECT * FROM `cloud_page` WHERE ( type_id=1 ) ORDER BY sort desc LIMIT 10   [ RunTime:0.000061s ]
NOTIC: [8] Use of undefined constant id - assumed 'id' /www/wwwroot/yun.jridc.com/Cloud/Runtime/Cache/Home/f9bddac7c59f9cf621e040a3844c6b2c.php 第 65 行.
NOTIC: [8] Use of undefined constant id - assumed 'id' /www/wwwroot/yun.jridc.com/Cloud/Runtime/Cache/Home/f9bddac7c59f9cf621e040a3844c6b2c.php 第 65 行.
NOTIC: [8] Use of undefined constant id - assumed 'id' /www/wwwroot/yun.jridc.com/Cloud/Runtime/Cache/Home/f9bddac7c59f9cf621e040a3844c6b2c.php 第 65 行.
NOTIC: [8] Use of undefined constant id - assumed 'id' /www/wwwroot/yun.jridc.com/Cloud/Runtime/Cache/Home/f9bddac7c59f9cf621e040a3844c6b2c.php 第 65 行.
SQL: SELECT * FROM `cloud_page` WHERE ( type_id=3 ) ORDER BY sort desc LIMIT 10   [ RunTime:0.000059s ]
NOTIC: [8] Use of undefined constant id - assumed 'id' /www/wwwroot/yun.jridc.com/Cloud/Runtime/Cache/Home/f9bddac7c59f9cf621e040a3844c6b2c.php 第 88 行.
NOTIC: [8] Use of undefined constant id - assumed 'id' /www/wwwroot/yun.jridc.com/Cloud/Runtime/Cache/Home/f9bddac7c59f9cf621e040a3844c6b2c.php 第 88 行.
NOTIC: [8] Use of undefined constant id - assumed 'id' /www/wwwroot/yun.jridc.com/Cloud/Runtime/Cache/Home/f9bddac7c59f9cf621e040a3844c6b2c.php 第 88 行.
NOTIC: [8] Use of undefined constant id - assumed 'id' /www/wwwroot/yun.jridc.com/Cloud/Runtime/Cache/Home/f9bddac7c59f9cf621e040a3844c6b2c.php 第 88 行.
NOTIC: [8] Use of undefined constant ipdefalt - assumed 'ipdefalt' /www/wwwroot/yun.jridc.com/Cloud/Runtime/Cache/Home/f9bddac7c59f9cf621e040a3844c6b2c.php 第 107 行.
NOTIC: [8] Use of undefined constant ipdefalt - assumed 'ipdefalt' /www/wwwroot/yun.jridc.com/Cloud/Runtime/Cache/Home/f9bddac7c59f9cf621e040a3844c6b2c.php 第 107 行.
NOTIC: [8] Use of undefined constant ipdefalt - assumed 'ipdefalt' /www/wwwroot/yun.jridc.com/Cloud/Runtime/Cache/Home/f9bddac7c59f9cf621e040a3844c6b2c.php 第 107 行.
INFO: ParseTemplate Behavior ::run [ RunTime:0.013698s ]
INFO: [ view_parse ] --END-- [ RunTime:0.013756s ]
INFO: [ view_filter ] --START--
INFO: ContentReplace Behavior ::run [ RunTime:0.000385s ]
INFO: TokenBuild Behavior ::run [ RunTime:0.000263s ]
INFO: WriteHtmlCache Behavior ::run [ RunTime:0.000179s ]
INFO: ShowRuntime Behavior ::run [ RunTime:0.000329s ]
INFO: [ view_filter ] --END-- [ RunTime:0.001281s ]
INFO: [ view_end ] --START--
INFO: ShowPageTrace Behavior ::run [ RunTime:0.000399s ]
INFO: [ view_end ] --END-- [ RunTime:0.000441s ]

