[ 2019-02-11T03:34:23+08:00 ] 203.208.60.79 /robots.txt
INFO: [ route_check ] --START--
INFO: CheckRoute Behavior ::run [ RunTime:0.000702s ]
INFO: [ route_check ] --END-- [ RunTime:0.000812s ]
NOTIC: [2] stripslashes() expects exactly 1 parameter, 2 given /www/wwwroot/yun.jridc.com/ThinkPHP/Lib/Core/App.class.php 第 57 行.
INFO: [ app_begin ] --START--
INFO: ReadHtmlCache Behavior ::run [ RunTime:0.000376s ]
INFO: [ app_begin ] --END-- [ RunTime:0.000416s ]
NOTIC: [8] Undefined variable: group /www/wwwroot/yun.jridc.com/ThinkPHP/Lib/Core/App.class.php 第 102 行.
ERR: 无法加载模块:Robots.txt

[ 2019-02-11T03:34:39+08:00 ] 203.208.60.21 /
INFO: [ app_begin ] --START--
INFO: ReadHtmlCache Behavior ::run [ RunTime:0.000325s ]
INFO: [ app_begin ] --END-- [ RunTime:0.000421s ]
SQL: SHOW COLUMNS FROM `cloud_config` [ RunTime:0.000498s ]
SQL: SELECT `c_key`,`c_value` FROM `cloud_config` WHERE ( `c_module` = 'WEBSITE' )  [ RunTime:0.000050s ]
INFO: [ view_parse ] --START--
NOTIC: [8] Undefined index: field /www/wwwroot/yun.jridc.com/Cloud/Lib/TagLib/TagLibCloud.class.php 第 14 行.
NOTIC: [8] Undefined index: field /www/wwwroot/yun.jridc.com/Cloud/Lib/TagLib/TagLibCloud.class.php 第 14 行.
NOTIC: [8] Undefined index: field /www/wwwroot/yun.jridc.com/Cloud/Lib/TagLib/TagLibCloud.class.php 第 14 行.
NOTIC: [8] Undefined index: uid /www/wwwroot/yun.jridc.com/Cloud/Runtime/Cache/Home/1b02bb37aaf4d696e544a9167d94e637.php 第 21 行.
SQL: SHOW COLUMNS FROM `cloud_page` [ RunTime:0.000585s ]
SQL: SELECT * FROM `cloud_page` WHERE ( type_id=3 ) ORDER BY sort desc LIMIT 10   [ RunTime:0.000053s ]
NOTIC: [8] Use of undefined constant id - assumed 'id' /www/wwwroot/yun.jridc.com/Cloud/Runtime/Cache/Home/1b02bb37aaf4d696e544a9167d94e637.php 第 36 行.
NOTIC: [8] Use of undefined constant id - assumed 'id' /www/wwwroot/yun.jridc.com/Cloud/Runtime/Cache/Home/1b02bb37aaf4d696e544a9167d94e637.php 第 36 行.
NOTIC: [8] Use of undefined constant id - assumed 'id' /www/wwwroot/yun.jridc.com/Cloud/Runtime/Cache/Home/1b02bb37aaf4d696e544a9167d94e637.php 第 36 行.
NOTIC: [8] Use of undefined constant id - assumed 'id' /www/wwwroot/yun.jridc.com/Cloud/Runtime/Cache/Home/1b02bb37aaf4d696e544a9167d94e637.php 第 36 行.
SQL: SELECT * FROM `cloud_page` WHERE ( type_id=2 ) ORDER BY sort desc LIMIT 10   [ RunTime:0.000060s ]
NOTIC: [8] Use of undefined constant id - assumed 'id' /www/wwwroot/yun.jridc.com/Cloud/Runtime/Cache/Home/1b02bb37aaf4d696e544a9167d94e637.php 第 48 行.
NOTIC: [8] Use of undefined constant id - assumed 'id' /www/wwwroot/yun.jridc.com/Cloud/Runtime/Cache/Home/1b02bb37aaf4d696e544a9167d94e637.php 第 48 行.
NOTIC: [8] Use of undefined constant id - assumed 'id' /www/wwwroot/yun.jridc.com/Cloud/Runtime/Cache/Home/1b02bb37aaf4d696e544a9167d94e637.php 第 48 行.
SQL: SELECT * FROM `cloud_page` WHERE ( type_id=1 ) ORDER BY sort desc LIMIT 10   [ RunTime:0.000063s ]
NOTIC: [8] Use of undefined constant id - assumed 'id' /www/wwwroot/yun.jridc.com/Cloud/Runtime/Cache/Home/1b02bb37aaf4d696e544a9167d94e637.php 第 62 行.
NOTIC: [8] Use of undefined constant id - assumed 'id' /www/wwwroot/yun.jridc.com/Cloud/Runtime/Cache/Home/1b02bb37aaf4d696e544a9167d94e637.php 第 62 行.
NOTIC: [8] Use of undefined constant id - assumed 'id' /www/wwwroot/yun.jridc.com/Cloud/Runtime/Cache/Home/1b02bb37aaf4d696e544a9167d94e637.php 第 62 行.
NOTIC: [8] Use of undefined constant id - assumed 'id' /www/wwwroot/yun.jridc.com/Cloud/Runtime/Cache/Home/1b02bb37aaf4d696e544a9167d94e637.php 第 62 行.
INFO: ParseTemplate Behavior ::run [ RunTime:0.011854s ]
INFO: [ view_parse ] --END-- [ RunTime:0.011893s ]
INFO: [ view_filter ] --START--
INFO: ContentReplace Behavior ::run [ RunTime:0.000324s ]
INFO: TokenBuild Behavior ::run [ RunTime:0.000207s ]
INFO: WriteHtmlCache Behavior ::run [ RunTime:0.000150s ]
INFO: ShowRuntime Behavior ::run [ RunTime:0.000252s ]
INFO: [ view_filter ] --END-- [ RunTime:0.001024s ]
INFO: [ view_end ] --START--
INFO: ShowPageTrace Behavior ::run [ RunTime:0.000358s ]
INFO: [ view_end ] --END-- [ RunTime:0.000389s ]

[ 2019-02-11T07:47:44+08:00 ] 49.70.116.124 /
INFO: [ app_begin ] --START--
INFO: ReadHtmlCache Behavior ::run [ RunTime:0.000308s ]
INFO: [ app_begin ] --END-- [ RunTime:0.000363s ]
SQL: SHOW COLUMNS FROM `cloud_config` [ RunTime:0.000707s ]
SQL: SELECT `c_key`,`c_value` FROM `cloud_config` WHERE ( `c_module` = 'WEBSITE' )  [ RunTime:0.000063s ]
INFO: [ view_parse ] --START--
NOTIC: [8] Undefined index: field /www/wwwroot/yun.jridc.com/Cloud/Lib/TagLib/TagLibCloud.class.php 第 14 行.
NOTIC: [8] Undefined index: field /www/wwwroot/yun.jridc.com/Cloud/Lib/TagLib/TagLibCloud.class.php 第 14 行.
NOTIC: [8] Undefined index: field /www/wwwroot/yun.jridc.com/Cloud/Lib/TagLib/TagLibCloud.class.php 第 14 行.
NOTIC: [8] Undefined index: uid /www/wwwroot/yun.jridc.com/Cloud/Runtime/Cache/Home/1b02bb37aaf4d696e544a9167d94e637.php 第 21 行.
SQL: SHOW COLUMNS FROM `cloud_page` [ RunTime:0.000786s ]
SQL: SELECT * FROM `cloud_page` WHERE ( type_id=3 ) ORDER BY sort desc LIMIT 10   [ RunTime:0.000070s ]
NOTIC: [8] Use of undefined constant id - assumed 'id' /www/wwwroot/yun.jridc.com/Cloud/Runtime/Cache/Home/1b02bb37aaf4d696e544a9167d94e637.php 第 36 行.
NOTIC: [8] Use of undefined constant id - assumed 'id' /www/wwwroot/yun.jridc.com/Cloud/Runtime/Cache/Home/1b02bb37aaf4d696e544a9167d94e637.php 第 36 行.
NOTIC: [8] Use of undefined constant id - assumed 'id' /www/wwwroot/yun.jridc.com/Cloud/Runtime/Cache/Home/1b02bb37aaf4d696e544a9167d94e637.php 第 36 行.
NOTIC: [8] Use of undefined constant id - assumed 'id' /www/wwwroot/yun.jridc.com/Cloud/Runtime/Cache/Home/1b02bb37aaf4d696e544a9167d94e637.php 第 36 行.
SQL: SELECT * FROM `cloud_page` WHERE ( type_id=2 ) ORDER BY sort desc LIMIT 10   [ RunTime:0.000093s ]
NOTIC: [8] Use of undefined constant id - assumed 'id' /www/wwwroot/yun.jridc.com/Cloud/Runtime/Cache/Home/1b02bb37aaf4d696e544a9167d94e637.php 第 48 行.
NOTIC: [8] Use of undefined constant id - assumed 'id' /www/wwwroot/yun.jridc.com/Cloud/Runtime/Cache/Home/1b02bb37aaf4d696e544a9167d94e637.php 第 48 行.
NOTIC: [8] Use of undefined constant id - assumed 'id' /www/wwwroot/yun.jridc.com/Cloud/Runtime/Cache/Home/1b02bb37aaf4d696e544a9167d94e637.php 第 48 行.
SQL: SELECT * FROM `cloud_page` WHERE ( type_id=1 ) ORDER BY sort desc LIMIT 10   [ RunTime:0.000092s ]
NOTIC: [8] Use of undefined constant id - assumed 'id' /www/wwwroot/yun.jridc.com/Cloud/Runtime/Cache/Home/1b02bb37aaf4d696e544a9167d94e637.php 第 62 行.
NOTIC: [8] Use of undefined constant id - assumed 'id' /www/wwwroot/yun.jridc.com/Cloud/Runtime/Cache/Home/1b02bb37aaf4d696e544a9167d94e637.php 第 62 行.
NOTIC: [8] Use of undefined constant id - assumed 'id' /www/wwwroot/yun.jridc.com/Cloud/Runtime/Cache/Home/1b02bb37aaf4d696e544a9167d94e637.php 第 62 行.
NOTIC: [8] Use of undefined constant id - assumed 'id' /www/wwwroot/yun.jridc.com/Cloud/Runtime/Cache/Home/1b02bb37aaf4d696e544a9167d94e637.php 第 62 行.
INFO: ParseTemplate Behavior ::run [ RunTime:0.016093s ]
INFO: [ view_parse ] --END-- [ RunTime:0.016164s ]
INFO: [ view_filter ] --START--
INFO: ContentReplace Behavior ::run [ RunTime:0.000432s ]
INFO: TokenBuild Behavior ::run [ RunTime:0.000303s ]
INFO: WriteHtmlCache Behavior ::run [ RunTime:0.000196s ]
INFO: ShowRuntime Behavior ::run [ RunTime:0.000340s ]
INFO: [ view_filter ] --END-- [ RunTime:0.001399s ]
INFO: [ view_end ] --START--
INFO: ShowPageTrace Behavior ::run [ RunTime:0.000494s ]
INFO: [ view_end ] --END-- [ RunTime:0.000540s ]

[ 2019-02-11T08:28:12+08:00 ] 222.187.222.56 /
INFO: [ app_begin ] --START--
INFO: ReadHtmlCache Behavior ::run [ RunTime:0.000311s ]
INFO: [ app_begin ] --END-- [ RunTime:0.000371s ]
SQL: SHOW COLUMNS FROM `cloud_config` [ RunTime:0.000564s ]
SQL: SELECT `c_key`,`c_value` FROM `cloud_config` WHERE ( `c_module` = 'WEBSITE' )  [ RunTime:0.000053s ]
INFO: [ view_parse ] --START--
NOTIC: [8] Undefined index: field /www/wwwroot/yun.jridc.com/Cloud/Lib/TagLib/TagLibCloud.class.php 第 14 行.
NOTIC: [8] Undefined index: field /www/wwwroot/yun.jridc.com/Cloud/Lib/TagLib/TagLibCloud.class.php 第 14 行.
NOTIC: [8] Undefined index: field /www/wwwroot/yun.jridc.com/Cloud/Lib/TagLib/TagLibCloud.class.php 第 14 行.
NOTIC: [8] Undefined index: uid /www/wwwroot/yun.jridc.com/Cloud/Runtime/Cache/Home/1b02bb37aaf4d696e544a9167d94e637.php 第 21 行.
SQL: SHOW COLUMNS FROM `cloud_page` [ RunTime:0.000709s ]
SQL: SELECT * FROM `cloud_page` WHERE ( type_id=3 ) ORDER BY sort desc LIMIT 10   [ RunTime:0.000057s ]
NOTIC: [8] Use of undefined constant id - assumed 'id' /www/wwwroot/yun.jridc.com/Cloud/Runtime/Cache/Home/1b02bb37aaf4d696e544a9167d94e637.php 第 36 行.
NOTIC: [8] Use of undefined constant id - assumed 'id' /www/wwwroot/yun.jridc.com/Cloud/Runtime/Cache/Home/1b02bb37aaf4d696e544a9167d94e637.php 第 36 行.
NOTIC: [8] Use of undefined constant id - assumed 'id' /www/wwwroot/yun.jridc.com/Cloud/Runtime/Cache/Home/1b02bb37aaf4d696e544a9167d94e637.php 第 36 行.
NOTIC: [8] Use of undefined constant id - assumed 'id' /www/wwwroot/yun.jridc.com/Cloud/Runtime/Cache/Home/1b02bb37aaf4d696e544a9167d94e637.php 第 36 行.
SQL: SELECT * FROM `cloud_page` WHERE ( type_id=2 ) ORDER BY sort desc LIMIT 10   [ RunTime:0.000075s ]
NOTIC: [8] Use of undefined constant id - assumed 'id' /www/wwwroot/yun.jridc.com/Cloud/Runtime/Cache/Home/1b02bb37aaf4d696e544a9167d94e637.php 第 48 行.
NOTIC: [8] Use of undefined constant id - assumed 'id' /www/wwwroot/yun.jridc.com/Cloud/Runtime/Cache/Home/1b02bb37aaf4d696e544a9167d94e637.php 第 48 行.
NOTIC: [8] Use of undefined constant id - assumed 'id' /www/wwwroot/yun.jridc.com/Cloud/Runtime/Cache/Home/1b02bb37aaf4d696e544a9167d94e637.php 第 48 行.
SQL: SELECT * FROM `cloud_page` WHERE ( type_id=1 ) ORDER BY sort desc LIMIT 10   [ RunTime:0.000085s ]
NOTIC: [8] Use of undefined constant id - assumed 'id' /www/wwwroot/yun.jridc.com/Cloud/Runtime/Cache/Home/1b02bb37aaf4d696e544a9167d94e637.php 第 62 行.
NOTIC: [8] Use of undefined constant id - assumed 'id' /www/wwwroot/yun.jridc.com/Cloud/Runtime/Cache/Home/1b02bb37aaf4d696e544a9167d94e637.php 第 62 行.
NOTIC: [8] Use of undefined constant id - assumed 'id' /www/wwwroot/yun.jridc.com/Cloud/Runtime/Cache/Home/1b02bb37aaf4d696e544a9167d94e637.php 第 62 行.
NOTIC: [8] Use of undefined constant id - assumed 'id' /www/wwwroot/yun.jridc.com/Cloud/Runtime/Cache/Home/1b02bb37aaf4d696e544a9167d94e637.php 第 62 行.
INFO: ParseTemplate Behavior ::run [ RunTime:0.012806s ]
INFO: [ view_parse ] --END-- [ RunTime:0.012864s ]
INFO: [ view_filter ] --START--
INFO: ContentReplace Behavior ::run [ RunTime:0.000347s ]
INFO: TokenBuild Behavior ::run [ RunTime:0.000264s ]
INFO: WriteHtmlCache Behavior ::run [ RunTime:0.000148s ]
INFO: ShowRuntime Behavior ::run [ RunTime:0.000253s ]
INFO: [ view_filter ] --END-- [ RunTime:0.001120s ]
INFO: [ view_end ] --START--
INFO: ShowPageTrace Behavior ::run [ RunTime:0.000512s ]
INFO: [ view_end ] --END-- [ RunTime:0.000553s ]

[ 2019-02-11T08:33:17+08:00 ] 203.208.60.9 /robots.txt
INFO: [ route_check ] --START--
INFO: CheckRoute Behavior ::run [ RunTime:0.000445s ]
INFO: [ route_check ] --END-- [ RunTime:0.000534s ]
NOTIC: [2] stripslashes() expects exactly 1 parameter, 2 given /www/wwwroot/yun.jridc.com/ThinkPHP/Lib/Core/App.class.php 第 57 行.
INFO: [ app_begin ] --START--
INFO: ReadHtmlCache Behavior ::run [ RunTime:0.000303s ]
INFO: [ app_begin ] --END-- [ RunTime:0.000336s ]
NOTIC: [8] Undefined variable: group /www/wwwroot/yun.jridc.com/ThinkPHP/Lib/Core/App.class.php 第 102 行.
ERR: 无法加载模块:Robots.txt

[ 2019-02-11T08:33:18+08:00 ] 203.208.60.43 /ppqxvuvvnn.html
INFO: [ route_check ] --START--
INFO: CheckRoute Behavior ::run [ RunTime:0.000476s ]
INFO: [ route_check ] --END-- [ RunTime:0.000546s ]
NOTIC: [2] stripslashes() expects exactly 1 parameter, 2 given /www/wwwroot/yun.jridc.com/ThinkPHP/Lib/Core/App.class.php 第 57 行.
INFO: [ app_begin ] --START--
INFO: ReadHtmlCache Behavior ::run [ RunTime:0.000288s ]
INFO: [ app_begin ] --END-- [ RunTime:0.000321s ]
ERR: 无法加载模块:Ppqxvuvvnn

[ 2019-02-11T13:09:21+08:00 ] 144.76.137.254 /robots.txt
INFO: [ route_check ] --START--
INFO: CheckRoute Behavior ::run [ RunTime:0.000438s ]
INFO: [ route_check ] --END-- [ RunTime:0.000506s ]
NOTIC: [2] stripslashes() expects exactly 1 parameter, 2 given /www/wwwroot/yun.jridc.com/ThinkPHP/Lib/Core/App.class.php 第 57 行.
INFO: [ app_begin ] --START--
INFO: ReadHtmlCache Behavior ::run [ RunTime:0.000294s ]
INFO: [ app_begin ] --END-- [ RunTime:0.000327s ]
NOTIC: [8] Undefined variable: group /www/wwwroot/yun.jridc.com/ThinkPHP/Lib/Core/App.class.php 第 102 行.
ERR: 无法加载模块:Robots.txt

[ 2019-02-11T13:09:24+08:00 ] 144.76.137.254 /
INFO: [ app_begin ] --START--
INFO: ReadHtmlCache Behavior ::run [ RunTime:0.000338s ]
INFO: [ app_begin ] --END-- [ RunTime:0.000400s ]
SQL: SHOW COLUMNS FROM `cloud_config` [ RunTime:0.000609s ]
SQL: SELECT `c_key`,`c_value` FROM `cloud_config` WHERE ( `c_module` = 'WEBSITE' )  [ RunTime:0.000053s ]
INFO: [ view_parse ] --START--
NOTIC: [8] Undefined index: field /www/wwwroot/yun.jridc.com/Cloud/Lib/TagLib/TagLibCloud.class.php 第 14 行.
NOTIC: [8] Undefined index: field /www/wwwroot/yun.jridc.com/Cloud/Lib/TagLib/TagLibCloud.class.php 第 14 行.
NOTIC: [8] Undefined index: field /www/wwwroot/yun.jridc.com/Cloud/Lib/TagLib/TagLibCloud.class.php 第 14 行.
NOTIC: [8] Undefined index: uid /www/wwwroot/yun.jridc.com/Cloud/Runtime/Cache/Home/1b02bb37aaf4d696e544a9167d94e637.php 第 21 行.
SQL: SHOW COLUMNS FROM `cloud_page` [ RunTime:0.000615s ]
SQL: SELECT * FROM `cloud_page` WHERE ( type_id=3 ) ORDER BY sort desc LIMIT 10   [ RunTime:0.000054s ]
NOTIC: [8] Use of undefined constant id - assumed 'id' /www/wwwroot/yun.jridc.com/Cloud/Runtime/Cache/Home/1b02bb37aaf4d696e544a9167d94e637.php 第 36 行.
NOTIC: [8] Use of undefined constant id - assumed 'id' /www/wwwroot/yun.jridc.com/Cloud/Runtime/Cache/Home/1b02bb37aaf4d696e544a9167d94e637.php 第 36 行.
NOTIC: [8] Use of undefined constant id - assumed 'id' /www/wwwroot/yun.jridc.com/Cloud/Runtime/Cache/Home/1b02bb37aaf4d696e544a9167d94e637.php 第 36 行.
NOTIC: [8] Use of undefined constant id - assumed 'id' /www/wwwroot/yun.jridc.com/Cloud/Runtime/Cache/Home/1b02bb37aaf4d696e544a9167d94e637.php 第 36 行.
SQL: SELECT * FROM `cloud_page` WHERE ( type_id=2 ) ORDER BY sort desc LIMIT 10   [ RunTime:0.000078s ]
NOTIC: [8] Use of undefined constant id - assumed 'id' /www/wwwroot/yun.jridc.com/Cloud/Runtime/Cache/Home/1b02bb37aaf4d696e544a9167d94e637.php 第 48 行.
NOTIC: [8] Use of undefined constant id - assumed 'id' /www/wwwroot/yun.jridc.com/Cloud/Runtime/Cache/Home/1b02bb37aaf4d696e544a9167d94e637.php 第 48 行.
NOTIC: [8] Use of undefined constant id - assumed 'id' /www/wwwroot/yun.jridc.com/Cloud/Runtime/Cache/Home/1b02bb37aaf4d696e544a9167d94e637.php 第 48 行.
SQL: SELECT * FROM `cloud_page` WHERE ( type_id=1 ) ORDER BY sort desc LIMIT 10   [ RunTime:0.000065s ]
NOTIC: [8] Use of undefined constant id - assumed 'id' /www/wwwroot/yun.jridc.com/Cloud/Runtime/Cache/Home/1b02bb37aaf4d696e544a9167d94e637.php 第 62 行.
NOTIC: [8] Use of undefined constant id - assumed 'id' /www/wwwroot/yun.jridc.com/Cloud/Runtime/Cache/Home/1b02bb37aaf4d696e544a9167d94e637.php 第 62 行.
NOTIC: [8] Use of undefined constant id - assumed 'id' /www/wwwroot/yun.jridc.com/Cloud/Runtime/Cache/Home/1b02bb37aaf4d696e544a9167d94e637.php 第 62 行.
NOTIC: [8] Use of undefined constant id - assumed 'id' /www/wwwroot/yun.jridc.com/Cloud/Runtime/Cache/Home/1b02bb37aaf4d696e544a9167d94e637.php 第 62 行.
INFO: ParseTemplate Behavior ::run [ RunTime:0.012626s ]
INFO: [ view_parse ] --END-- [ RunTime:0.012670s ]
INFO: [ view_filter ] --START--
INFO: ContentReplace Behavior ::run [ RunTime:0.000256s ]
INFO: TokenBuild Behavior ::run [ RunTime:0.000204s ]
INFO: WriteHtmlCache Behavior ::run [ RunTime:0.000140s ]
INFO: ShowRuntime Behavior ::run [ RunTime:0.000240s ]
INFO: [ view_filter ] --END-- [ RunTime:0.000948s ]
INFO: [ view_end ] --START--
INFO: ShowPageTrace Behavior ::run [ RunTime:0.000334s ]
INFO: [ view_end ] --END-- [ RunTime:0.000365s ]

[ 2019-02-11T18:07:17+08:00 ] 49.70.127.146 /
INFO: [ app_begin ] --START--
INFO: ReadHtmlCache Behavior ::run [ RunTime:0.000326s ]
INFO: [ app_begin ] --END-- [ RunTime:0.000388s ]
SQL: SHOW COLUMNS FROM `cloud_config` [ RunTime:0.000567s ]
SQL: SELECT `c_key`,`c_value` FROM `cloud_config` WHERE ( `c_module` = 'WEBSITE' )  [ RunTime:0.000054s ]
INFO: [ view_parse ] --START--
NOTIC: [8] Undefined index: field /www/wwwroot/yun.jridc.com/Cloud/Lib/TagLib/TagLibCloud.class.php 第 14 行.
NOTIC: [8] Undefined index: field /www/wwwroot/yun.jridc.com/Cloud/Lib/TagLib/TagLibCloud.class.php 第 14 行.
NOTIC: [8] Undefined index: field /www/wwwroot/yun.jridc.com/Cloud/Lib/TagLib/TagLibCloud.class.php 第 14 行.
NOTIC: [8] Undefined index: uid /www/wwwroot/yun.jridc.com/Cloud/Runtime/Cache/Home/1b02bb37aaf4d696e544a9167d94e637.php 第 21 行.
SQL: SHOW COLUMNS FROM `cloud_page` [ RunTime:0.000661s ]
SQL: SELECT * FROM `cloud_page` WHERE ( type_id=3 ) ORDER BY sort desc LIMIT 10   [ RunTime:0.000056s ]
NOTIC: [8] Use of undefined constant id - assumed 'id' /www/wwwroot/yun.jridc.com/Cloud/Runtime/Cache/Home/1b02bb37aaf4d696e544a9167d94e637.php 第 36 行.
NOTIC: [8] Use of undefined constant id - assumed 'id' /www/wwwroot/yun.jridc.com/Cloud/Runtime/Cache/Home/1b02bb37aaf4d696e544a9167d94e637.php 第 36 行.
NOTIC: [8] Use of undefined constant id - assumed 'id' /www/wwwroot/yun.jridc.com/Cloud/Runtime/Cache/Home/1b02bb37aaf4d696e544a9167d94e637.php 第 36 行.
NOTIC: [8] Use of undefined constant id - assumed 'id' /www/wwwroot/yun.jridc.com/Cloud/Runtime/Cache/Home/1b02bb37aaf4d696e544a9167d94e637.php 第 36 行.
SQL: SELECT * FROM `cloud_page` WHERE ( type_id=2 ) ORDER BY sort desc LIMIT 10   [ RunTime:0.000063s ]
NOTIC: [8] Use of undefined constant id - assumed 'id' /www/wwwroot/yun.jridc.com/Cloud/Runtime/Cache/Home/1b02bb37aaf4d696e544a9167d94e637.php 第 48 行.
NOTIC: [8] Use of undefined constant id - assumed 'id' /www/wwwroot/yun.jridc.com/Cloud/Runtime/Cache/Home/1b02bb37aaf4d696e544a9167d94e637.php 第 48 行.
NOTIC: [8] Use of undefined constant id - assumed 'id' /www/wwwroot/yun.jridc.com/Cloud/Runtime/Cache/Home/1b02bb37aaf4d696e544a9167d94e637.php 第 48 行.
SQL: SELECT * FROM `cloud_page` WHERE ( type_id=1 ) ORDER BY sort desc LIMIT 10   [ RunTime:0.000069s ]
NOTIC: [8] Use of undefined constant id - assumed 'id' /www/wwwroot/yun.jridc.com/Cloud/Runtime/Cache/Home/1b02bb37aaf4d696e544a9167d94e637.php 第 62 行.
NOTIC: [8] Use of undefined constant id - assumed 'id' /www/wwwroot/yun.jridc.com/Cloud/Runtime/Cache/Home/1b02bb37aaf4d696e544a9167d94e637.php 第 62 行.
NOTIC: [8] Use of undefined constant id - assumed 'id' /www/wwwroot/yun.jridc.com/Cloud/Runtime/Cache/Home/1b02bb37aaf4d696e544a9167d94e637.php 第 62 行.
NOTIC: [8] Use of undefined constant id - assumed 'id' /www/wwwroot/yun.jridc.com/Cloud/Runtime/Cache/Home/1b02bb37aaf4d696e544a9167d94e637.php 第 62 行.
INFO: ParseTemplate Behavior ::run [ RunTime:0.012356s ]
INFO: [ view_parse ] --END-- [ RunTime:0.012395s ]
INFO: [ view_filter ] --START--
INFO: ContentReplace Behavior ::run [ RunTime:0.000336s ]
INFO: TokenBuild Behavior ::run [ RunTime:0.000230s ]
INFO: WriteHtmlCache Behavior ::run [ RunTime:0.000147s ]
INFO: ShowRuntime Behavior ::run [ RunTime:0.000246s ]
INFO: [ view_filter ] --END-- [ RunTime:0.001049s ]
INFO: [ view_end ] --START--
INFO: ShowPageTrace Behavior ::run [ RunTime:0.000329s ]
INFO: [ view_end ] --END-- [ RunTime:0.000361s ]

[ 2019-02-11T19:17:15+08:00 ] 218.235.104.189 /
INFO: [ app_begin ] --START--
INFO: ReadHtmlCache Behavior ::run [ RunTime:0.000307s ]
INFO: [ app_begin ] --END-- [ RunTime:0.000367s ]
SQL: SHOW COLUMNS FROM `cloud_config` [ RunTime:0.000556s ]
SQL: SELECT `c_key`,`c_value` FROM `cloud_config` WHERE ( `c_module` = 'WEBSITE' )  [ RunTime:0.000054s ]
INFO: [ view_parse ] --START--
NOTIC: [8] Undefined index: field /www/wwwroot/yun.jridc.com/Cloud/Lib/TagLib/TagLibCloud.class.php 第 14 行.
NOTIC: [8] Undefined index: field /www/wwwroot/yun.jridc.com/Cloud/Lib/TagLib/TagLibCloud.class.php 第 14 行.
NOTIC: [8] Undefined index: field /www/wwwroot/yun.jridc.com/Cloud/Lib/TagLib/TagLibCloud.class.php 第 14 行.
NOTIC: [8] Undefined index: uid /www/wwwroot/yun.jridc.com/Cloud/Runtime/Cache/Home/1b02bb37aaf4d696e544a9167d94e637.php 第 21 行.
SQL: SHOW COLUMNS FROM `cloud_page` [ RunTime:0.000611s ]
SQL: SELECT * FROM `cloud_page` WHERE ( type_id=3 ) ORDER BY sort desc LIMIT 10   [ RunTime:0.000054s ]
NOTIC: [8] Use of undefined constant id - assumed 'id' /www/wwwroot/yun.jridc.com/Cloud/Runtime/Cache/Home/1b02bb37aaf4d696e544a9167d94e637.php 第 36 行.
NOTIC: [8] Use of undefined constant id - assumed 'id' /www/wwwroot/yun.jridc.com/Cloud/Runtime/Cache/Home/1b02bb37aaf4d696e544a9167d94e637.php 第 36 行.
NOTIC: [8] Use of undefined constant id - assumed 'id' /www/wwwroot/yun.jridc.com/Cloud/Runtime/Cache/Home/1b02bb37aaf4d696e544a9167d94e637.php 第 36 行.
NOTIC: [8] Use of undefined constant id - assumed 'id' /www/wwwroot/yun.jridc.com/Cloud/Runtime/Cache/Home/1b02bb37aaf4d696e544a9167d94e637.php 第 36 行.
SQL: SELECT * FROM `cloud_page` WHERE ( type_id=2 ) ORDER BY sort desc LIMIT 10   [ RunTime:0.000087s ]
NOTIC: [8] Use of undefined constant id - assumed 'id' /www/wwwroot/yun.jridc.com/Cloud/Runtime/Cache/Home/1b02bb37aaf4d696e544a9167d94e637.php 第 48 行.
NOTIC: [8] Use of undefined constant id - assumed 'id' /www/wwwroot/yun.jridc.com/Cloud/Runtime/Cache/Home/1b02bb37aaf4d696e544a9167d94e637.php 第 48 行.
NOTIC: [8] Use of undefined constant id - assumed 'id' /www/wwwroot/yun.jridc.com/Cloud/Runtime/Cache/Home/1b02bb37aaf4d696e544a9167d94e637.php 第 48 行.
SQL: SELECT * FROM `cloud_page` WHERE ( type_id=1 ) ORDER BY sort desc LIMIT 10   [ RunTime:0.000081s ]
NOTIC: [8] Use of undefined constant id - assumed 'id' /www/wwwroot/yun.jridc.com/Cloud/Runtime/Cache/Home/1b02bb37aaf4d696e544a9167d94e637.php 第 62 行.
NOTIC: [8] Use of undefined constant id - assumed 'id' /www/wwwroot/yun.jridc.com/Cloud/Runtime/Cache/Home/1b02bb37aaf4d696e544a9167d94e637.php 第 62 行.
NOTIC: [8] Use of undefined constant id - assumed 'id' /www/wwwroot/yun.jridc.com/Cloud/Runtime/Cache/Home/1b02bb37aaf4d696e544a9167d94e637.php 第 62 行.
NOTIC: [8] Use of undefined constant id - assumed 'id' /www/wwwroot/yun.jridc.com/Cloud/Runtime/Cache/Home/1b02bb37aaf4d696e544a9167d94e637.php 第 62 行.
INFO: ParseTemplate Behavior ::run [ RunTime:0.012350s ]
INFO: [ view_parse ] --END-- [ RunTime:0.012413s ]
INFO: [ view_filter ] --START--
INFO: ContentReplace Behavior ::run [ RunTime:0.000366s ]
INFO: TokenBuild Behavior ::run [ RunTime:0.000268s ]
INFO: WriteHtmlCache Behavior ::run [ RunTime:0.000188s ]
INFO: ShowRuntime Behavior ::run [ RunTime:0.000354s ]
INFO: [ view_filter ] --END-- [ RunTime:0.001302s ]
INFO: [ view_end ] --START--
INFO: ShowPageTrace Behavior ::run [ RunTime:0.000464s ]
INFO: [ view_end ] --END-- [ RunTime:0.000507s ]

[ 2019-02-11T19:17:38+08:00 ] 218.235.104.189 /index.php/home/user/login.html
INFO: [ route_check ] --START--
INFO: CheckRoute Behavior ::run [ RunTime:0.000477s ]
INFO: [ route_check ] --END-- [ RunTime:0.000543s ]
NOTIC: [2] stripslashes() expects exactly 1 parameter, 2 given /www/wwwroot/yun.jridc.com/ThinkPHP/Lib/Core/App.class.php 第 57 行.
NOTIC: [2] stripslashes() expects exactly 1 parameter, 2 given /www/wwwroot/yun.jridc.com/ThinkPHP/Lib/Core/App.class.php 第 57 行.
NOTIC: [2] stripslashes() expects exactly 1 parameter, 2 given /www/wwwroot/yun.jridc.com/ThinkPHP/Lib/Core/App.class.php 第 57 行.
INFO: [ app_begin ] --START--
INFO: ReadHtmlCache Behavior ::run [ RunTime:0.000286s ]
INFO: [ app_begin ] --END-- [ RunTime:0.000317s ]
SQL: SHOW COLUMNS FROM `cloud_config` [ RunTime:0.000585s ]
SQL: SELECT `c_key`,`c_value` FROM `cloud_config` WHERE ( `c_module` = 'WEBSITE' )  [ RunTime:0.000060s ]
SQL: SELECT `c_key`,`c_value` FROM `cloud_config` WHERE ( `c_module` = 'CODE_SET' )  [ RunTime:0.000049s ]
INFO: [ view_parse ] --START--
NOTIC: [8] Undefined index: field /www/wwwroot/yun.jridc.com/Cloud/Lib/TagLib/TagLibCloud.class.php 第 14 行.
NOTIC: [8] Undefined index: field /www/wwwroot/yun.jridc.com/Cloud/Lib/TagLib/TagLibCloud.class.php 第 14 行.
NOTIC: [8] Undefined index: field /www/wwwroot/yun.jridc.com/Cloud/Lib/TagLib/TagLibCloud.class.php 第 14 行.
NOTIC: [8] Undefined index: uid /www/wwwroot/yun.jridc.com/Cloud/Runtime/Cache/Home/4ad07c6ad8b0b355c1920139d890cc8c.php 第 26 行.
SQL: SHOW COLUMNS FROM `cloud_page` [ RunTime:0.000689s ]
SQL: SELECT * FROM `cloud_page` WHERE ( type_id=3 ) ORDER BY sort desc LIMIT 10   [ RunTime:0.000078s ]
NOTIC: [8] Use of undefined constant id - assumed 'id' /www/wwwroot/yun.jridc.com/Cloud/Runtime/Cache/Home/4ad07c6ad8b0b355c1920139d890cc8c.php 第 41 行.
NOTIC: [8] Use of undefined constant id - assumed 'id' /www/wwwroot/yun.jridc.com/Cloud/Runtime/Cache/Home/4ad07c6ad8b0b355c1920139d890cc8c.php 第 41 行.
NOTIC: [8] Use of undefined constant id - assumed 'id' /www/wwwroot/yun.jridc.com/Cloud/Runtime/Cache/Home/4ad07c6ad8b0b355c1920139d890cc8c.php 第 41 行.
NOTIC: [8] Use of undefined constant id - assumed 'id' /www/wwwroot/yun.jridc.com/Cloud/Runtime/Cache/Home/4ad07c6ad8b0b355c1920139d890cc8c.php 第 41 行.
SQL: SELECT * FROM `cloud_page` WHERE ( type_id=2 ) ORDER BY sort desc LIMIT 10   [ RunTime:0.000086s ]
NOTIC: [8] Use of undefined constant id - assumed 'id' /www/wwwroot/yun.jridc.com/Cloud/Runtime/Cache/Home/4ad07c6ad8b0b355c1920139d890cc8c.php 第 53 行.
NOTIC: [8] Use of undefined constant id - assumed 'id' /www/wwwroot/yun.jridc.com/Cloud/Runtime/Cache/Home/4ad07c6ad8b0b355c1920139d890cc8c.php 第 53 行.
NOTIC: [8] Use of undefined constant id - assumed 'id' /www/wwwroot/yun.jridc.com/Cloud/Runtime/Cache/Home/4ad07c6ad8b0b355c1920139d890cc8c.php 第 53 行.
SQL: SELECT * FROM `cloud_page` WHERE ( type_id=1 ) ORDER BY sort desc LIMIT 10   [ RunTime:0.000072s ]
NOTIC: [8] Use of undefined constant id - assumed 'id' /www/wwwroot/yun.jridc.com/Cloud/Runtime/Cache/Home/4ad07c6ad8b0b355c1920139d890cc8c.php 第 67 行.
NOTIC: [8] Use of undefined constant id - assumed 'id' /www/wwwroot/yun.jridc.com/Cloud/Runtime/Cache/Home/4ad07c6ad8b0b355c1920139d890cc8c.php 第 67 行.
NOTIC: [8] Use of undefined constant id - assumed 'id' /www/wwwroot/yun.jridc.com/Cloud/Runtime/Cache/Home/4ad07c6ad8b0b355c1920139d890cc8c.php 第 67 行.
NOTIC: [8] Use of undefined constant id - assumed 'id' /www/wwwroot/yun.jridc.com/Cloud/Runtime/Cache/Home/4ad07c6ad8b0b355c1920139d890cc8c.php 第 67 行.
INFO: ParseTemplate Behavior ::run [ RunTime:0.012525s ]
INFO: [ view_parse ] --END-- [ RunTime:0.012573s ]
INFO: [ view_filter ] --START--
INFO: ContentReplace Behavior ::run [ RunTime:0.000332s ]
INFO: TokenBuild Behavior ::run [ RunTime:0.000224s ]
INFO: WriteHtmlCache Behavior ::run [ RunTime:0.000152s ]
INFO: ShowRuntime Behavior ::run [ RunTime:0.000273s ]
INFO: [ view_filter ] --END-- [ RunTime:0.001081s ]
INFO: [ view_end ] --START--
INFO: ShowPageTrace Behavior ::run [ RunTime:0.000386s ]
INFO: [ view_end ] --END-- [ RunTime:0.000424s ]

[ 2019-02-11T19:17:59+08:00 ] 218.235.104.189 /index.php/home/user/register.html
INFO: [ route_check ] --START--
INFO: CheckRoute Behavior ::run [ RunTime:0.000456s ]
INFO: [ route_check ] --END-- [ RunTime:0.000523s ]
NOTIC: [2] stripslashes() expects exactly 1 parameter, 2 given /www/wwwroot/yun.jridc.com/ThinkPHP/Lib/Core/App.class.php 第 57 行.
NOTIC: [2] stripslashes() expects exactly 1 parameter, 2 given /www/wwwroot/yun.jridc.com/ThinkPHP/Lib/Core/App.class.php 第 57 行.
NOTIC: [2] stripslashes() expects exactly 1 parameter, 2 given /www/wwwroot/yun.jridc.com/ThinkPHP/Lib/Core/App.class.php 第 57 行.
INFO: [ app_begin ] --START--
INFO: ReadHtmlCache Behavior ::run [ RunTime:0.000283s ]
INFO: [ app_begin ] --END-- [ RunTime:0.000314s ]
SQL: SHOW COLUMNS FROM `cloud_config` [ RunTime:0.000528s ]
SQL: SELECT `c_key`,`c_value` FROM `cloud_config` WHERE ( `c_module` = 'WEBSITE' )  [ RunTime:0.000051s ]
SQL: SELECT `c_key`,`c_value` FROM `cloud_config` WHERE ( `c_module` = 'CODE_SET' )  [ RunTime:0.000046s ]
SQL: SELECT `c_key`,`c_value` FROM `cloud_config` WHERE ( `c_module` = 'REGSET' )  [ RunTime:0.000041s ]
INFO: [ view_parse ] --START--
NOTIC: [8] Undefined index: field /www/wwwroot/yun.jridc.com/Cloud/Lib/TagLib/TagLibCloud.class.php 第 14 行.
NOTIC: [8] Undefined index: field /www/wwwroot/yun.jridc.com/Cloud/Lib/TagLib/TagLibCloud.class.php 第 14 行.
NOTIC: [8] Undefined index: field /www/wwwroot/yun.jridc.com/Cloud/Lib/TagLib/TagLibCloud.class.php 第 14 行.
NOTIC: [8] Undefined index: uid /www/wwwroot/yun.jridc.com/Cloud/Runtime/Cache/Home/ebda18978a003a2bc9bf183559a1953a.php 第 26 行.
SQL: SHOW COLUMNS FROM `cloud_page` [ RunTime:0.000655s ]
SQL: SELECT * FROM `cloud_page` WHERE ( type_id=3 ) ORDER BY sort desc LIMIT 10   [ RunTime:0.000057s ]
NOTIC: [8] Use of undefined constant id - assumed 'id' /www/wwwroot/yun.jridc.com/Cloud/Runtime/Cache/Home/ebda18978a003a2bc9bf183559a1953a.php 第 41 行.
NOTIC: [8] Use of undefined constant id - assumed 'id' /www/wwwroot/yun.jridc.com/Cloud/Runtime/Cache/Home/ebda18978a003a2bc9bf183559a1953a.php 第 41 行.
NOTIC: [8] Use of undefined constant id - assumed 'id' /www/wwwroot/yun.jridc.com/Cloud/Runtime/Cache/Home/ebda18978a003a2bc9bf183559a1953a.php 第 41 行.
NOTIC: [8] Use of undefined constant id - assumed 'id' /www/wwwroot/yun.jridc.com/Cloud/Runtime/Cache/Home/ebda18978a003a2bc9bf183559a1953a.php 第 41 行.
SQL: SELECT * FROM `cloud_page` WHERE ( type_id=2 ) ORDER BY sort desc LIMIT 10   [ RunTime:0.000079s ]
NOTIC: [8] Use of undefined constant id - assumed 'id' /www/wwwroot/yun.jridc.com/Cloud/Runtime/Cache/Home/ebda18978a003a2bc9bf183559a1953a.php 第 53 行.
NOTIC: [8] Use of undefined constant id - assumed 'id' /www/wwwroot/yun.jridc.com/Cloud/Runtime/Cache/Home/ebda18978a003a2bc9bf183559a1953a.php 第 53 行.
NOTIC: [8] Use of undefined constant id - assumed 'id' /www/wwwroot/yun.jridc.com/Cloud/Runtime/Cache/Home/ebda18978a003a2bc9bf183559a1953a.php 第 53 行.
SQL: SELECT * FROM `cloud_page` WHERE ( type_id=1 ) ORDER BY sort desc LIMIT 10   [ RunTime:0.000091s ]
NOTIC: [8] Use of undefined constant id - assumed 'id' /www/wwwroot/yun.jridc.com/Cloud/Runtime/Cache/Home/ebda18978a003a2bc9bf183559a1953a.php 第 67 行.
NOTIC: [8] Use of undefined constant id - assumed 'id' /www/wwwroot/yun.jridc.com/Cloud/Runtime/Cache/Home/ebda18978a003a2bc9bf183559a1953a.php 第 67 行.
NOTIC: [8] Use of undefined constant id - assumed 'id' /www/wwwroot/yun.jridc.com/Cloud/Runtime/Cache/Home/ebda18978a003a2bc9bf183559a1953a.php 第 67 行.
NOTIC: [8] Use of undefined constant id - assumed 'id' /www/wwwroot/yun.jridc.com/Cloud/Runtime/Cache/Home/ebda18978a003a2bc9bf183559a1953a.php 第 67 行.
INFO: ParseTemplate Behavior ::run [ RunTime:0.015733s ]
INFO: [ view_parse ] --END-- [ RunTime:0.015774s ]
INFO: [ view_filter ] --START--
INFO: ContentReplace Behavior ::run [ RunTime:0.000416s ]
INFO: TokenBuild Behavior ::run [ RunTime:0.000208s ]
INFO: WriteHtmlCache Behavior ::run [ RunTime:0.000146s ]
INFO: ShowRuntime Behavior ::run [ RunTime:0.000260s ]
INFO: [ view_filter ] --END-- [ RunTime:0.001123s ]
INFO: [ view_end ] --START--
INFO: ShowPageTrace Behavior ::run [ RunTime:0.000320s ]
INFO: [ view_end ] --END-- [ RunTime:0.000358s ]

[ 2019-02-11T19:18:48+08:00 ] 218.235.104.189 /index.php/home/cloud/buy.html
INFO: [ route_check ] --START--
INFO: CheckRoute Behavior ::run [ RunTime:0.000438s ]
INFO: [ route_check ] --END-- [ RunTime:0.000500s ]
NOTIC: [2] stripslashes() expects exactly 1 parameter, 2 given /www/wwwroot/yun.jridc.com/ThinkPHP/Lib/Core/App.class.php 第 57 行.
NOTIC: [2] stripslashes() expects exactly 1 parameter, 2 given /www/wwwroot/yun.jridc.com/ThinkPHP/Lib/Core/App.class.php 第 57 行.
NOTIC: [2] stripslashes() expects exactly 1 parameter, 2 given /www/wwwroot/yun.jridc.com/ThinkPHP/Lib/Core/App.class.php 第 57 行.
INFO: [ app_begin ] --START--
INFO: ReadHtmlCache Behavior ::run [ RunTime:0.000306s ]
INFO: [ app_begin ] --END-- [ RunTime:0.000337s ]
SQL: SHOW COLUMNS FROM `cloud_config` [ RunTime:0.000591s ]
SQL: SELECT `c_key`,`c_value` FROM `cloud_config` WHERE ( `c_module` = 'WEBSITE' )  [ RunTime:0.000056s ]
SQL: SHOW COLUMNS FROM `cloud_cloud` [ RunTime:0.000631s ]
SQL: SHOW COLUMNS FROM `cloud_cloud_product` [ RunTime:0.000623s ]
SQL: SELECT `iptype` FROM `cloud_cloud_product` WHERE ( `status` = 1 )  [ RunTime:0.000054s ]
NOTIC: [8] Undefined index: uid /www/wwwroot/yun.jridc.com/Cloud/Lib/Action/Home/CloudAction.class.php 第 13 行.
INFO: [ view_parse ] --START--
NOTIC: [8] Undefined index: field /www/wwwroot/yun.jridc.com/Cloud/Lib/TagLib/TagLibCloud.class.php 第 14 行.
NOTIC: [8] Undefined index: field /www/wwwroot/yun.jridc.com/Cloud/Lib/TagLib/TagLibCloud.class.php 第 14 行.
NOTIC: [8] Undefined index: field /www/wwwroot/yun.jridc.com/Cloud/Lib/TagLib/TagLibCloud.class.php 第 14 行.
NOTIC: [8] Undefined index: field /www/wwwroot/yun.jridc.com/Cloud/Lib/TagLib/TagLibCloud.class.php 第 14 行.
NOTIC: [8] Undefined variable: data /www/wwwroot/yun.jridc.com/Cloud/Runtime/Cache/Home/f9bddac7c59f9cf621e040a3844c6b2c.php 第 8 行.
NOTIC: [8] Undefined variable: data /www/wwwroot/yun.jridc.com/Cloud/Runtime/Cache/Home/f9bddac7c59f9cf621e040a3844c6b2c.php 第 9 行.
NOTIC: [8] Undefined index: uid /www/wwwroot/yun.jridc.com/Cloud/Runtime/Cache/Home/f9bddac7c59f9cf621e040a3844c6b2c.php 第 24 行.
SQL: SHOW COLUMNS FROM `cloud_page` [ RunTime:0.000637s ]
SQL: SELECT * FROM `cloud_page` WHERE ( type_id=3 ) ORDER BY sort desc LIMIT 10   [ RunTime:0.000056s ]
NOTIC: [8] Use of undefined constant id - assumed 'id' /www/wwwroot/yun.jridc.com/Cloud/Runtime/Cache/Home/f9bddac7c59f9cf621e040a3844c6b2c.php 第 39 行.
NOTIC: [8] Use of undefined constant id - assumed 'id' /www/wwwroot/yun.jridc.com/Cloud/Runtime/Cache/Home/f9bddac7c59f9cf621e040a3844c6b2c.php 第 39 行.
NOTIC: [8] Use of undefined constant id - assumed 'id' /www/wwwroot/yun.jridc.com/Cloud/Runtime/Cache/Home/f9bddac7c59f9cf621e040a3844c6b2c.php 第 39 行.
NOTIC: [8] Use of undefined constant id - assumed 'id' /www/wwwroot/yun.jridc.com/Cloud/Runtime/Cache/Home/f9bddac7c59f9cf621e040a3844c6b2c.php 第 39 行.
SQL: SELECT * FROM `cloud_page` WHERE ( type_id=2 ) ORDER BY sort desc LIMIT 10   [ RunTime:0.000067s ]
NOTIC: [8] Use of undefined constant id - assumed 'id' /www/wwwroot/yun.jridc.com/Cloud/Runtime/Cache/Home/f9bddac7c59f9cf621e040a3844c6b2c.php 第 51 行.
NOTIC: [8] Use of undefined constant id - assumed 'id' /www/wwwroot/yun.jridc.com/Cloud/Runtime/Cache/Home/f9bddac7c59f9cf621e040a3844c6b2c.php 第 51 行.
NOTIC: [8] Use of undefined constant id - assumed 'id' /www/wwwroot/yun.jridc.com/Cloud/Runtime/Cache/Home/f9bddac7c59f9cf621e040a3844c6b2c.php 第 51 行.
SQL: SELECT * FROM `cloud_page` WHERE ( type_id=1 ) ORDER BY sort desc LIMIT 10   [ RunTime:0.000073s ]
NOTIC: [8] Use of undefined constant id - assumed 'id' /www/wwwroot/yun.jridc.com/Cloud/Runtime/Cache/Home/f9bddac7c59f9cf621e040a3844c6b2c.php 第 65 行.
NOTIC: [8] Use of undefined constant id - assumed 'id' /www/wwwroot/yun.jridc.com/Cloud/Runtime/Cache/Home/f9bddac7c59f9cf621e040a3844c6b2c.php 第 65 行.
NOTIC: [8] Use of undefined constant id - assumed 'id' /www/wwwroot/yun.jridc.com/Cloud/Runtime/Cache/Home/f9bddac7c59f9cf621e040a3844c6b2c.php 第 65 行.
NOTIC: [8] Use of undefined constant id - assumed 'id' /www/wwwroot/yun.jridc.com/Cloud/Runtime/Cache/Home/f9bddac7c59f9cf621e040a3844c6b2c.php 第 65 行.
SQL: SELECT * FROM `cloud_page` WHERE ( type_id=3 ) ORDER BY sort desc LIMIT 10   [ RunTime:0.000058s ]
NOTIC: [8] Use of undefined constant id - assumed 'id' /www/wwwroot/yun.jridc.com/Cloud/Runtime/Cache/Home/f9bddac7c59f9cf621e040a3844c6b2c.php 第 88 行.
NOTIC: [8] Use of undefined constant id - assumed 'id' /www/wwwroot/yun.jridc.com/Cloud/Runtime/Cache/Home/f9bddac7c59f9cf621e040a3844c6b2c.php 第 88 行.
NOTIC: [8] Use of undefined constant id - assumed 'id' /www/wwwroot/yun.jridc.com/Cloud/Runtime/Cache/Home/f9bddac7c59f9cf621e040a3844c6b2c.php 第 88 行.
NOTIC: [8] Use of undefined constant id - assumed 'id' /www/wwwroot/yun.jridc.com/Cloud/Runtime/Cache/Home/f9bddac7c59f9cf621e040a3844c6b2c.php 第 88 行.
NOTIC: [8] Use of undefined constant ipdefalt - assumed 'ipdefalt' /www/wwwroot/yun.jridc.com/Cloud/Runtime/Cache/Home/f9bddac7c59f9cf621e040a3844c6b2c.php 第 107 行.
NOTIC: [8] Use of undefined constant ipdefalt - assumed 'ipdefalt' /www/wwwroot/yun.jridc.com/Cloud/Runtime/Cache/Home/f9bddac7c59f9cf621e040a3844c6b2c.php 第 107 行.
NOTIC: [8] Use of undefined constant ipdefalt - assumed 'ipdefalt' /www/wwwroot/yun.jridc.com/Cloud/Runtime/Cache/Home/f9bddac7c59f9cf621e040a3844c6b2c.php 第 107 行.
INFO: ParseTemplate Behavior ::run [ RunTime:0.014873s ]
INFO: [ view_parse ] --END-- [ RunTime:0.014917s ]
INFO: [ view_filter ] --START--
INFO: ContentReplace Behavior ::run [ RunTime:0.000394s ]
INFO: TokenBuild Behavior ::run [ RunTime:0.000218s ]
INFO: WriteHtmlCache Behavior ::run [ RunTime:0.000146s ]
INFO: ShowRuntime Behavior ::run [ RunTime:0.000252s ]
INFO: [ view_filter ] --END-- [ RunTime:0.001106s ]
INFO: [ view_end ] --START--
INFO: ShowPageTrace Behavior ::run [ RunTime:0.000394s ]
INFO: [ view_end ] --END-- [ RunTime:0.000441s ]

[ 2019-02-11T19:18:49+08:00 ] 218.235.104.189 /index.php/home/cloud/ajaxproduct.html?iptype=4
INFO: [ route_check ] --START--
INFO: CheckRoute Behavior ::run [ RunTime:0.000447s ]
INFO: [ route_check ] --END-- [ RunTime:0.000510s ]
NOTIC: [2] stripslashes() expects exactly 1 parameter, 2 given /www/wwwroot/yun.jridc.com/ThinkPHP/Lib/Core/App.class.php 第 57 行.
NOTIC: [2] stripslashes() expects exactly 1 parameter, 2 given /www/wwwroot/yun.jridc.com/ThinkPHP/Lib/Core/App.class.php 第 57 行.
NOTIC: [2] stripslashes() expects exactly 1 parameter, 2 given /www/wwwroot/yun.jridc.com/ThinkPHP/Lib/Core/App.class.php 第 57 行.
NOTIC: [2] stripslashes() expects exactly 1 parameter, 2 given /www/wwwroot/yun.jridc.com/ThinkPHP/Lib/Core/App.class.php 第 57 行.
INFO: [ app_begin ] --START--
INFO: ReadHtmlCache Behavior ::run [ RunTime:0.000291s ]
INFO: [ app_begin ] --END-- [ RunTime:0.000321s ]
SQL: SHOW COLUMNS FROM `cloud_config` [ RunTime:0.000580s ]
SQL: SELECT `c_key`,`c_value` FROM `cloud_config` WHERE ( `c_module` = 'WEBSITE' )  [ RunTime:0.000073s ]
NOTIC: [2] stripslashes() expects exactly 1 parameter, 2 given /www/wwwroot/yun.jridc.com/ThinkPHP/Common/common.php 第 109 行.
NOTIC: [2] stripslashes() expects exactly 1 parameter, 2 given /www/wwwroot/yun.jridc.com/ThinkPHP/Common/common.php 第 109 行.
NOTIC: [2] stripslashes() expects exactly 1 parameter, 2 given /www/wwwroot/yun.jridc.com/ThinkPHP/Common/common.php 第 109 行.
NOTIC: [2] stripslashes() expects exactly 1 parameter, 2 given /www/wwwroot/yun.jridc.com/ThinkPHP/Common/common.php 第 109 行.
SQL: SHOW COLUMNS FROM `cloud_cloud_product` [ RunTime:0.000542s ]
SQL: SELECT * FROM `cloud_cloud_product` WHERE ( iptype = 4 and status = 1  ) ORDER BY sort desc  [ RunTime:0.000087s ]

[ 2019-02-11T19:18:49+08:00 ] 218.235.104.189 /index.php/home/cloud/ajaxcloudinfo.html?id=4
INFO: [ route_check ] --START--
INFO: CheckRoute Behavior ::run [ RunTime:0.000594s ]
INFO: [ route_check ] --END-- [ RunTime:0.000678s ]
NOTIC: [2] stripslashes() expects exactly 1 parameter, 2 given /www/wwwroot/yun.jridc.com/ThinkPHP/Lib/Core/App.class.php 第 57 行.
NOTIC: [2] stripslashes() expects exactly 1 parameter, 2 given /www/wwwroot/yun.jridc.com/ThinkPHP/Lib/Core/App.class.php 第 57 行.
NOTIC: [2] stripslashes() expects exactly 1 parameter, 2 given /www/wwwroot/yun.jridc.com/ThinkPHP/Lib/Core/App.class.php 第 57 行.
NOTIC: [2] stripslashes() expects exactly 1 parameter, 2 given /www/wwwroot/yun.jridc.com/ThinkPHP/Lib/Core/App.class.php 第 57 行.
INFO: [ app_begin ] --START--
INFO: ReadHtmlCache Behavior ::run [ RunTime:0.000300s ]
INFO: [ app_begin ] --END-- [ RunTime:0.000331s ]
SQL: SHOW COLUMNS FROM `cloud_config` [ RunTime:0.000567s ]
SQL: SELECT `c_key`,`c_value` FROM `cloud_config` WHERE ( `c_module` = 'WEBSITE' )  [ RunTime:0.000053s ]
NOTIC: [2] stripslashes() expects exactly 1 parameter, 2 given /www/wwwroot/yun.jridc.com/ThinkPHP/Common/common.php 第 109 行.
NOTIC: [2] stripslashes() expects exactly 1 parameter, 2 given /www/wwwroot/yun.jridc.com/ThinkPHP/Common/common.php 第 109 行.
NOTIC: [2] stripslashes() expects exactly 1 parameter, 2 given /www/wwwroot/yun.jridc.com/ThinkPHP/Common/common.php 第 109 行.
NOTIC: [2] stripslashes() expects exactly 1 parameter, 2 given /www/wwwroot/yun.jridc.com/ThinkPHP/Common/common.php 第 109 行.
SQL: SHOW COLUMNS FROM `cloud_cloud_product` [ RunTime:0.000506s ]
SQL: SELECT * FROM `cloud_cloud_product` WHERE ( id=4 and status=1  ) LIMIT 1   [ RunTime:0.000062s ]
SQL: SHOW COLUMNS FROM `cloud_cloud` [ RunTime:0.000560s ]
NOTIC: [8] Undefined variable: hash /www/wwwroot/yun.jridc.com/Cloud/Lib/Model/CloudapiModel.class.php 第 237 行.
NOTIC: [8] Undefined variable: posturl /www/wwwroot/yun.jridc.com/Cloud/Lib/Model/CloudapiModel.class.php 第 244 行.
NOTIC: [8] Undefined variable: signpost /www/wwwroot/yun.jridc.com/Cloud/Lib/Model/CloudapiModel.class.php 第 221 行.

[ 2019-02-11T19:18:49+08:00 ] 218.235.104.189 /index.php/home/cloud/ajaxcloudprice.html?id=4&cpu=1&mem=1024&disk=50&qos=10&year=0.1&ip=1&rtime=1549883928626
INFO: [ route_check ] --START--
INFO: CheckRoute Behavior ::run [ RunTime:0.000448s ]
INFO: [ route_check ] --END-- [ RunTime:0.000514s ]
NOTIC: [2] stripslashes() expects exactly 1 parameter, 2 given /www/wwwroot/yun.jridc.com/ThinkPHP/Lib/Core/App.class.php 第 57 行.
NOTIC: [2] stripslashes() expects exactly 1 parameter, 2 given /www/wwwroot/yun.jridc.com/ThinkPHP/Lib/Core/App.class.php 第 57 行.
NOTIC: [2] stripslashes() expects exactly 1 parameter, 2 given /www/wwwroot/yun.jridc.com/ThinkPHP/Lib/Core/App.class.php 第 57 行.
NOTIC: [2] stripslashes() expects exactly 1 parameter, 2 given /www/wwwroot/yun.jridc.com/ThinkPHP/Lib/Core/App.class.php 第 57 行.
NOTIC: [2] stripslashes() expects exactly 1 parameter, 2 given /www/wwwroot/yun.jridc.com/ThinkPHP/Lib/Core/App.class.php 第 57 行.
NOTIC: [2] stripslashes() expects exactly 1 parameter, 2 given /www/wwwroot/yun.jridc.com/ThinkPHP/Lib/Core/App.class.php 第 57 行.
NOTIC: [2] stripslashes() expects exactly 1 parameter, 2 given /www/wwwroot/yun.jridc.com/ThinkPHP/Lib/Core/App.class.php 第 57 行.
NOTIC: [2] stripslashes() expects exactly 1 parameter, 2 given /www/wwwroot/yun.jridc.com/ThinkPHP/Lib/Core/App.class.php 第 57 行.
NOTIC: [2] stripslashes() expects exactly 1 parameter, 2 given /www/wwwroot/yun.jridc.com/ThinkPHP/Lib/Core/App.class.php 第 57 行.
NOTIC: [2] stripslashes() expects exactly 1 parameter, 2 given /www/wwwroot/yun.jridc.com/ThinkPHP/Lib/Core/App.class.php 第 57 行.
NOTIC: [2] stripslashes() expects exactly 1 parameter, 2 given /www/wwwroot/yun.jridc.com/ThinkPHP/Lib/Core/App.class.php 第 57 行.
INFO: [ app_begin ] --START--
INFO: ReadHtmlCache Behavior ::run [ RunTime:0.000290s ]
INFO: [ app_begin ] --END-- [ RunTime:0.000319s ]
SQL: SHOW COLUMNS FROM `cloud_config` [ RunTime:0.000573s ]
SQL: SELECT `c_key`,`c_value` FROM `cloud_config` WHERE ( `c_module` = 'WEBSITE' )  [ RunTime:0.000052s ]
NOTIC: [2] stripslashes() expects exactly 1 parameter, 2 given /www/wwwroot/yun.jridc.com/ThinkPHP/Common/common.php 第 109 行.
NOTIC: [2] stripslashes() expects exactly 1 parameter, 2 given /www/wwwroot/yun.jridc.com/ThinkPHP/Common/common.php 第 109 行.
NOTIC: [2] stripslashes() expects exactly 1 parameter, 2 given /www/wwwroot/yun.jridc.com/ThinkPHP/Common/common.php 第 109 行.
NOTIC: [2] stripslashes() expects exactly 1 parameter, 2 given /www/wwwroot/yun.jridc.com/ThinkPHP/Common/common.php 第 109 行.
NOTIC: [2] stripslashes() expects exactly 1 parameter, 2 given /www/wwwroot/yun.jridc.com/ThinkPHP/Common/common.php 第 109 行.
NOTIC: [2] stripslashes() expects exactly 1 parameter, 2 given /www/wwwroot/yun.jridc.com/ThinkPHP/Common/common.php 第 109 行.
NOTIC: [2] stripslashes() expects exactly 1 parameter, 2 given /www/wwwroot/yun.jridc.com/ThinkPHP/Common/common.php 第 109 行.
NOTIC: [2] stripslashes() expects exactly 1 parameter, 2 given /www/wwwroot/yun.jridc.com/ThinkPHP/Common/common.php 第 109 行.
NOTIC: [2] stripslashes() expects exactly 1 parameter, 2 given /www/wwwroot/yun.jridc.com/ThinkPHP/Common/common.php 第 109 行.
NOTIC: [2] stripslashes() expects exactly 1 parameter, 2 given /www/wwwroot/yun.jridc.com/ThinkPHP/Common/common.php 第 109 行.
NOTIC: [2] stripslashes() expects exactly 1 parameter, 2 given /www/wwwroot/yun.jridc.com/ThinkPHP/Common/common.php 第 109 行.
NOTIC: [2] stripslashes() expects exactly 1 parameter, 2 given /www/wwwroot/yun.jridc.com/ThinkPHP/Common/common.php 第 109 行.
NOTIC: [2] stripslashes() expects exactly 1 parameter, 2 given /www/wwwroot/yun.jridc.com/ThinkPHP/Common/common.php 第 109 行.
NOTIC: [2] stripslashes() expects exactly 1 parameter, 2 given /www/wwwroot/yun.jridc.com/ThinkPHP/Common/common.php 第 109 行.
NOTIC: [2] stripslashes() expects exactly 1 parameter, 2 given /www/wwwroot/yun.jridc.com/ThinkPHP/Common/common.php 第 109 行.
NOTIC: [2] stripslashes() expects exactly 1 parameter, 2 given /www/wwwroot/yun.jridc.com/ThinkPHP/Common/common.php 第 109 行.
NOTIC: [2] stripslashes() expects exactly 1 parameter, 2 given /www/wwwroot/yun.jridc.com/ThinkPHP/Common/common.php 第 109 行.
NOTIC: [2] stripslashes() expects exactly 1 parameter, 2 given /www/wwwroot/yun.jridc.com/ThinkPHP/Common/common.php 第 109 行.
NOTIC: [2] stripslashes() expects exactly 1 parameter, 2 given /www/wwwroot/yun.jridc.com/ThinkPHP/Common/common.php 第 109 行.
NOTIC: [2] stripslashes() expects exactly 1 parameter, 2 given /www/wwwroot/yun.jridc.com/ThinkPHP/Common/common.php 第 109 行.
NOTIC: [2] stripslashes() expects exactly 1 parameter, 2 given /www/wwwroot/yun.jridc.com/ThinkPHP/Common/common.php 第 109 行.
NOTIC: [2] stripslashes() expects exactly 1 parameter, 2 given /www/wwwroot/yun.jridc.com/ThinkPHP/Common/common.php 第 109 行.
NOTIC: [2] stripslashes() expects exactly 1 parameter, 2 given /www/wwwroot/yun.jridc.com/ThinkPHP/Common/common.php 第 109 行.
NOTIC: [2] stripslashes() expects exactly 1 parameter, 2 given /www/wwwroot/yun.jridc.com/ThinkPHP/Common/common.php 第 109 行.
NOTIC: [2] stripslashes() expects exactly 1 parameter, 2 given /www/wwwroot/yun.jridc.com/ThinkPHP/Common/common.php 第 109 行.
NOTIC: [2] stripslashes() expects exactly 1 parameter, 2 given /www/wwwroot/yun.jridc.com/ThinkPHP/Common/common.php 第 109 行.
NOTIC: [2] stripslashes() expects exactly 1 parameter, 2 given /www/wwwroot/yun.jridc.com/ThinkPHP/Common/common.php 第 109 行.
NOTIC: [2] stripslashes() expects exactly 1 parameter, 2 given /www/wwwroot/yun.jridc.com/ThinkPHP/Common/common.php 第 109 行.
NOTIC: [2] stripslashes() expects exactly 1 parameter, 2 given /www/wwwroot/yun.jridc.com/ThinkPHP/Common/common.php 第 109 行.
NOTIC: [2] stripslashes() expects exactly 1 parameter, 2 given /www/wwwroot/yun.jridc.com/ThinkPHP/Common/common.php 第 109 行.
NOTIC: [2] stripslashes() expects exactly 1 parameter, 2 given /www/wwwroot/yun.jridc.com/ThinkPHP/Common/common.php 第 109 行.
NOTIC: [2] stripslashes() expects exactly 1 parameter, 2 given /www/wwwroot/yun.jridc.com/ThinkPHP/Common/common.php 第 109 行.
NOTIC: [2] stripslashes() expects exactly 1 parameter, 2 given /www/wwwroot/yun.jridc.com/ThinkPHP/Common/common.php 第 109 行.
NOTIC: [2] stripslashes() expects exactly 1 parameter, 2 given /www/wwwroot/yun.jridc.com/ThinkPHP/Common/common.php 第 109 行.
NOTIC: [2] stripslashes() expects exactly 1 parameter, 2 given /www/wwwroot/yun.jridc.com/ThinkPHP/Common/common.php 第 109 行.
NOTIC: [2] stripslashes() expects exactly 1 parameter, 2 given /www/wwwroot/yun.jridc.com/ThinkPHP/Common/common.php 第 109 行.
NOTIC: [2] stripslashes() expects exactly 1 parameter, 2 given /www/wwwroot/yun.jridc.com/ThinkPHP/Common/common.php 第 109 行.
NOTIC: [2] stripslashes() expects exactly 1 parameter, 2 given /www/wwwroot/yun.jridc.com/ThinkPHP/Common/common.php 第 109 行.
NOTIC: [2] stripslashes() expects exactly 1 parameter, 2 given /www/wwwroot/yun.jridc.com/ThinkPHP/Common/common.php 第 109 行.
NOTIC: [2] stripslashes() expects exactly 1 parameter, 2 given /www/wwwroot/yun.jridc.com/ThinkPHP/Common/common.php 第 109 行.
NOTIC: [2] stripslashes() expects exactly 1 parameter, 2 given /www/wwwroot/yun.jridc.com/ThinkPHP/Common/common.php 第 109 行.
NOTIC: [2] stripslashes() expects exactly 1 parameter, 2 given /www/wwwroot/yun.jridc.com/ThinkPHP/Common/common.php 第 109 行.
NOTIC: [2] stripslashes() expects exactly 1 parameter, 2 given /www/wwwroot/yun.jridc.com/ThinkPHP/Common/common.php 第 109 行.
NOTIC: [2] stripslashes() expects exactly 1 parameter, 2 given /www/wwwroot/yun.jridc.com/ThinkPHP/Common/common.php 第 109 行.
NOTIC: [2] stripslashes() expects exactly 1 parameter, 2 given /www/wwwroot/yun.jridc.com/ThinkPHP/Common/common.php 第 109 行.
NOTIC: [2] stripslashes() expects exactly 1 parameter, 2 given /www/wwwroot/yun.jridc.com/ThinkPHP/Common/common.php 第 109 行.
NOTIC: [2] stripslashes() expects exactly 1 parameter, 2 given /www/wwwroot/yun.jridc.com/ThinkPHP/Common/common.php 第 109 行.
NOTIC: [2] stripslashes() expects exactly 1 parameter, 2 given /www/wwwroot/yun.jridc.com/ThinkPHP/Common/common.php 第 109 行.
NOTIC: [2] stripslashes() expects exactly 1 parameter, 2 given /www/wwwroot/yun.jridc.com/ThinkPHP/Common/common.php 第 109 行.
NOTIC: [2] stripslashes() expects exactly 1 parameter, 2 given /www/wwwroot/yun.jridc.com/ThinkPHP/Common/common.php 第 109 行.
NOTIC: [2] stripslashes() expects exactly 1 parameter, 2 given /www/wwwroot/yun.jridc.com/ThinkPHP/Common/common.php 第 109 行.
NOTIC: [2] stripslashes() expects exactly 1 parameter, 2 given /www/wwwroot/yun.jridc.com/ThinkPHP/Common/common.php 第 109 行.
NOTIC: [2] stripslashes() expects exactly 1 parameter, 2 given /www/wwwroot/yun.jridc.com/ThinkPHP/Common/common.php 第 109 行.
NOTIC: [2] stripslashes() expects exactly 1 parameter, 2 given /www/wwwroot/yun.jridc.com/ThinkPHP/Common/common.php 第 109 行.
NOTIC: [2] stripslashes() expects exactly 1 parameter, 2 given /www/wwwroot/yun.jridc.com/ThinkPHP/Common/common.php 第 109 行.
NOTIC: [2] stripslashes() expects exactly 1 parameter, 2 given /www/wwwroot/yun.jridc.com/ThinkPHP/Common/common.php 第 109 行.
NOTIC: [2] stripslashes() expects exactly 1 parameter, 2 given /www/wwwroot/yun.jridc.com/ThinkPHP/Common/common.php 第 109 行.
NOTIC: [2] stripslashes() expects exactly 1 parameter, 2 given /www/wwwroot/yun.jridc.com/ThinkPHP/Common/common.php 第 109 行.
NOTIC: [2] stripslashes() expects exactly 1 parameter, 2 given /www/wwwroot/yun.jridc.com/ThinkPHP/Common/common.php 第 109 行.
NOTIC: [2] stripslashes() expects exactly 1 parameter, 2 given /www/wwwroot/yun.jridc.com/ThinkPHP/Common/common.php 第 109 行.
NOTIC: [2] stripslashes() expects exactly 1 parameter, 2 given /www/wwwroot/yun.jridc.com/ThinkPHP/Common/common.php 第 109 行.
NOTIC: [2] stripslashes() expects exactly 1 parameter, 2 given /www/wwwroot/yun.jridc.com/ThinkPHP/Common/common.php 第 109 行.
NOTIC: [2] stripslashes() expects exactly 1 parameter, 2 given /www/wwwroot/yun.jridc.com/ThinkPHP/Common/common.php 第 109 行.
NOTIC: [2] stripslashes() expects exactly 1 parameter, 2 given /www/wwwroot/yun.jridc.com/ThinkPHP/Common/common.php 第 109 行.
NOTIC: [2] stripslashes() expects exactly 1 parameter, 2 given /www/wwwroot/yun.jridc.com/ThinkPHP/Common/common.php 第 109 行.
NOTIC: [2] stripslashes() expects exactly 1 parameter, 2 given /www/wwwroot/yun.jridc.com/ThinkPHP/Common/common.php 第 109 行.
NOTIC: [2] stripslashes() expects exactly 1 parameter, 2 given /www/wwwroot/yun.jridc.com/ThinkPHP/Common/common.php 第 109 行.
NOTIC: [2] stripslashes() expects exactly 1 parameter, 2 given /www/wwwroot/yun.jridc.com/ThinkPHP/Common/common.php 第 109 行.
NOTIC: [2] stripslashes() expects exactly 1 parameter, 2 given /www/wwwroot/yun.jridc.com/ThinkPHP/Common/common.php 第 109 行.
NOTIC: [2] stripslashes() expects exactly 1 parameter, 2 given /www/wwwroot/yun.jridc.com/ThinkPHP/Common/common.php 第 109 行.
NOTIC: [2] stripslashes() expects exactly 1 parameter, 2 given /www/wwwroot/yun.jridc.com/ThinkPHP/Common/common.php 第 109 行.
NOTIC: [2] stripslashes() expects exactly 1 parameter, 2 given /www/wwwroot/yun.jridc.com/ThinkPHP/Common/common.php 第 109 行.
NOTIC: [2] stripslashes() expects exactly 1 parameter, 2 given /www/wwwroot/yun.jridc.com/ThinkPHP/Common/common.php 第 109 行.
NOTIC: [2] stripslashes() expects exactly 1 parameter, 2 given /www/wwwroot/yun.jridc.com/ThinkPHP/Common/common.php 第 109 行.
NOTIC: [2] stripslashes() expects exactly 1 parameter, 2 given /www/wwwroot/yun.jridc.com/ThinkPHP/Common/common.php 第 109 行.
NOTIC: [2] stripslashes() expects exactly 1 parameter, 2 given /www/wwwroot/yun.jridc.com/ThinkPHP/Common/common.php 第 109 行.
NOTIC: [2] stripslashes() expects exactly 1 parameter, 2 given /www/wwwroot/yun.jridc.com/ThinkPHP/Common/common.php 第 109 行.
SQL: SHOW COLUMNS FROM `cloud_cloud` [ RunTime:0.000636s ]
NOTIC: [8] Undefined index: uid /www/wwwroot/yun.jridc.com/Cloud/Lib/Action/Home/CloudAction.class.php 第 41 行.
SQL: SHOW COLUMNS FROM `cloud_cloud_product` [ RunTime:0.000475s ]
SQL: SELECT * FROM `cloud_cloud_product` WHERE ( `id` = 4 ) LIMIT 1   [ RunTime:0.000072s ]
SQL: SHOW COLUMNS FROM `cloud_cloud` [ RunTime:0.000542s ]
NOTIC: [8] Undefined variable: hash /www/wwwroot/yun.jridc.com/Cloud/Lib/Model/CloudapiModel.class.php 第 237 行.
NOTIC: [8] Undefined variable: posturl /www/wwwroot/yun.jridc.com/Cloud/Lib/Model/CloudapiModel.class.php 第 244 行.
NOTIC: [8] Undefined variable: signpost /www/wwwroot/yun.jridc.com/Cloud/Lib/Model/CloudapiModel.class.php 第 221 行.
SQL: SHOW COLUMNS FROM `cloud_cloud_zk` [ RunTime:0.000800s ]
SQL: SELECT * FROM `cloud_cloud_zk` WHERE ( `productid` = 4 ) AND ( `zktext` = 'PAY_Month' ) AND ( `status` = 1 ) LIMIT 1   [ RunTime:0.000088s ]

[ 2019-02-11T19:18:50+08:00 ] 218.235.104.189 /
INFO: [ app_begin ] --START--
INFO: ReadHtmlCache Behavior ::run [ RunTime:0.000329s ]
INFO: [ app_begin ] --END-- [ RunTime:0.000385s ]
SQL: SHOW COLUMNS FROM `cloud_config` [ RunTime:0.000747s ]
SQL: SELECT `c_key`,`c_value` FROM `cloud_config` WHERE ( `c_module` = 'WEBSITE' )  [ RunTime:0.000058s ]
INFO: [ view_parse ] --START--
NOTIC: [8] Undefined index: field /www/wwwroot/yun.jridc.com/Cloud/Lib/TagLib/TagLibCloud.class.php 第 14 行.
NOTIC: [8] Undefined index: field /www/wwwroot/yun.jridc.com/Cloud/Lib/TagLib/TagLibCloud.class.php 第 14 行.
NOTIC: [8] Undefined index: field /www/wwwroot/yun.jridc.com/Cloud/Lib/TagLib/TagLibCloud.class.php 第 14 行.
NOTIC: [8] Undefined index: uid /www/wwwroot/yun.jridc.com/Cloud/Runtime/Cache/Home/1b02bb37aaf4d696e544a9167d94e637.php 第 21 行.
SQL: SHOW COLUMNS FROM `cloud_page` [ RunTime:0.000606s ]
SQL: SELECT * FROM `cloud_page` WHERE ( type_id=3 ) ORDER BY sort desc LIMIT 10   [ RunTime:0.000073s ]
NOTIC: [8] Use of undefined constant id - assumed 'id' /www/wwwroot/yun.jridc.com/Cloud/Runtime/Cache/Home/1b02bb37aaf4d696e544a9167d94e637.php 第 36 行.
NOTIC: [8] Use of undefined constant id - assumed 'id' /www/wwwroot/yun.jridc.com/Cloud/Runtime/Cache/Home/1b02bb37aaf4d696e544a9167d94e637.php 第 36 行.
NOTIC: [8] Use of undefined constant id - assumed 'id' /www/wwwroot/yun.jridc.com/Cloud/Runtime/Cache/Home/1b02bb37aaf4d696e544a9167d94e637.php 第 36 行.
NOTIC: [8] Use of undefined constant id - assumed 'id' /www/wwwroot/yun.jridc.com/Cloud/Runtime/Cache/Home/1b02bb37aaf4d696e544a9167d94e637.php 第 36 行.
SQL: SELECT * FROM `cloud_page` WHERE ( type_id=2 ) ORDER BY sort desc LIMIT 10   [ RunTime:0.000070s ]
NOTIC: [8] Use of undefined constant id - assumed 'id' /www/wwwroot/yun.jridc.com/Cloud/Runtime/Cache/Home/1b02bb37aaf4d696e544a9167d94e637.php 第 48 行.
NOTIC: [8] Use of undefined constant id - assumed 'id' /www/wwwroot/yun.jridc.com/Cloud/Runtime/Cache/Home/1b02bb37aaf4d696e544a9167d94e637.php 第 48 行.
NOTIC: [8] Use of undefined constant id - assumed 'id' /www/wwwroot/yun.jridc.com/Cloud/Runtime/Cache/Home/1b02bb37aaf4d696e544a9167d94e637.php 第 48 行.
SQL: SELECT * FROM `cloud_page` WHERE ( type_id=1 ) ORDER BY sort desc LIMIT 10   [ RunTime:0.000071s ]
NOTIC: [8] Use of undefined constant id - assumed 'id' /www/wwwroot/yun.jridc.com/Cloud/Runtime/Cache/Home/1b02bb37aaf4d696e544a9167d94e637.php 第 62 行.
NOTIC: [8] Use of undefined constant id - assumed 'id' /www/wwwroot/yun.jridc.com/Cloud/Runtime/Cache/Home/1b02bb37aaf4d696e544a9167d94e637.php 第 62 行.
NOTIC: [8] Use of undefined constant id - assumed 'id' /www/wwwroot/yun.jridc.com/Cloud/Runtime/Cache/Home/1b02bb37aaf4d696e544a9167d94e637.php 第 62 行.
NOTIC: [8] Use of undefined constant id - assumed 'id' /www/wwwroot/yun.jridc.com/Cloud/Runtime/Cache/Home/1b02bb37aaf4d696e544a9167d94e637.php 第 62 行.
INFO: ParseTemplate Behavior ::run [ RunTime:0.014172s ]
INFO: [ view_parse ] --END-- [ RunTime:0.014246s ]
INFO: [ view_filter ] --START--
INFO: ContentReplace Behavior ::run [ RunTime:0.000335s ]
INFO: TokenBuild Behavior ::run [ RunTime:0.000226s ]
INFO: WriteHtmlCache Behavior ::run [ RunTime:0.000168s ]
INFO: ShowRuntime Behavior ::run [ RunTime:0.000257s ]
INFO: [ view_filter ] --END-- [ RunTime:0.001091s ]
INFO: [ view_end ] --START--
INFO: ShowPageTrace Behavior ::run [ RunTime:0.000340s ]
INFO: [ view_end ] --END-- [ RunTime:0.000372s ]

[ 2019-02-11T19:18:51+08:00 ] 218.235.104.189 /
INFO: [ app_begin ] --START--
INFO: ReadHtmlCache Behavior ::run [ RunTime:0.000326s ]
INFO: [ app_begin ] --END-- [ RunTime:0.000384s ]
SQL: SHOW COLUMNS FROM `cloud_config` [ RunTime:0.000568s ]
SQL: SELECT `c_key`,`c_value` FROM `cloud_config` WHERE ( `c_module` = 'WEBSITE' )  [ RunTime:0.000056s ]
INFO: [ view_parse ] --START--
NOTIC: [8] Undefined index: field /www/wwwroot/yun.jridc.com/Cloud/Lib/TagLib/TagLibCloud.class.php 第 14 行.
NOTIC: [8] Undefined index: field /www/wwwroot/yun.jridc.com/Cloud/Lib/TagLib/TagLibCloud.class.php 第 14 行.
NOTIC: [8] Undefined index: field /www/wwwroot/yun.jridc.com/Cloud/Lib/TagLib/TagLibCloud.class.php 第 14 行.
NOTIC: [8] Undefined index: uid /www/wwwroot/yun.jridc.com/Cloud/Runtime/Cache/Home/1b02bb37aaf4d696e544a9167d94e637.php 第 21 行.
SQL: SHOW COLUMNS FROM `cloud_page` [ RunTime:0.000803s ]
SQL: SELECT * FROM `cloud_page` WHERE ( type_id=3 ) ORDER BY sort desc LIMIT 10   [ RunTime:0.000073s ]
NOTIC: [8] Use of undefined constant id - assumed 'id' /www/wwwroot/yun.jridc.com/Cloud/Runtime/Cache/Home/1b02bb37aaf4d696e544a9167d94e637.php 第 36 行.
NOTIC: [8] Use of undefined constant id - assumed 'id' /www/wwwroot/yun.jridc.com/Cloud/Runtime/Cache/Home/1b02bb37aaf4d696e544a9167d94e637.php 第 36 行.
NOTIC: [8] Use of undefined constant id - assumed 'id' /www/wwwroot/yun.jridc.com/Cloud/Runtime/Cache/Home/1b02bb37aaf4d696e544a9167d94e637.php 第 36 行.
NOTIC: [8] Use of undefined constant id - assumed 'id' /www/wwwroot/yun.jridc.com/Cloud/Runtime/Cache/Home/1b02bb37aaf4d696e544a9167d94e637.php 第 36 行.
SQL: SELECT * FROM `cloud_page` WHERE ( type_id=2 ) ORDER BY sort desc LIMIT 10   [ RunTime:0.000073s ]
NOTIC: [8] Use of undefined constant id - assumed 'id' /www/wwwroot/yun.jridc.com/Cloud/Runtime/Cache/Home/1b02bb37aaf4d696e544a9167d94e637.php 第 48 行.
NOTIC: [8] Use of undefined constant id - assumed 'id' /www/wwwroot/yun.jridc.com/Cloud/Runtime/Cache/Home/1b02bb37aaf4d696e544a9167d94e637.php 第 48 行.
NOTIC: [8] Use of undefined constant id - assumed 'id' /www/wwwroot/yun.jridc.com/Cloud/Runtime/Cache/Home/1b02bb37aaf4d696e544a9167d94e637.php 第 48 行.
SQL: SELECT * FROM `cloud_page` WHERE ( type_id=1 ) ORDER BY sort desc LIMIT 10   [ RunTime:0.000069s ]
NOTIC: [8] Use of undefined constant id - assumed 'id' /www/wwwroot/yun.jridc.com/Cloud/Runtime/Cache/Home/1b02bb37aaf4d696e544a9167d94e637.php 第 62 行.
NOTIC: [8] Use of undefined constant id - assumed 'id' /www/wwwroot/yun.jridc.com/Cloud/Runtime/Cache/Home/1b02bb37aaf4d696e544a9167d94e637.php 第 62 行.
NOTIC: [8] Use of undefined constant id - assumed 'id' /www/wwwroot/yun.jridc.com/Cloud/Runtime/Cache/Home/1b02bb37aaf4d696e544a9167d94e637.php 第 62 行.
NOTIC: [8] Use of undefined constant id - assumed 'id' /www/wwwroot/yun.jridc.com/Cloud/Runtime/Cache/Home/1b02bb37aaf4d696e544a9167d94e637.php 第 62 行.
INFO: ParseTemplate Behavior ::run [ RunTime:0.013621s ]
INFO: [ view_parse ] --END-- [ RunTime:0.013665s ]
INFO: [ view_filter ] --START--
INFO: ContentReplace Behavior ::run [ RunTime:0.000344s ]
INFO: TokenBuild Behavior ::run [ RunTime:0.000213s ]
INFO: WriteHtmlCache Behavior ::run [ RunTime:0.000145s ]
INFO: ShowRuntime Behavior ::run [ RunTime:0.000275s ]
INFO: [ view_filter ] --END-- [ RunTime:0.001071s ]
INFO: [ view_end ] --START--
INFO: ShowPageTrace Behavior ::run [ RunTime:0.000338s ]
INFO: [ view_end ] --END-- [ RunTime:0.000370s ]

[ 2019-02-11T19:53:44+08:00 ] 49.70.116.124 /
INFO: [ app_begin ] --START--
INFO: ReadHtmlCache Behavior ::run [ RunTime:0.000368s ]
INFO: [ app_begin ] --END-- [ RunTime:0.000439s ]
SQL: SHOW COLUMNS FROM `cloud_config` [ RunTime:0.000510s ]
SQL: SELECT `c_key`,`c_value` FROM `cloud_config` WHERE ( `c_module` = 'WEBSITE' )  [ RunTime:0.000058s ]
INFO: [ view_parse ] --START--
NOTIC: [8] Undefined index: field /www/wwwroot/yun.jridc.com/Cloud/Lib/TagLib/TagLibCloud.class.php 第 14 行.
NOTIC: [8] Undefined index: field /www/wwwroot/yun.jridc.com/Cloud/Lib/TagLib/TagLibCloud.class.php 第 14 行.
NOTIC: [8] Undefined index: field /www/wwwroot/yun.jridc.com/Cloud/Lib/TagLib/TagLibCloud.class.php 第 14 行.
NOTIC: [8] Undefined index: uid /www/wwwroot/yun.jridc.com/Cloud/Runtime/Cache/Home/1b02bb37aaf4d696e544a9167d94e637.php 第 21 行.
SQL: SHOW COLUMNS FROM `cloud_page` [ RunTime:0.000584s ]
SQL: SELECT * FROM `cloud_page` WHERE ( type_id=3 ) ORDER BY sort desc LIMIT 10   [ RunTime:0.000055s ]
NOTIC: [8] Use of undefined constant id - assumed 'id' /www/wwwroot/yun.jridc.com/Cloud/Runtime/Cache/Home/1b02bb37aaf4d696e544a9167d94e637.php 第 36 行.
NOTIC: [8] Use of undefined constant id - assumed 'id' /www/wwwroot/yun.jridc.com/Cloud/Runtime/Cache/Home/1b02bb37aaf4d696e544a9167d94e637.php 第 36 行.
NOTIC: [8] Use of undefined constant id - assumed 'id' /www/wwwroot/yun.jridc.com/Cloud/Runtime/Cache/Home/1b02bb37aaf4d696e544a9167d94e637.php 第 36 行.
NOTIC: [8] Use of undefined constant id - assumed 'id' /www/wwwroot/yun.jridc.com/Cloud/Runtime/Cache/Home/1b02bb37aaf4d696e544a9167d94e637.php 第 36 行.
SQL: SELECT * FROM `cloud_page` WHERE ( type_id=2 ) ORDER BY sort desc LIMIT 10   [ RunTime:0.000061s ]
NOTIC: [8] Use of undefined constant id - assumed 'id' /www/wwwroot/yun.jridc.com/Cloud/Runtime/Cache/Home/1b02bb37aaf4d696e544a9167d94e637.php 第 48 行.
NOTIC: [8] Use of undefined constant id - assumed 'id' /www/wwwroot/yun.jridc.com/Cloud/Runtime/Cache/Home/1b02bb37aaf4d696e544a9167d94e637.php 第 48 行.
NOTIC: [8] Use of undefined constant id - assumed 'id' /www/wwwroot/yun.jridc.com/Cloud/Runtime/Cache/Home/1b02bb37aaf4d696e544a9167d94e637.php 第 48 行.
SQL: SELECT * FROM `cloud_page` WHERE ( type_id=1 ) ORDER BY sort desc LIMIT 10   [ RunTime:0.000065s ]
NOTIC: [8] Use of undefined constant id - assumed 'id' /www/wwwroot/yun.jridc.com/Cloud/Runtime/Cache/Home/1b02bb37aaf4d696e544a9167d94e637.php 第 62 行.
NOTIC: [8] Use of undefined constant id - assumed 'id' /www/wwwroot/yun.jridc.com/Cloud/Runtime/Cache/Home/1b02bb37aaf4d696e544a9167d94e637.php 第 62 行.
NOTIC: [8] Use of undefined constant id - assumed 'id' /www/wwwroot/yun.jridc.com/Cloud/Runtime/Cache/Home/1b02bb37aaf4d696e544a9167d94e637.php 第 62 行.
NOTIC: [8] Use of undefined constant id - assumed 'id' /www/wwwroot/yun.jridc.com/Cloud/Runtime/Cache/Home/1b02bb37aaf4d696e544a9167d94e637.php 第 62 行.
INFO: ParseTemplate Behavior ::run [ RunTime:0.011672s ]
INFO: [ view_parse ] --END-- [ RunTime:0.011711s ]
INFO: [ view_filter ] --START--
INFO: ContentReplace Behavior ::run [ RunTime:0.000320s ]
INFO: TokenBuild Behavior ::run [ RunTime:0.000209s ]
INFO: WriteHtmlCache Behavior ::run [ RunTime:0.000146s ]
INFO: ShowRuntime Behavior ::run [ RunTime:0.000240s ]
INFO: [ view_filter ] --END-- [ RunTime:0.001008s ]
INFO: [ view_end ] --START--
INFO: ShowPageTrace Behavior ::run [ RunTime:0.000327s ]
INFO: [ view_end ] --END-- [ RunTime:0.000358s ]

[ 2019-02-11T20:34:12+08:00 ] 222.187.222.56 /
INFO: [ app_begin ] --START--
INFO: ReadHtmlCache Behavior ::run [ RunTime:0.000319s ]
INFO: [ app_begin ] --END-- [ RunTime:0.000384s ]
SQL: SHOW COLUMNS FROM `cloud_config` [ RunTime:0.000531s ]
SQL: SELECT `c_key`,`c_value` FROM `cloud_config` WHERE ( `c_module` = 'WEBSITE' )  [ RunTime:0.000053s ]
INFO: [ view_parse ] --START--
NOTIC: [8] Undefined index: field /www/wwwroot/yun.jridc.com/Cloud/Lib/TagLib/TagLibCloud.class.php 第 14 行.
NOTIC: [8] Undefined index: field /www/wwwroot/yun.jridc.com/Cloud/Lib/TagLib/TagLibCloud.class.php 第 14 行.
NOTIC: [8] Undefined index: field /www/wwwroot/yun.jridc.com/Cloud/Lib/TagLib/TagLibCloud.class.php 第 14 行.
NOTIC: [8] Undefined index: uid /www/wwwroot/yun.jridc.com/Cloud/Runtime/Cache/Home/1b02bb37aaf4d696e544a9167d94e637.php 第 21 行.
SQL: SHOW COLUMNS FROM `cloud_page` [ RunTime:0.000606s ]
SQL: SELECT * FROM `cloud_page` WHERE ( type_id=3 ) ORDER BY sort desc LIMIT 10   [ RunTime:0.000054s ]
NOTIC: [8] Use of undefined constant id - assumed 'id' /www/wwwroot/yun.jridc.com/Cloud/Runtime/Cache/Home/1b02bb37aaf4d696e544a9167d94e637.php 第 36 行.
NOTIC: [8] Use of undefined constant id - assumed 'id' /www/wwwroot/yun.jridc.com/Cloud/Runtime/Cache/Home/1b02bb37aaf4d696e544a9167d94e637.php 第 36 行.
NOTIC: [8] Use of undefined constant id - assumed 'id' /www/wwwroot/yun.jridc.com/Cloud/Runtime/Cache/Home/1b02bb37aaf4d696e544a9167d94e637.php 第 36 行.
NOTIC: [8] Use of undefined constant id - assumed 'id' /www/wwwroot/yun.jridc.com/Cloud/Runtime/Cache/Home/1b02bb37aaf4d696e544a9167d94e637.php 第 36 行.
SQL: SELECT * FROM `cloud_page` WHERE ( type_id=2 ) ORDER BY sort desc LIMIT 10   [ RunTime:0.000063s ]
NOTIC: [8] Use of undefined constant id - assumed 'id' /www/wwwroot/yun.jridc.com/Cloud/Runtime/Cache/Home/1b02bb37aaf4d696e544a9167d94e637.php 第 48 行.
NOTIC: [8] Use of undefined constant id - assumed 'id' /www/wwwroot/yun.jridc.com/Cloud/Runtime/Cache/Home/1b02bb37aaf4d696e544a9167d94e637.php 第 48 行.
NOTIC: [8] Use of undefined constant id - assumed 'id' /www/wwwroot/yun.jridc.com/Cloud/Runtime/Cache/Home/1b02bb37aaf4d696e544a9167d94e637.php 第 48 行.
SQL: SELECT * FROM `cloud_page` WHERE ( type_id=1 ) ORDER BY sort desc LIMIT 10   [ RunTime:0.000066s ]
NOTIC: [8] Use of undefined constant id - assumed 'id' /www/wwwroot/yun.jridc.com/Cloud/Runtime/Cache/Home/1b02bb37aaf4d696e544a9167d94e637.php 第 62 行.
NOTIC: [8] Use of undefined constant id - assumed 'id' /www/wwwroot/yun.jridc.com/Cloud/Runtime/Cache/Home/1b02bb37aaf4d696e544a9167d94e637.php 第 62 行.
NOTIC: [8] Use of undefined constant id - assumed 'id' /www/wwwroot/yun.jridc.com/Cloud/Runtime/Cache/Home/1b02bb37aaf4d696e544a9167d94e637.php 第 62 行.
NOTIC: [8] Use of undefined constant id - assumed 'id' /www/wwwroot/yun.jridc.com/Cloud/Runtime/Cache/Home/1b02bb37aaf4d696e544a9167d94e637.php 第 62 行.
INFO: ParseTemplate Behavior ::run [ RunTime:0.012086s ]
INFO: [ view_parse ] --END-- [ RunTime:0.012126s ]
INFO: [ view_filter ] --START--
INFO: ContentReplace Behavior ::run [ RunTime:0.000375s ]
INFO: TokenBuild Behavior ::run [ RunTime:0.000211s ]
INFO: WriteHtmlCache Behavior ::run [ RunTime:0.000142s ]
INFO: ShowRuntime Behavior ::run [ RunTime:0.000242s ]
INFO: [ view_filter ] --END-- [ RunTime:0.001064s ]
INFO: [ view_end ] --START--
INFO: ShowPageTrace Behavior ::run [ RunTime:0.000346s ]
INFO: [ view_end ] --END-- [ RunTime:0.000378s ]

