[ 2019-02-17T12:52:28+08:00 ] 222.187.222.56 /
INFO: [ app_begin ] --START--
INFO: ReadHtmlCache Behavior ::run [ RunTime:0.000371s ]
INFO: [ app_begin ] --END-- [ RunTime:0.000460s ]
SQL: SHOW COLUMNS FROM `cloud_config` [ RunTime:0.000642s ]
SQL: SELECT `c_key`,`c_value` FROM `cloud_config` WHERE ( `c_module` = 'WEBSITE' )  [ RunTime:0.000064s ]
INFO: [ view_parse ] --START--
NOTIC: [8] Undefined index: field /www/wwwroot/yun.jridc.com/Cloud/Lib/TagLib/TagLibCloud.class.php 第 14 行.
NOTIC: [8] Undefined index: field /www/wwwroot/yun.jridc.com/Cloud/Lib/TagLib/TagLibCloud.class.php 第 14 行.
NOTIC: [8] Undefined index: field /www/wwwroot/yun.jridc.com/Cloud/Lib/TagLib/TagLibCloud.class.php 第 14 行.
NOTIC: [8] Undefined index: uid /www/wwwroot/yun.jridc.com/Cloud/Runtime/Cache/Home/1b02bb37aaf4d696e544a9167d94e637.php 第 21 行.
SQL: SHOW COLUMNS FROM `cloud_page` [ RunTime:0.000719s ]
SQL: SELECT * FROM `cloud_page` WHERE ( type_id=3 ) ORDER BY sort desc LIMIT 10   [ RunTime:0.000066s ]
NOTIC: [8] Use of undefined constant id - assumed 'id' /www/wwwroot/yun.jridc.com/Cloud/Runtime/Cache/Home/1b02bb37aaf4d696e544a9167d94e637.php 第 36 行.
NOTIC: [8] Use of undefined constant id - assumed 'id' /www/wwwroot/yun.jridc.com/Cloud/Runtime/Cache/Home/1b02bb37aaf4d696e544a9167d94e637.php 第 36 行.
NOTIC: [8] Use of undefined constant id - assumed 'id' /www/wwwroot/yun.jridc.com/Cloud/Runtime/Cache/Home/1b02bb37aaf4d696e544a9167d94e637.php 第 36 行.
NOTIC: [8] Use of undefined constant id - assumed 'id' /www/wwwroot/yun.jridc.com/Cloud/Runtime/Cache/Home/1b02bb37aaf4d696e544a9167d94e637.php 第 36 行.
SQL: SELECT * FROM `cloud_page` WHERE ( type_id=2 ) ORDER BY sort desc LIMIT 10   [ RunTime:0.000072s ]
NOTIC: [8] Use of undefined constant id - assumed 'id' /www/wwwroot/yun.jridc.com/Cloud/Runtime/Cache/Home/1b02bb37aaf4d696e544a9167d94e637.php 第 48 行.
NOTIC: [8] Use of undefined constant id - assumed 'id' /www/wwwroot/yun.jridc.com/Cloud/Runtime/Cache/Home/1b02bb37aaf4d696e544a9167d94e637.php 第 48 行.
NOTIC: [8] Use of undefined constant id - assumed 'id' /www/wwwroot/yun.jridc.com/Cloud/Runtime/Cache/Home/1b02bb37aaf4d696e544a9167d94e637.php 第 48 行.
SQL: SELECT * FROM `cloud_page` WHERE ( type_id=1 ) ORDER BY sort desc LIMIT 10   [ RunTime:0.000112s ]
NOTIC: [8] Use of undefined constant id - assumed 'id' /www/wwwroot/yun.jridc.com/Cloud/Runtime/Cache/Home/1b02bb37aaf4d696e544a9167d94e637.php 第 62 行.
NOTIC: [8] Use of undefined constant id - assumed 'id' /www/wwwroot/yun.jridc.com/Cloud/Runtime/Cache/Home/1b02bb37aaf4d696e544a9167d94e637.php 第 62 行.
NOTIC: [8] Use of undefined constant id - assumed 'id' /www/wwwroot/yun.jridc.com/Cloud/Runtime/Cache/Home/1b02bb37aaf4d696e544a9167d94e637.php 第 62 行.
NOTIC: [8] Use of undefined constant id - assumed 'id' /www/wwwroot/yun.jridc.com/Cloud/Runtime/Cache/Home/1b02bb37aaf4d696e544a9167d94e637.php 第 62 行.
INFO: ParseTemplate Behavior ::run [ RunTime:0.013453s ]
INFO: [ view_parse ] --END-- [ RunTime:0.013497s ]
INFO: [ view_filter ] --START--
INFO: ContentReplace Behavior ::run [ RunTime:0.000304s ]
INFO: TokenBuild Behavior ::run [ RunTime:0.000237s ]
INFO: WriteHtmlCache Behavior ::run [ RunTime:0.000164s ]
INFO: ShowRuntime Behavior ::run [ RunTime:0.000260s ]
INFO: [ view_filter ] --END-- [ RunTime:0.001080s ]
INFO: [ view_end ] --START--
INFO: ShowPageTrace Behavior ::run [ RunTime:0.000342s ]
INFO: [ view_end ] --END-- [ RunTime:0.000373s ]

[ 2019-02-17T13:02:36+08:00 ] 123.123.219.60 /robots.txt
INFO: [ route_check ] --START--
INFO: CheckRoute Behavior ::run [ RunTime:0.000457s ]
INFO: [ route_check ] --END-- [ RunTime:0.000523s ]
NOTIC: [2] stripslashes() expects exactly 1 parameter, 2 given /www/wwwroot/yun.jridc.com/ThinkPHP/Lib/Core/App.class.php 第 57 行.
INFO: [ app_begin ] --START--
INFO: ReadHtmlCache Behavior ::run [ RunTime:0.000317s ]
INFO: [ app_begin ] --END-- [ RunTime:0.000351s ]
NOTIC: [8] Undefined variable: group /www/wwwroot/yun.jridc.com/ThinkPHP/Lib/Core/App.class.php 第 102 行.
ERR: 无法加载模块:Robots.txt

[ 2019-02-17T13:02:36+08:00 ] 123.123.219.60 /
INFO: [ app_begin ] --START--
INFO: ReadHtmlCache Behavior ::run [ RunTime:0.000566s ]
INFO: [ app_begin ] --END-- [ RunTime:0.000694s ]
SQL: SHOW COLUMNS FROM `cloud_config` [ RunTime:0.000741s ]
SQL: SELECT `c_key`,`c_value` FROM `cloud_config` WHERE ( `c_module` = 'WEBSITE' )  [ RunTime:0.000068s ]
INFO: [ view_parse ] --START--
NOTIC: [8] Undefined index: field /www/wwwroot/yun.jridc.com/Cloud/Lib/TagLib/TagLibCloud.class.php 第 14 行.
NOTIC: [8] Undefined index: field /www/wwwroot/yun.jridc.com/Cloud/Lib/TagLib/TagLibCloud.class.php 第 14 行.
NOTIC: [8] Undefined index: field /www/wwwroot/yun.jridc.com/Cloud/Lib/TagLib/TagLibCloud.class.php 第 14 行.
NOTIC: [8] Undefined index: uid /www/wwwroot/yun.jridc.com/Cloud/Runtime/Cache/Home/1b02bb37aaf4d696e544a9167d94e637.php 第 21 行.
SQL: SHOW COLUMNS FROM `cloud_page` [ RunTime:0.000725s ]
SQL: SELECT * FROM `cloud_page` WHERE ( type_id=3 ) ORDER BY sort desc LIMIT 10   [ RunTime:0.000068s ]
NOTIC: [8] Use of undefined constant id - assumed 'id' /www/wwwroot/yun.jridc.com/Cloud/Runtime/Cache/Home/1b02bb37aaf4d696e544a9167d94e637.php 第 36 行.
NOTIC: [8] Use of undefined constant id - assumed 'id' /www/wwwroot/yun.jridc.com/Cloud/Runtime/Cache/Home/1b02bb37aaf4d696e544a9167d94e637.php 第 36 行.
NOTIC: [8] Use of undefined constant id - assumed 'id' /www/wwwroot/yun.jridc.com/Cloud/Runtime/Cache/Home/1b02bb37aaf4d696e544a9167d94e637.php 第 36 行.
NOTIC: [8] Use of undefined constant id - assumed 'id' /www/wwwroot/yun.jridc.com/Cloud/Runtime/Cache/Home/1b02bb37aaf4d696e544a9167d94e637.php 第 36 行.
SQL: SELECT * FROM `cloud_page` WHERE ( type_id=2 ) ORDER BY sort desc LIMIT 10   [ RunTime:0.000075s ]
NOTIC: [8] Use of undefined constant id - assumed 'id' /www/wwwroot/yun.jridc.com/Cloud/Runtime/Cache/Home/1b02bb37aaf4d696e544a9167d94e637.php 第 48 行.
NOTIC: [8] Use of undefined constant id - assumed 'id' /www/wwwroot/yun.jridc.com/Cloud/Runtime/Cache/Home/1b02bb37aaf4d696e544a9167d94e637.php 第 48 行.
NOTIC: [8] Use of undefined constant id - assumed 'id' /www/wwwroot/yun.jridc.com/Cloud/Runtime/Cache/Home/1b02bb37aaf4d696e544a9167d94e637.php 第 48 行.
SQL: SELECT * FROM `cloud_page` WHERE ( type_id=1 ) ORDER BY sort desc LIMIT 10   [ RunTime:0.000081s ]
NOTIC: [8] Use of undefined constant id - assumed 'id' /www/wwwroot/yun.jridc.com/Cloud/Runtime/Cache/Home/1b02bb37aaf4d696e544a9167d94e637.php 第 62 行.
NOTIC: [8] Use of undefined constant id - assumed 'id' /www/wwwroot/yun.jridc.com/Cloud/Runtime/Cache/Home/1b02bb37aaf4d696e544a9167d94e637.php 第 62 行.
NOTIC: [8] Use of undefined constant id - assumed 'id' /www/wwwroot/yun.jridc.com/Cloud/Runtime/Cache/Home/1b02bb37aaf4d696e544a9167d94e637.php 第 62 行.
NOTIC: [8] Use of undefined constant id - assumed 'id' /www/wwwroot/yun.jridc.com/Cloud/Runtime/Cache/Home/1b02bb37aaf4d696e544a9167d94e637.php 第 62 行.
INFO: ParseTemplate Behavior ::run [ RunTime:0.014445s ]
INFO: [ view_parse ] --END-- [ RunTime:0.014512s ]
INFO: [ view_filter ] --START--
INFO: ContentReplace Behavior ::run [ RunTime:0.000335s ]
INFO: TokenBuild Behavior ::run [ RunTime:0.000243s ]
INFO: WriteHtmlCache Behavior ::run [ RunTime:0.000167s ]
INFO: ShowRuntime Behavior ::run [ RunTime:0.000320s ]
INFO: [ view_filter ] --END-- [ RunTime:0.001166s ]
INFO: [ view_end ] --START--
INFO: ShowPageTrace Behavior ::run [ RunTime:0.000375s ]
INFO: [ view_end ] --END-- [ RunTime:0.000409s ]

[ 2019-02-17T14:28:09+08:00 ] 49.94.34.86 /
INFO: [ app_begin ] --START--
INFO: ReadHtmlCache Behavior ::run [ RunTime:0.000339s ]
INFO: [ app_begin ] --END-- [ RunTime:0.000407s ]
SQL: SHOW COLUMNS FROM `cloud_config` [ RunTime:0.000790s ]
SQL: SELECT `c_key`,`c_value` FROM `cloud_config` WHERE ( `c_module` = 'WEBSITE' )  [ RunTime:0.000065s ]
INFO: [ view_parse ] --START--
NOTIC: [8] Undefined index: field /www/wwwroot/yun.jridc.com/Cloud/Lib/TagLib/TagLibCloud.class.php 第 14 行.
NOTIC: [8] Undefined index: field /www/wwwroot/yun.jridc.com/Cloud/Lib/TagLib/TagLibCloud.class.php 第 14 行.
NOTIC: [8] Undefined index: field /www/wwwroot/yun.jridc.com/Cloud/Lib/TagLib/TagLibCloud.class.php 第 14 行.
NOTIC: [8] Undefined index: uid /www/wwwroot/yun.jridc.com/Cloud/Runtime/Cache/Home/1b02bb37aaf4d696e544a9167d94e637.php 第 21 行.
SQL: SHOW COLUMNS FROM `cloud_page` [ RunTime:0.000724s ]
SQL: SELECT * FROM `cloud_page` WHERE ( type_id=3 ) ORDER BY sort desc LIMIT 10   [ RunTime:0.000068s ]
NOTIC: [8] Use of undefined constant id - assumed 'id' /www/wwwroot/yun.jridc.com/Cloud/Runtime/Cache/Home/1b02bb37aaf4d696e544a9167d94e637.php 第 36 行.
NOTIC: [8] Use of undefined constant id - assumed 'id' /www/wwwroot/yun.jridc.com/Cloud/Runtime/Cache/Home/1b02bb37aaf4d696e544a9167d94e637.php 第 36 行.
NOTIC: [8] Use of undefined constant id - assumed 'id' /www/wwwroot/yun.jridc.com/Cloud/Runtime/Cache/Home/1b02bb37aaf4d696e544a9167d94e637.php 第 36 行.
NOTIC: [8] Use of undefined constant id - assumed 'id' /www/wwwroot/yun.jridc.com/Cloud/Runtime/Cache/Home/1b02bb37aaf4d696e544a9167d94e637.php 第 36 行.
SQL: SELECT * FROM `cloud_page` WHERE ( type_id=2 ) ORDER BY sort desc LIMIT 10   [ RunTime:0.000101s ]
NOTIC: [8] Use of undefined constant id - assumed 'id' /www/wwwroot/yun.jridc.com/Cloud/Runtime/Cache/Home/1b02bb37aaf4d696e544a9167d94e637.php 第 48 行.
NOTIC: [8] Use of undefined constant id - assumed 'id' /www/wwwroot/yun.jridc.com/Cloud/Runtime/Cache/Home/1b02bb37aaf4d696e544a9167d94e637.php 第 48 行.
NOTIC: [8] Use of undefined constant id - assumed 'id' /www/wwwroot/yun.jridc.com/Cloud/Runtime/Cache/Home/1b02bb37aaf4d696e544a9167d94e637.php 第 48 行.
SQL: SELECT * FROM `cloud_page` WHERE ( type_id=1 ) ORDER BY sort desc LIMIT 10   [ RunTime:0.000082s ]
NOTIC: [8] Use of undefined constant id - assumed 'id' /www/wwwroot/yun.jridc.com/Cloud/Runtime/Cache/Home/1b02bb37aaf4d696e544a9167d94e637.php 第 62 行.
NOTIC: [8] Use of undefined constant id - assumed 'id' /www/wwwroot/yun.jridc.com/Cloud/Runtime/Cache/Home/1b02bb37aaf4d696e544a9167d94e637.php 第 62 行.
NOTIC: [8] Use of undefined constant id - assumed 'id' /www/wwwroot/yun.jridc.com/Cloud/Runtime/Cache/Home/1b02bb37aaf4d696e544a9167d94e637.php 第 62 行.
NOTIC: [8] Use of undefined constant id - assumed 'id' /www/wwwroot/yun.jridc.com/Cloud/Runtime/Cache/Home/1b02bb37aaf4d696e544a9167d94e637.php 第 62 行.
INFO: ParseTemplate Behavior ::run [ RunTime:0.012766s ]
INFO: [ view_parse ] --END-- [ RunTime:0.012808s ]
INFO: [ view_filter ] --START--
INFO: ContentReplace Behavior ::run [ RunTime:0.000344s ]
INFO: TokenBuild Behavior ::run [ RunTime:0.000242s ]
INFO: WriteHtmlCache Behavior ::run [ RunTime:0.000169s ]
INFO: ShowRuntime Behavior ::run [ RunTime:0.000277s ]
INFO: [ view_filter ] --END-- [ RunTime:0.001132s ]
INFO: [ view_end ] --START--
INFO: ShowPageTrace Behavior ::run [ RunTime:0.000371s ]
INFO: [ view_end ] --END-- [ RunTime:0.000404s ]

[ 2019-02-17T16:03:03+08:00 ] 180.125.253.172 /
INFO: [ app_begin ] --START--
INFO: ReadHtmlCache Behavior ::run [ RunTime:0.000358s ]
INFO: [ app_begin ] --END-- [ RunTime:0.000422s ]
SQL: SHOW COLUMNS FROM `cloud_config` [ RunTime:0.000622s ]
SQL: SELECT `c_key`,`c_value` FROM `cloud_config` WHERE ( `c_module` = 'WEBSITE' )  [ RunTime:0.000069s ]
INFO: [ view_parse ] --START--
NOTIC: [8] Undefined index: field /www/wwwroot/yun.jridc.com/Cloud/Lib/TagLib/TagLibCloud.class.php 第 14 行.
NOTIC: [8] Undefined index: field /www/wwwroot/yun.jridc.com/Cloud/Lib/TagLib/TagLibCloud.class.php 第 14 行.
NOTIC: [8] Undefined index: field /www/wwwroot/yun.jridc.com/Cloud/Lib/TagLib/TagLibCloud.class.php 第 14 行.
NOTIC: [8] Undefined index: uid /www/wwwroot/yun.jridc.com/Cloud/Runtime/Cache/Home/1b02bb37aaf4d696e544a9167d94e637.php 第 21 行.
SQL: SHOW COLUMNS FROM `cloud_page` [ RunTime:0.000663s ]
SQL: SELECT * FROM `cloud_page` WHERE ( type_id=3 ) ORDER BY sort desc LIMIT 10   [ RunTime:0.000085s ]
NOTIC: [8] Use of undefined constant id - assumed 'id' /www/wwwroot/yun.jridc.com/Cloud/Runtime/Cache/Home/1b02bb37aaf4d696e544a9167d94e637.php 第 36 行.
NOTIC: [8] Use of undefined constant id - assumed 'id' /www/wwwroot/yun.jridc.com/Cloud/Runtime/Cache/Home/1b02bb37aaf4d696e544a9167d94e637.php 第 36 行.
NOTIC: [8] Use of undefined constant id - assumed 'id' /www/wwwroot/yun.jridc.com/Cloud/Runtime/Cache/Home/1b02bb37aaf4d696e544a9167d94e637.php 第 36 行.
NOTIC: [8] Use of undefined constant id - assumed 'id' /www/wwwroot/yun.jridc.com/Cloud/Runtime/Cache/Home/1b02bb37aaf4d696e544a9167d94e637.php 第 36 行.
SQL: SELECT * FROM `cloud_page` WHERE ( type_id=2 ) ORDER BY sort desc LIMIT 10   [ RunTime:0.000087s ]
NOTIC: [8] Use of undefined constant id - assumed 'id' /www/wwwroot/yun.jridc.com/Cloud/Runtime/Cache/Home/1b02bb37aaf4d696e544a9167d94e637.php 第 48 行.
NOTIC: [8] Use of undefined constant id - assumed 'id' /www/wwwroot/yun.jridc.com/Cloud/Runtime/Cache/Home/1b02bb37aaf4d696e544a9167d94e637.php 第 48 行.
NOTIC: [8] Use of undefined constant id - assumed 'id' /www/wwwroot/yun.jridc.com/Cloud/Runtime/Cache/Home/1b02bb37aaf4d696e544a9167d94e637.php 第 48 行.
SQL: SELECT * FROM `cloud_page` WHERE ( type_id=1 ) ORDER BY sort desc LIMIT 10   [ RunTime:0.000111s ]
NOTIC: [8] Use of undefined constant id - assumed 'id' /www/wwwroot/yun.jridc.com/Cloud/Runtime/Cache/Home/1b02bb37aaf4d696e544a9167d94e637.php 第 62 行.
NOTIC: [8] Use of undefined constant id - assumed 'id' /www/wwwroot/yun.jridc.com/Cloud/Runtime/Cache/Home/1b02bb37aaf4d696e544a9167d94e637.php 第 62 行.
NOTIC: [8] Use of undefined constant id - assumed 'id' /www/wwwroot/yun.jridc.com/Cloud/Runtime/Cache/Home/1b02bb37aaf4d696e544a9167d94e637.php 第 62 行.
NOTIC: [8] Use of undefined constant id - assumed 'id' /www/wwwroot/yun.jridc.com/Cloud/Runtime/Cache/Home/1b02bb37aaf4d696e544a9167d94e637.php 第 62 行.
INFO: ParseTemplate Behavior ::run [ RunTime:0.013254s ]
INFO: [ view_parse ] --END-- [ RunTime:0.013319s ]
INFO: [ view_filter ] --START--
INFO: ContentReplace Behavior ::run [ RunTime:0.000301s ]
INFO: TokenBuild Behavior ::run [ RunTime:0.000268s ]
INFO: WriteHtmlCache Behavior ::run [ RunTime:0.000200s ]
INFO: ShowRuntime Behavior ::run [ RunTime:0.000305s ]
INFO: [ view_filter ] --END-- [ RunTime:0.001175s ]
INFO: [ view_end ] --START--
INFO: ShowPageTrace Behavior ::run [ RunTime:0.000357s ]
INFO: [ view_end ] --END-- [ RunTime:0.000394s ]

[ 2019-02-17T16:04:03+08:00 ] 61.151.178.165 /
INFO: [ app_begin ] --START--
INFO: ReadHtmlCache Behavior ::run [ RunTime:0.000426s ]
INFO: [ app_begin ] --END-- [ RunTime:0.000507s ]
SQL: SHOW COLUMNS FROM `cloud_config` [ RunTime:0.000633s ]
SQL: SELECT `c_key`,`c_value` FROM `cloud_config` WHERE ( `c_module` = 'WEBSITE' )  [ RunTime:0.000067s ]
INFO: [ view_parse ] --START--
NOTIC: [8] Undefined index: field /www/wwwroot/yun.jridc.com/Cloud/Lib/TagLib/TagLibCloud.class.php 第 14 行.
NOTIC: [8] Undefined index: field /www/wwwroot/yun.jridc.com/Cloud/Lib/TagLib/TagLibCloud.class.php 第 14 行.
NOTIC: [8] Undefined index: field /www/wwwroot/yun.jridc.com/Cloud/Lib/TagLib/TagLibCloud.class.php 第 14 行.
NOTIC: [8] Undefined index: uid /www/wwwroot/yun.jridc.com/Cloud/Runtime/Cache/Home/1b02bb37aaf4d696e544a9167d94e637.php 第 21 行.
SQL: SHOW COLUMNS FROM `cloud_page` [ RunTime:0.000681s ]
SQL: SELECT * FROM `cloud_page` WHERE ( type_id=3 ) ORDER BY sort desc LIMIT 10   [ RunTime:0.000091s ]
NOTIC: [8] Use of undefined constant id - assumed 'id' /www/wwwroot/yun.jridc.com/Cloud/Runtime/Cache/Home/1b02bb37aaf4d696e544a9167d94e637.php 第 36 行.
NOTIC: [8] Use of undefined constant id - assumed 'id' /www/wwwroot/yun.jridc.com/Cloud/Runtime/Cache/Home/1b02bb37aaf4d696e544a9167d94e637.php 第 36 行.
NOTIC: [8] Use of undefined constant id - assumed 'id' /www/wwwroot/yun.jridc.com/Cloud/Runtime/Cache/Home/1b02bb37aaf4d696e544a9167d94e637.php 第 36 行.
NOTIC: [8] Use of undefined constant id - assumed 'id' /www/wwwroot/yun.jridc.com/Cloud/Runtime/Cache/Home/1b02bb37aaf4d696e544a9167d94e637.php 第 36 行.
SQL: SELECT * FROM `cloud_page` WHERE ( type_id=2 ) ORDER BY sort desc LIMIT 10   [ RunTime:0.000137s ]
NOTIC: [8] Use of undefined constant id - assumed 'id' /www/wwwroot/yun.jridc.com/Cloud/Runtime/Cache/Home/1b02bb37aaf4d696e544a9167d94e637.php 第 48 行.
NOTIC: [8] Use of undefined constant id - assumed 'id' /www/wwwroot/yun.jridc.com/Cloud/Runtime/Cache/Home/1b02bb37aaf4d696e544a9167d94e637.php 第 48 行.
NOTIC: [8] Use of undefined constant id - assumed 'id' /www/wwwroot/yun.jridc.com/Cloud/Runtime/Cache/Home/1b02bb37aaf4d696e544a9167d94e637.php 第 48 行.
SQL: SELECT * FROM `cloud_page` WHERE ( type_id=1 ) ORDER BY sort desc LIMIT 10   [ RunTime:0.000082s ]
NOTIC: [8] Use of undefined constant id - assumed 'id' /www/wwwroot/yun.jridc.com/Cloud/Runtime/Cache/Home/1b02bb37aaf4d696e544a9167d94e637.php 第 62 行.
NOTIC: [8] Use of undefined constant id - assumed 'id' /www/wwwroot/yun.jridc.com/Cloud/Runtime/Cache/Home/1b02bb37aaf4d696e544a9167d94e637.php 第 62 行.
NOTIC: [8] Use of undefined constant id - assumed 'id' /www/wwwroot/yun.jridc.com/Cloud/Runtime/Cache/Home/1b02bb37aaf4d696e544a9167d94e637.php 第 62 行.
NOTIC: [8] Use of undefined constant id - assumed 'id' /www/wwwroot/yun.jridc.com/Cloud/Runtime/Cache/Home/1b02bb37aaf4d696e544a9167d94e637.php 第 62 行.
INFO: ParseTemplate Behavior ::run [ RunTime:0.013459s ]
INFO: [ view_parse ] --END-- [ RunTime:0.013513s ]
INFO: [ view_filter ] --START--
INFO: ContentReplace Behavior ::run [ RunTime:0.000306s ]
INFO: TokenBuild Behavior ::run [ RunTime:0.000231s ]
INFO: WriteHtmlCache Behavior ::run [ RunTime:0.000164s ]
INFO: ShowRuntime Behavior ::run [ RunTime:0.000272s ]
INFO: [ view_filter ] --END-- [ RunTime:0.001093s ]
INFO: [ view_end ] --START--
INFO: ShowPageTrace Behavior ::run [ RunTime:0.000353s ]
INFO: [ view_end ] --END-- [ RunTime:0.000387s ]

[ 2019-02-17T16:43:17+08:00 ] 60.12.225.165 /
INFO: [ app_begin ] --START--
INFO: ReadHtmlCache Behavior ::run [ RunTime:0.000395s ]
INFO: [ app_begin ] --END-- [ RunTime:0.000464s ]
SQL: SHOW COLUMNS FROM `cloud_config` [ RunTime:0.000657s ]
SQL: SELECT `c_key`,`c_value` FROM `cloud_config` WHERE ( `c_module` = 'WEBSITE' )  [ RunTime:0.000073s ]
INFO: [ view_parse ] --START--
NOTIC: [8] Undefined index: field /www/wwwroot/yun.jridc.com/Cloud/Lib/TagLib/TagLibCloud.class.php 第 14 行.
NOTIC: [8] Undefined index: field /www/wwwroot/yun.jridc.com/Cloud/Lib/TagLib/TagLibCloud.class.php 第 14 行.
NOTIC: [8] Undefined index: field /www/wwwroot/yun.jridc.com/Cloud/Lib/TagLib/TagLibCloud.class.php 第 14 行.
NOTIC: [8] Undefined index: uid /www/wwwroot/yun.jridc.com/Cloud/Runtime/Cache/Home/1b02bb37aaf4d696e544a9167d94e637.php 第 21 行.
SQL: SHOW COLUMNS FROM `cloud_page` [ RunTime:0.001060s ]
SQL: SELECT * FROM `cloud_page` WHERE ( type_id=3 ) ORDER BY sort desc LIMIT 10   [ RunTime:0.000095s ]
NOTIC: [8] Use of undefined constant id - assumed 'id' /www/wwwroot/yun.jridc.com/Cloud/Runtime/Cache/Home/1b02bb37aaf4d696e544a9167d94e637.php 第 36 行.
NOTIC: [8] Use of undefined constant id - assumed 'id' /www/wwwroot/yun.jridc.com/Cloud/Runtime/Cache/Home/1b02bb37aaf4d696e544a9167d94e637.php 第 36 行.
NOTIC: [8] Use of undefined constant id - assumed 'id' /www/wwwroot/yun.jridc.com/Cloud/Runtime/Cache/Home/1b02bb37aaf4d696e544a9167d94e637.php 第 36 行.
NOTIC: [8] Use of undefined constant id - assumed 'id' /www/wwwroot/yun.jridc.com/Cloud/Runtime/Cache/Home/1b02bb37aaf4d696e544a9167d94e637.php 第 36 行.
SQL: SELECT * FROM `cloud_page` WHERE ( type_id=2 ) ORDER BY sort desc LIMIT 10   [ RunTime:0.000110s ]
NOTIC: [8] Use of undefined constant id - assumed 'id' /www/wwwroot/yun.jridc.com/Cloud/Runtime/Cache/Home/1b02bb37aaf4d696e544a9167d94e637.php 第 48 行.
NOTIC: [8] Use of undefined constant id - assumed 'id' /www/wwwroot/yun.jridc.com/Cloud/Runtime/Cache/Home/1b02bb37aaf4d696e544a9167d94e637.php 第 48 行.
NOTIC: [8] Use of undefined constant id - assumed 'id' /www/wwwroot/yun.jridc.com/Cloud/Runtime/Cache/Home/1b02bb37aaf4d696e544a9167d94e637.php 第 48 行.
SQL: SELECT * FROM `cloud_page` WHERE ( type_id=1 ) ORDER BY sort desc LIMIT 10   [ RunTime:0.000144s ]
NOTIC: [8] Use of undefined constant id - assumed 'id' /www/wwwroot/yun.jridc.com/Cloud/Runtime/Cache/Home/1b02bb37aaf4d696e544a9167d94e637.php 第 62 行.
NOTIC: [8] Use of undefined constant id - assumed 'id' /www/wwwroot/yun.jridc.com/Cloud/Runtime/Cache/Home/1b02bb37aaf4d696e544a9167d94e637.php 第 62 行.
NOTIC: [8] Use of undefined constant id - assumed 'id' /www/wwwroot/yun.jridc.com/Cloud/Runtime/Cache/Home/1b02bb37aaf4d696e544a9167d94e637.php 第 62 行.
NOTIC: [8] Use of undefined constant id - assumed 'id' /www/wwwroot/yun.jridc.com/Cloud/Runtime/Cache/Home/1b02bb37aaf4d696e544a9167d94e637.php 第 62 行.
INFO: ParseTemplate Behavior ::run [ RunTime:0.015075s ]
INFO: [ view_parse ] --END-- [ RunTime:0.015132s ]
INFO: [ view_filter ] --START--
INFO: ContentReplace Behavior ::run [ RunTime:0.000537s ]
INFO: TokenBuild Behavior ::run [ RunTime:0.000326s ]
INFO: WriteHtmlCache Behavior ::run [ RunTime:0.000232s ]
INFO: ShowRuntime Behavior ::run [ RunTime:0.000410s ]
INFO: [ view_filter ] --END-- [ RunTime:0.001650s ]
INFO: [ view_end ] --START--
INFO: ShowPageTrace Behavior ::run [ RunTime:0.000491s ]
INFO: [ view_end ] --END-- [ RunTime:0.000541s ]

[ 2019-02-17T17:38:45+08:00 ] 222.187.222.56 /
INFO: [ app_begin ] --START--
INFO: ReadHtmlCache Behavior ::run [ RunTime:0.000415s ]
INFO: [ app_begin ] --END-- [ RunTime:0.000496s ]
SQL: SHOW COLUMNS FROM `cloud_config` [ RunTime:0.000622s ]
SQL: SELECT `c_key`,`c_value` FROM `cloud_config` WHERE ( `c_module` = 'WEBSITE' )  [ RunTime:0.000066s ]
INFO: [ view_parse ] --START--
NOTIC: [8] Undefined index: field /www/wwwroot/yun.jridc.com/Cloud/Lib/TagLib/TagLibCloud.class.php 第 14 行.
NOTIC: [8] Undefined index: field /www/wwwroot/yun.jridc.com/Cloud/Lib/TagLib/TagLibCloud.class.php 第 14 行.
NOTIC: [8] Undefined index: field /www/wwwroot/yun.jridc.com/Cloud/Lib/TagLib/TagLibCloud.class.php 第 14 行.
NOTIC: [8] Undefined index: uid /www/wwwroot/yun.jridc.com/Cloud/Runtime/Cache/Home/1b02bb37aaf4d696e544a9167d94e637.php 第 21 行.
SQL: SHOW COLUMNS FROM `cloud_page` [ RunTime:0.000697s ]
SQL: SELECT * FROM `cloud_page` WHERE ( type_id=3 ) ORDER BY sort desc LIMIT 10   [ RunTime:0.000067s ]
NOTIC: [8] Use of undefined constant id - assumed 'id' /www/wwwroot/yun.jridc.com/Cloud/Runtime/Cache/Home/1b02bb37aaf4d696e544a9167d94e637.php 第 36 行.
NOTIC: [8] Use of undefined constant id - assumed 'id' /www/wwwroot/yun.jridc.com/Cloud/Runtime/Cache/Home/1b02bb37aaf4d696e544a9167d94e637.php 第 36 行.
NOTIC: [8] Use of undefined constant id - assumed 'id' /www/wwwroot/yun.jridc.com/Cloud/Runtime/Cache/Home/1b02bb37aaf4d696e544a9167d94e637.php 第 36 行.
NOTIC: [8] Use of undefined constant id - assumed 'id' /www/wwwroot/yun.jridc.com/Cloud/Runtime/Cache/Home/1b02bb37aaf4d696e544a9167d94e637.php 第 36 行.
SQL: SELECT * FROM `cloud_page` WHERE ( type_id=2 ) ORDER BY sort desc LIMIT 10   [ RunTime:0.000074s ]
NOTIC: [8] Use of undefined constant id - assumed 'id' /www/wwwroot/yun.jridc.com/Cloud/Runtime/Cache/Home/1b02bb37aaf4d696e544a9167d94e637.php 第 48 行.
NOTIC: [8] Use of undefined constant id - assumed 'id' /www/wwwroot/yun.jridc.com/Cloud/Runtime/Cache/Home/1b02bb37aaf4d696e544a9167d94e637.php 第 48 行.
NOTIC: [8] Use of undefined constant id - assumed 'id' /www/wwwroot/yun.jridc.com/Cloud/Runtime/Cache/Home/1b02bb37aaf4d696e544a9167d94e637.php 第 48 行.
SQL: SELECT * FROM `cloud_page` WHERE ( type_id=1 ) ORDER BY sort desc LIMIT 10   [ RunTime:0.000083s ]
NOTIC: [8] Use of undefined constant id - assumed 'id' /www/wwwroot/yun.jridc.com/Cloud/Runtime/Cache/Home/1b02bb37aaf4d696e544a9167d94e637.php 第 62 行.
NOTIC: [8] Use of undefined constant id - assumed 'id' /www/wwwroot/yun.jridc.com/Cloud/Runtime/Cache/Home/1b02bb37aaf4d696e544a9167d94e637.php 第 62 行.
NOTIC: [8] Use of undefined constant id - assumed 'id' /www/wwwroot/yun.jridc.com/Cloud/Runtime/Cache/Home/1b02bb37aaf4d696e544a9167d94e637.php 第 62 行.
NOTIC: [8] Use of undefined constant id - assumed 'id' /www/wwwroot/yun.jridc.com/Cloud/Runtime/Cache/Home/1b02bb37aaf4d696e544a9167d94e637.php 第 62 行.
INFO: ParseTemplate Behavior ::run [ RunTime:0.012870s ]
INFO: [ view_parse ] --END-- [ RunTime:0.012916s ]
INFO: [ view_filter ] --START--
INFO: ContentReplace Behavior ::run [ RunTime:0.000313s ]
INFO: TokenBuild Behavior ::run [ RunTime:0.000258s ]
INFO: WriteHtmlCache Behavior ::run [ RunTime:0.000164s ]
INFO: ShowRuntime Behavior ::run [ RunTime:0.000272s ]
INFO: [ view_filter ] --END-- [ RunTime:0.001107s ]
INFO: [ view_end ] --START--
INFO: ShowPageTrace Behavior ::run [ RunTime:0.000393s ]
INFO: [ view_end ] --END-- [ RunTime:0.000435s ]

[ 2019-02-17T17:39:24+08:00 ] 222.187.222.56 /
INFO: [ app_begin ] --START--
INFO: ReadHtmlCache Behavior ::run [ RunTime:0.000353s ]
INFO: [ app_begin ] --END-- [ RunTime:0.000417s ]
SQL: SHOW COLUMNS FROM `cloud_config` [ RunTime:0.000685s ]
SQL: SELECT `c_key`,`c_value` FROM `cloud_config` WHERE ( `c_module` = 'WEBSITE' )  [ RunTime:0.000093s ]
INFO: [ view_parse ] --START--
NOTIC: [8] Undefined index: field /www/wwwroot/yun.jridc.com/Cloud/Lib/TagLib/TagLibCloud.class.php 第 14 行.
NOTIC: [8] Undefined index: field /www/wwwroot/yun.jridc.com/Cloud/Lib/TagLib/TagLibCloud.class.php 第 14 行.
NOTIC: [8] Undefined index: field /www/wwwroot/yun.jridc.com/Cloud/Lib/TagLib/TagLibCloud.class.php 第 14 行.
NOTIC: [8] Undefined index: uid /www/wwwroot/yun.jridc.com/Cloud/Runtime/Cache/Home/1b02bb37aaf4d696e544a9167d94e637.php 第 21 行.
SQL: SHOW COLUMNS FROM `cloud_page` [ RunTime:0.000666s ]
SQL: SELECT * FROM `cloud_page` WHERE ( type_id=3 ) ORDER BY sort desc LIMIT 10   [ RunTime:0.000064s ]
NOTIC: [8] Use of undefined constant id - assumed 'id' /www/wwwroot/yun.jridc.com/Cloud/Runtime/Cache/Home/1b02bb37aaf4d696e544a9167d94e637.php 第 36 行.
NOTIC: [8] Use of undefined constant id - assumed 'id' /www/wwwroot/yun.jridc.com/Cloud/Runtime/Cache/Home/1b02bb37aaf4d696e544a9167d94e637.php 第 36 行.
NOTIC: [8] Use of undefined constant id - assumed 'id' /www/wwwroot/yun.jridc.com/Cloud/Runtime/Cache/Home/1b02bb37aaf4d696e544a9167d94e637.php 第 36 行.
NOTIC: [8] Use of undefined constant id - assumed 'id' /www/wwwroot/yun.jridc.com/Cloud/Runtime/Cache/Home/1b02bb37aaf4d696e544a9167d94e637.php 第 36 行.
SQL: SELECT * FROM `cloud_page` WHERE ( type_id=2 ) ORDER BY sort desc LIMIT 10   [ RunTime:0.000083s ]
NOTIC: [8] Use of undefined constant id - assumed 'id' /www/wwwroot/yun.jridc.com/Cloud/Runtime/Cache/Home/1b02bb37aaf4d696e544a9167d94e637.php 第 48 行.
NOTIC: [8] Use of undefined constant id - assumed 'id' /www/wwwroot/yun.jridc.com/Cloud/Runtime/Cache/Home/1b02bb37aaf4d696e544a9167d94e637.php 第 48 行.
NOTIC: [8] Use of undefined constant id - assumed 'id' /www/wwwroot/yun.jridc.com/Cloud/Runtime/Cache/Home/1b02bb37aaf4d696e544a9167d94e637.php 第 48 行.
SQL: SELECT * FROM `cloud_page` WHERE ( type_id=1 ) ORDER BY sort desc LIMIT 10   [ RunTime:0.000075s ]
NOTIC: [8] Use of undefined constant id - assumed 'id' /www/wwwroot/yun.jridc.com/Cloud/Runtime/Cache/Home/1b02bb37aaf4d696e544a9167d94e637.php 第 62 行.
NOTIC: [8] Use of undefined constant id - assumed 'id' /www/wwwroot/yun.jridc.com/Cloud/Runtime/Cache/Home/1b02bb37aaf4d696e544a9167d94e637.php 第 62 行.
NOTIC: [8] Use of undefined constant id - assumed 'id' /www/wwwroot/yun.jridc.com/Cloud/Runtime/Cache/Home/1b02bb37aaf4d696e544a9167d94e637.php 第 62 行.
NOTIC: [8] Use of undefined constant id - assumed 'id' /www/wwwroot/yun.jridc.com/Cloud/Runtime/Cache/Home/1b02bb37aaf4d696e544a9167d94e637.php 第 62 行.
INFO: ParseTemplate Behavior ::run [ RunTime:0.013400s ]
INFO: [ view_parse ] --END-- [ RunTime:0.013479s ]
INFO: [ view_filter ] --START--
INFO: ContentReplace Behavior ::run [ RunTime:0.000283s ]
INFO: TokenBuild Behavior ::run [ RunTime:0.000225s ]
INFO: WriteHtmlCache Behavior ::run [ RunTime:0.000160s ]
INFO: ShowRuntime Behavior ::run [ RunTime:0.000290s ]
INFO: [ view_filter ] --END-- [ RunTime:0.001053s ]
INFO: [ view_end ] --START--
INFO: ShowPageTrace Behavior ::run [ RunTime:0.000350s ]
INFO: [ view_end ] --END-- [ RunTime:0.000384s ]

[ 2019-02-17T17:56:25+08:00 ] 106.111.36.91 /
INFO: [ app_begin ] --START--
INFO: ReadHtmlCache Behavior ::run [ RunTime:0.000386s ]
INFO: [ app_begin ] --END-- [ RunTime:0.000453s ]
SQL: SHOW COLUMNS FROM `cloud_config` [ RunTime:0.000686s ]
SQL: SELECT `c_key`,`c_value` FROM `cloud_config` WHERE ( `c_module` = 'WEBSITE' )  [ RunTime:0.000067s ]
INFO: [ view_parse ] --START--
NOTIC: [8] Undefined index: field /www/wwwroot/yun.jridc.com/Cloud/Lib/TagLib/TagLibCloud.class.php 第 14 行.
NOTIC: [8] Undefined index: field /www/wwwroot/yun.jridc.com/Cloud/Lib/TagLib/TagLibCloud.class.php 第 14 行.
NOTIC: [8] Undefined index: field /www/wwwroot/yun.jridc.com/Cloud/Lib/TagLib/TagLibCloud.class.php 第 14 行.
NOTIC: [8] Undefined index: uid /www/wwwroot/yun.jridc.com/Cloud/Runtime/Cache/Home/1b02bb37aaf4d696e544a9167d94e637.php 第 21 行.
SQL: SHOW COLUMNS FROM `cloud_page` [ RunTime:0.000850s ]
SQL: SELECT * FROM `cloud_page` WHERE ( type_id=3 ) ORDER BY sort desc LIMIT 10   [ RunTime:0.000081s ]
NOTIC: [8] Use of undefined constant id - assumed 'id' /www/wwwroot/yun.jridc.com/Cloud/Runtime/Cache/Home/1b02bb37aaf4d696e544a9167d94e637.php 第 36 行.
NOTIC: [8] Use of undefined constant id - assumed 'id' /www/wwwroot/yun.jridc.com/Cloud/Runtime/Cache/Home/1b02bb37aaf4d696e544a9167d94e637.php 第 36 行.
NOTIC: [8] Use of undefined constant id - assumed 'id' /www/wwwroot/yun.jridc.com/Cloud/Runtime/Cache/Home/1b02bb37aaf4d696e544a9167d94e637.php 第 36 行.
NOTIC: [8] Use of undefined constant id - assumed 'id' /www/wwwroot/yun.jridc.com/Cloud/Runtime/Cache/Home/1b02bb37aaf4d696e544a9167d94e637.php 第 36 行.
SQL: SELECT * FROM `cloud_page` WHERE ( type_id=2 ) ORDER BY sort desc LIMIT 10   [ RunTime:0.000076s ]
NOTIC: [8] Use of undefined constant id - assumed 'id' /www/wwwroot/yun.jridc.com/Cloud/Runtime/Cache/Home/1b02bb37aaf4d696e544a9167d94e637.php 第 48 行.
NOTIC: [8] Use of undefined constant id - assumed 'id' /www/wwwroot/yun.jridc.com/Cloud/Runtime/Cache/Home/1b02bb37aaf4d696e544a9167d94e637.php 第 48 行.
NOTIC: [8] Use of undefined constant id - assumed 'id' /www/wwwroot/yun.jridc.com/Cloud/Runtime/Cache/Home/1b02bb37aaf4d696e544a9167d94e637.php 第 48 行.
SQL: SELECT * FROM `cloud_page` WHERE ( type_id=1 ) ORDER BY sort desc LIMIT 10   [ RunTime:0.000112s ]
NOTIC: [8] Use of undefined constant id - assumed 'id' /www/wwwroot/yun.jridc.com/Cloud/Runtime/Cache/Home/1b02bb37aaf4d696e544a9167d94e637.php 第 62 行.
NOTIC: [8] Use of undefined constant id - assumed 'id' /www/wwwroot/yun.jridc.com/Cloud/Runtime/Cache/Home/1b02bb37aaf4d696e544a9167d94e637.php 第 62 行.
NOTIC: [8] Use of undefined constant id - assumed 'id' /www/wwwroot/yun.jridc.com/Cloud/Runtime/Cache/Home/1b02bb37aaf4d696e544a9167d94e637.php 第 62 行.
NOTIC: [8] Use of undefined constant id - assumed 'id' /www/wwwroot/yun.jridc.com/Cloud/Runtime/Cache/Home/1b02bb37aaf4d696e544a9167d94e637.php 第 62 行.
INFO: ParseTemplate Behavior ::run [ RunTime:0.013586s ]
INFO: [ view_parse ] --END-- [ RunTime:0.013630s ]
INFO: [ view_filter ] --START--
INFO: ContentReplace Behavior ::run [ RunTime:0.000332s ]
INFO: TokenBuild Behavior ::run [ RunTime:0.000269s ]
INFO: WriteHtmlCache Behavior ::run [ RunTime:0.000192s ]
INFO: ShowRuntime Behavior ::run [ RunTime:0.000291s ]
INFO: [ view_filter ] --END-- [ RunTime:0.001196s ]
INFO: [ view_end ] --START--
INFO: ShowPageTrace Behavior ::run [ RunTime:0.000408s ]
INFO: [ view_end ] --END-- [ RunTime:0.000444s ]

[ 2019-02-17T17:56:28+08:00 ] 106.111.36.91 /
INFO: [ app_begin ] --START--
INFO: ReadHtmlCache Behavior ::run [ RunTime:0.000335s ]
INFO: [ app_begin ] --END-- [ RunTime:0.000398s ]
SQL: SHOW COLUMNS FROM `cloud_config` [ RunTime:0.000600s ]
SQL: SELECT `c_key`,`c_value` FROM `cloud_config` WHERE ( `c_module` = 'WEBSITE' )  [ RunTime:0.000067s ]
INFO: [ view_parse ] --START--
NOTIC: [8] Undefined index: field /www/wwwroot/yun.jridc.com/Cloud/Lib/TagLib/TagLibCloud.class.php 第 14 行.
NOTIC: [8] Undefined index: field /www/wwwroot/yun.jridc.com/Cloud/Lib/TagLib/TagLibCloud.class.php 第 14 行.
NOTIC: [8] Undefined index: field /www/wwwroot/yun.jridc.com/Cloud/Lib/TagLib/TagLibCloud.class.php 第 14 行.
NOTIC: [8] Undefined index: uid /www/wwwroot/yun.jridc.com/Cloud/Runtime/Cache/Home/1b02bb37aaf4d696e544a9167d94e637.php 第 21 行.
SQL: SHOW COLUMNS FROM `cloud_page` [ RunTime:0.000708s ]
SQL: SELECT * FROM `cloud_page` WHERE ( type_id=3 ) ORDER BY sort desc LIMIT 10   [ RunTime:0.000097s ]
NOTIC: [8] Use of undefined constant id - assumed 'id' /www/wwwroot/yun.jridc.com/Cloud/Runtime/Cache/Home/1b02bb37aaf4d696e544a9167d94e637.php 第 36 行.
NOTIC: [8] Use of undefined constant id - assumed 'id' /www/wwwroot/yun.jridc.com/Cloud/Runtime/Cache/Home/1b02bb37aaf4d696e544a9167d94e637.php 第 36 行.
NOTIC: [8] Use of undefined constant id - assumed 'id' /www/wwwroot/yun.jridc.com/Cloud/Runtime/Cache/Home/1b02bb37aaf4d696e544a9167d94e637.php 第 36 行.
NOTIC: [8] Use of undefined constant id - assumed 'id' /www/wwwroot/yun.jridc.com/Cloud/Runtime/Cache/Home/1b02bb37aaf4d696e544a9167d94e637.php 第 36 行.
SQL: SELECT * FROM `cloud_page` WHERE ( type_id=2 ) ORDER BY sort desc LIMIT 10   [ RunTime:0.000077s ]
NOTIC: [8] Use of undefined constant id - assumed 'id' /www/wwwroot/yun.jridc.com/Cloud/Runtime/Cache/Home/1b02bb37aaf4d696e544a9167d94e637.php 第 48 行.
NOTIC: [8] Use of undefined constant id - assumed 'id' /www/wwwroot/yun.jridc.com/Cloud/Runtime/Cache/Home/1b02bb37aaf4d696e544a9167d94e637.php 第 48 行.
NOTIC: [8] Use of undefined constant id - assumed 'id' /www/wwwroot/yun.jridc.com/Cloud/Runtime/Cache/Home/1b02bb37aaf4d696e544a9167d94e637.php 第 48 行.
SQL: SELECT * FROM `cloud_page` WHERE ( type_id=1 ) ORDER BY sort desc LIMIT 10   [ RunTime:0.000083s ]
NOTIC: [8] Use of undefined constant id - assumed 'id' /www/wwwroot/yun.jridc.com/Cloud/Runtime/Cache/Home/1b02bb37aaf4d696e544a9167d94e637.php 第 62 行.
NOTIC: [8] Use of undefined constant id - assumed 'id' /www/wwwroot/yun.jridc.com/Cloud/Runtime/Cache/Home/1b02bb37aaf4d696e544a9167d94e637.php 第 62 行.
NOTIC: [8] Use of undefined constant id - assumed 'id' /www/wwwroot/yun.jridc.com/Cloud/Runtime/Cache/Home/1b02bb37aaf4d696e544a9167d94e637.php 第 62 行.
NOTIC: [8] Use of undefined constant id - assumed 'id' /www/wwwroot/yun.jridc.com/Cloud/Runtime/Cache/Home/1b02bb37aaf4d696e544a9167d94e637.php 第 62 行.
INFO: ParseTemplate Behavior ::run [ RunTime:0.012876s ]
INFO: [ view_parse ] --END-- [ RunTime:0.012928s ]
INFO: [ view_filter ] --START--
INFO: ContentReplace Behavior ::run [ RunTime:0.000301s ]
INFO: TokenBuild Behavior ::run [ RunTime:0.000232s ]
INFO: WriteHtmlCache Behavior ::run [ RunTime:0.000163s ]
INFO: ShowRuntime Behavior ::run [ RunTime:0.000291s ]
INFO: [ view_filter ] --END-- [ RunTime:0.001086s ]
INFO: [ view_end ] --START--
INFO: ShowPageTrace Behavior ::run [ RunTime:0.000389s ]
INFO: [ view_end ] --END-- [ RunTime:0.000422s ]

[ 2019-02-17T17:56:41+08:00 ] 106.111.36.91 /
INFO: [ app_begin ] --START--
INFO: ReadHtmlCache Behavior ::run [ RunTime:0.000369s ]
INFO: [ app_begin ] --END-- [ RunTime:0.000435s ]
SQL: SHOW COLUMNS FROM `cloud_config` [ RunTime:0.000675s ]
SQL: SELECT `c_key`,`c_value` FROM `cloud_config` WHERE ( `c_module` = 'WEBSITE' )  [ RunTime:0.000068s ]
INFO: [ view_parse ] --START--
NOTIC: [8] Undefined index: field /www/wwwroot/yun.jridc.com/Cloud/Lib/TagLib/TagLibCloud.class.php 第 14 行.
NOTIC: [8] Undefined index: field /www/wwwroot/yun.jridc.com/Cloud/Lib/TagLib/TagLibCloud.class.php 第 14 行.
NOTIC: [8] Undefined index: field /www/wwwroot/yun.jridc.com/Cloud/Lib/TagLib/TagLibCloud.class.php 第 14 行.
NOTIC: [8] Undefined index: uid /www/wwwroot/yun.jridc.com/Cloud/Runtime/Cache/Home/1b02bb37aaf4d696e544a9167d94e637.php 第 21 行.
SQL: SHOW COLUMNS FROM `cloud_page` [ RunTime:0.000697s ]
SQL: SELECT * FROM `cloud_page` WHERE ( type_id=3 ) ORDER BY sort desc LIMIT 10   [ RunTime:0.000100s ]
NOTIC: [8] Use of undefined constant id - assumed 'id' /www/wwwroot/yun.jridc.com/Cloud/Runtime/Cache/Home/1b02bb37aaf4d696e544a9167d94e637.php 第 36 行.
NOTIC: [8] Use of undefined constant id - assumed 'id' /www/wwwroot/yun.jridc.com/Cloud/Runtime/Cache/Home/1b02bb37aaf4d696e544a9167d94e637.php 第 36 行.
NOTIC: [8] Use of undefined constant id - assumed 'id' /www/wwwroot/yun.jridc.com/Cloud/Runtime/Cache/Home/1b02bb37aaf4d696e544a9167d94e637.php 第 36 行.
NOTIC: [8] Use of undefined constant id - assumed 'id' /www/wwwroot/yun.jridc.com/Cloud/Runtime/Cache/Home/1b02bb37aaf4d696e544a9167d94e637.php 第 36 行.
SQL: SELECT * FROM `cloud_page` WHERE ( type_id=2 ) ORDER BY sort desc LIMIT 10   [ RunTime:0.000079s ]
NOTIC: [8] Use of undefined constant id - assumed 'id' /www/wwwroot/yun.jridc.com/Cloud/Runtime/Cache/Home/1b02bb37aaf4d696e544a9167d94e637.php 第 48 行.
NOTIC: [8] Use of undefined constant id - assumed 'id' /www/wwwroot/yun.jridc.com/Cloud/Runtime/Cache/Home/1b02bb37aaf4d696e544a9167d94e637.php 第 48 行.
NOTIC: [8] Use of undefined constant id - assumed 'id' /www/wwwroot/yun.jridc.com/Cloud/Runtime/Cache/Home/1b02bb37aaf4d696e544a9167d94e637.php 第 48 行.
SQL: SELECT * FROM `cloud_page` WHERE ( type_id=1 ) ORDER BY sort desc LIMIT 10   [ RunTime:0.000082s ]
NOTIC: [8] Use of undefined constant id - assumed 'id' /www/wwwroot/yun.jridc.com/Cloud/Runtime/Cache/Home/1b02bb37aaf4d696e544a9167d94e637.php 第 62 行.
NOTIC: [8] Use of undefined constant id - assumed 'id' /www/wwwroot/yun.jridc.com/Cloud/Runtime/Cache/Home/1b02bb37aaf4d696e544a9167d94e637.php 第 62 行.
NOTIC: [8] Use of undefined constant id - assumed 'id' /www/wwwroot/yun.jridc.com/Cloud/Runtime/Cache/Home/1b02bb37aaf4d696e544a9167d94e637.php 第 62 行.
NOTIC: [8] Use of undefined constant id - assumed 'id' /www/wwwroot/yun.jridc.com/Cloud/Runtime/Cache/Home/1b02bb37aaf4d696e544a9167d94e637.php 第 62 行.
INFO: ParseTemplate Behavior ::run [ RunTime:0.012998s ]
INFO: [ view_parse ] --END-- [ RunTime:0.013042s ]
INFO: [ view_filter ] --START--
INFO: ContentReplace Behavior ::run [ RunTime:0.000323s ]
INFO: TokenBuild Behavior ::run [ RunTime:0.000232s ]
INFO: WriteHtmlCache Behavior ::run [ RunTime:0.000167s ]
INFO: ShowRuntime Behavior ::run [ RunTime:0.000270s ]
INFO: [ view_filter ] --END-- [ RunTime:0.001092s ]
INFO: [ view_end ] --START--
INFO: ShowPageTrace Behavior ::run [ RunTime:0.000353s ]
INFO: [ view_end ] --END-- [ RunTime:0.000387s ]

[ 2019-02-17T19:21:59+08:00 ] 117.136.19.91 /
INFO: [ app_begin ] --START--
INFO: ReadHtmlCache Behavior ::run [ RunTime:0.000383s ]
INFO: [ app_begin ] --END-- [ RunTime:0.000450s ]
SQL: SHOW COLUMNS FROM `cloud_config` [ RunTime:0.000664s ]
SQL: SELECT `c_key`,`c_value` FROM `cloud_config` WHERE ( `c_module` = 'WEBSITE' )  [ RunTime:0.000067s ]
INFO: [ view_parse ] --START--
NOTIC: [8] Undefined index: field /www/wwwroot/yun.jridc.com/Cloud/Lib/TagLib/TagLibCloud.class.php 第 14 行.
NOTIC: [8] Undefined index: field /www/wwwroot/yun.jridc.com/Cloud/Lib/TagLib/TagLibCloud.class.php 第 14 行.
NOTIC: [8] Undefined index: field /www/wwwroot/yun.jridc.com/Cloud/Lib/TagLib/TagLibCloud.class.php 第 14 行.
NOTIC: [8] Undefined index: uid /www/wwwroot/yun.jridc.com/Cloud/Runtime/Cache/Home/1b02bb37aaf4d696e544a9167d94e637.php 第 21 行.
SQL: SHOW COLUMNS FROM `cloud_page` [ RunTime:0.000674s ]
SQL: SELECT * FROM `cloud_page` WHERE ( type_id=3 ) ORDER BY sort desc LIMIT 10   [ RunTime:0.000068s ]
NOTIC: [8] Use of undefined constant id - assumed 'id' /www/wwwroot/yun.jridc.com/Cloud/Runtime/Cache/Home/1b02bb37aaf4d696e544a9167d94e637.php 第 36 行.
NOTIC: [8] Use of undefined constant id - assumed 'id' /www/wwwroot/yun.jridc.com/Cloud/Runtime/Cache/Home/1b02bb37aaf4d696e544a9167d94e637.php 第 36 行.
NOTIC: [8] Use of undefined constant id - assumed 'id' /www/wwwroot/yun.jridc.com/Cloud/Runtime/Cache/Home/1b02bb37aaf4d696e544a9167d94e637.php 第 36 行.
NOTIC: [8] Use of undefined constant id - assumed 'id' /www/wwwroot/yun.jridc.com/Cloud/Runtime/Cache/Home/1b02bb37aaf4d696e544a9167d94e637.php 第 36 行.
SQL: SELECT * FROM `cloud_page` WHERE ( type_id=2 ) ORDER BY sort desc LIMIT 10   [ RunTime:0.000075s ]
NOTIC: [8] Use of undefined constant id - assumed 'id' /www/wwwroot/yun.jridc.com/Cloud/Runtime/Cache/Home/1b02bb37aaf4d696e544a9167d94e637.php 第 48 行.
NOTIC: [8] Use of undefined constant id - assumed 'id' /www/wwwroot/yun.jridc.com/Cloud/Runtime/Cache/Home/1b02bb37aaf4d696e544a9167d94e637.php 第 48 行.
NOTIC: [8] Use of undefined constant id - assumed 'id' /www/wwwroot/yun.jridc.com/Cloud/Runtime/Cache/Home/1b02bb37aaf4d696e544a9167d94e637.php 第 48 行.
SQL: SELECT * FROM `cloud_page` WHERE ( type_id=1 ) ORDER BY sort desc LIMIT 10   [ RunTime:0.000080s ]
NOTIC: [8] Use of undefined constant id - assumed 'id' /www/wwwroot/yun.jridc.com/Cloud/Runtime/Cache/Home/1b02bb37aaf4d696e544a9167d94e637.php 第 62 行.
NOTIC: [8] Use of undefined constant id - assumed 'id' /www/wwwroot/yun.jridc.com/Cloud/Runtime/Cache/Home/1b02bb37aaf4d696e544a9167d94e637.php 第 62 行.
NOTIC: [8] Use of undefined constant id - assumed 'id' /www/wwwroot/yun.jridc.com/Cloud/Runtime/Cache/Home/1b02bb37aaf4d696e544a9167d94e637.php 第 62 行.
NOTIC: [8] Use of undefined constant id - assumed 'id' /www/wwwroot/yun.jridc.com/Cloud/Runtime/Cache/Home/1b02bb37aaf4d696e544a9167d94e637.php 第 62 行.
INFO: ParseTemplate Behavior ::run [ RunTime:0.012844s ]
INFO: [ view_parse ] --END-- [ RunTime:0.012886s ]
INFO: [ view_filter ] --START--
INFO: ContentReplace Behavior ::run [ RunTime:0.000299s ]
INFO: TokenBuild Behavior ::run [ RunTime:0.000227s ]
INFO: WriteHtmlCache Behavior ::run [ RunTime:0.000163s ]
INFO: ShowRuntime Behavior ::run [ RunTime:0.000267s ]
INFO: [ view_filter ] --END-- [ RunTime:0.001057s ]
INFO: [ view_end ] --START--
INFO: ShowPageTrace Behavior ::run [ RunTime:0.000372s ]
INFO: [ view_end ] --END-- [ RunTime:0.000410s ]

[ 2019-02-17T19:22:14+08:00 ] 117.136.19.91 /
INFO: [ app_begin ] --START--
INFO: ReadHtmlCache Behavior ::run [ RunTime:0.000331s ]
INFO: [ app_begin ] --END-- [ RunTime:0.000395s ]
SQL: SHOW COLUMNS FROM `cloud_config` [ RunTime:0.000581s ]
SQL: SELECT `c_key`,`c_value` FROM `cloud_config` WHERE ( `c_module` = 'WEBSITE' )  [ RunTime:0.000079s ]
INFO: [ view_parse ] --START--
NOTIC: [8] Undefined index: field /www/wwwroot/yun.jridc.com/Cloud/Lib/TagLib/TagLibCloud.class.php 第 14 行.
NOTIC: [8] Undefined index: field /www/wwwroot/yun.jridc.com/Cloud/Lib/TagLib/TagLibCloud.class.php 第 14 行.
NOTIC: [8] Undefined index: field /www/wwwroot/yun.jridc.com/Cloud/Lib/TagLib/TagLibCloud.class.php 第 14 行.
NOTIC: [8] Undefined index: uid /www/wwwroot/yun.jridc.com/Cloud/Runtime/Cache/Home/1b02bb37aaf4d696e544a9167d94e637.php 第 21 行.
SQL: SHOW COLUMNS FROM `cloud_page` [ RunTime:0.000982s ]
SQL: SELECT * FROM `cloud_page` WHERE ( type_id=3 ) ORDER BY sort desc LIMIT 10   [ RunTime:0.000070s ]
NOTIC: [8] Use of undefined constant id - assumed 'id' /www/wwwroot/yun.jridc.com/Cloud/Runtime/Cache/Home/1b02bb37aaf4d696e544a9167d94e637.php 第 36 行.
NOTIC: [8] Use of undefined constant id - assumed 'id' /www/wwwroot/yun.jridc.com/Cloud/Runtime/Cache/Home/1b02bb37aaf4d696e544a9167d94e637.php 第 36 行.
NOTIC: [8] Use of undefined constant id - assumed 'id' /www/wwwroot/yun.jridc.com/Cloud/Runtime/Cache/Home/1b02bb37aaf4d696e544a9167d94e637.php 第 36 行.
NOTIC: [8] Use of undefined constant id - assumed 'id' /www/wwwroot/yun.jridc.com/Cloud/Runtime/Cache/Home/1b02bb37aaf4d696e544a9167d94e637.php 第 36 行.
SQL: SELECT * FROM `cloud_page` WHERE ( type_id=2 ) ORDER BY sort desc LIMIT 10   [ RunTime:0.000076s ]
NOTIC: [8] Use of undefined constant id - assumed 'id' /www/wwwroot/yun.jridc.com/Cloud/Runtime/Cache/Home/1b02bb37aaf4d696e544a9167d94e637.php 第 48 行.
NOTIC: [8] Use of undefined constant id - assumed 'id' /www/wwwroot/yun.jridc.com/Cloud/Runtime/Cache/Home/1b02bb37aaf4d696e544a9167d94e637.php 第 48 行.
NOTIC: [8] Use of undefined constant id - assumed 'id' /www/wwwroot/yun.jridc.com/Cloud/Runtime/Cache/Home/1b02bb37aaf4d696e544a9167d94e637.php 第 48 行.
SQL: SELECT * FROM `cloud_page` WHERE ( type_id=1 ) ORDER BY sort desc LIMIT 10   [ RunTime:0.000080s ]
NOTIC: [8] Use of undefined constant id - assumed 'id' /www/wwwroot/yun.jridc.com/Cloud/Runtime/Cache/Home/1b02bb37aaf4d696e544a9167d94e637.php 第 62 行.
NOTIC: [8] Use of undefined constant id - assumed 'id' /www/wwwroot/yun.jridc.com/Cloud/Runtime/Cache/Home/1b02bb37aaf4d696e544a9167d94e637.php 第 62 行.
NOTIC: [8] Use of undefined constant id - assumed 'id' /www/wwwroot/yun.jridc.com/Cloud/Runtime/Cache/Home/1b02bb37aaf4d696e544a9167d94e637.php 第 62 行.
NOTIC: [8] Use of undefined constant id - assumed 'id' /www/wwwroot/yun.jridc.com/Cloud/Runtime/Cache/Home/1b02bb37aaf4d696e544a9167d94e637.php 第 62 行.
INFO: ParseTemplate Behavior ::run [ RunTime:0.014945s ]
INFO: [ view_parse ] --END-- [ RunTime:0.015005s ]
INFO: [ view_filter ] --START--
INFO: ContentReplace Behavior ::run [ RunTime:0.000388s ]
INFO: TokenBuild Behavior ::run [ RunTime:0.000232s ]
INFO: WriteHtmlCache Behavior ::run [ RunTime:0.000182s ]
INFO: ShowRuntime Behavior ::run [ RunTime:0.000267s ]
INFO: [ view_filter ] --END-- [ RunTime:0.001181s ]
INFO: [ view_end ] --START--
INFO: ShowPageTrace Behavior ::run [ RunTime:0.000478s ]
INFO: [ view_end ] --END-- [ RunTime:0.000532s ]

[ 2019-02-17T23:42:04+08:00 ] 49.70.124.36 /
INFO: [ app_begin ] --START--
INFO: ReadHtmlCache Behavior ::run [ RunTime:0.000442s ]
INFO: [ app_begin ] --END-- [ RunTime:0.000513s ]
SQL: SHOW COLUMNS FROM `cloud_config` [ RunTime:0.000650s ]
SQL: SELECT `c_key`,`c_value` FROM `cloud_config` WHERE ( `c_module` = 'WEBSITE' )  [ RunTime:0.000069s ]
INFO: [ view_parse ] --START--
NOTIC: [8] Undefined index: field /www/wwwroot/yun.jridc.com/Cloud/Lib/TagLib/TagLibCloud.class.php 第 14 行.
NOTIC: [8] Undefined index: field /www/wwwroot/yun.jridc.com/Cloud/Lib/TagLib/TagLibCloud.class.php 第 14 行.
NOTIC: [8] Undefined index: field /www/wwwroot/yun.jridc.com/Cloud/Lib/TagLib/TagLibCloud.class.php 第 14 行.
NOTIC: [8] Undefined index: uid /www/wwwroot/yun.jridc.com/Cloud/Runtime/Cache/Home/1b02bb37aaf4d696e544a9167d94e637.php 第 21 行.
SQL: SHOW COLUMNS FROM `cloud_page` [ RunTime:0.000922s ]
SQL: SELECT * FROM `cloud_page` WHERE ( type_id=3 ) ORDER BY sort desc LIMIT 10   [ RunTime:0.000073s ]
NOTIC: [8] Use of undefined constant id - assumed 'id' /www/wwwroot/yun.jridc.com/Cloud/Runtime/Cache/Home/1b02bb37aaf4d696e544a9167d94e637.php 第 36 行.
NOTIC: [8] Use of undefined constant id - assumed 'id' /www/wwwroot/yun.jridc.com/Cloud/Runtime/Cache/Home/1b02bb37aaf4d696e544a9167d94e637.php 第 36 行.
NOTIC: [8] Use of undefined constant id - assumed 'id' /www/wwwroot/yun.jridc.com/Cloud/Runtime/Cache/Home/1b02bb37aaf4d696e544a9167d94e637.php 第 36 行.
NOTIC: [8] Use of undefined constant id - assumed 'id' /www/wwwroot/yun.jridc.com/Cloud/Runtime/Cache/Home/1b02bb37aaf4d696e544a9167d94e637.php 第 36 行.
SQL: SELECT * FROM `cloud_page` WHERE ( type_id=2 ) ORDER BY sort desc LIMIT 10   [ RunTime:0.000078s ]
NOTIC: [8] Use of undefined constant id - assumed 'id' /www/wwwroot/yun.jridc.com/Cloud/Runtime/Cache/Home/1b02bb37aaf4d696e544a9167d94e637.php 第 48 行.
NOTIC: [8] Use of undefined constant id - assumed 'id' /www/wwwroot/yun.jridc.com/Cloud/Runtime/Cache/Home/1b02bb37aaf4d696e544a9167d94e637.php 第 48 行.
NOTIC: [8] Use of undefined constant id - assumed 'id' /www/wwwroot/yun.jridc.com/Cloud/Runtime/Cache/Home/1b02bb37aaf4d696e544a9167d94e637.php 第 48 行.
SQL: SELECT * FROM `cloud_page` WHERE ( type_id=1 ) ORDER BY sort desc LIMIT 10   [ RunTime:0.000087s ]
NOTIC: [8] Use of undefined constant id - assumed 'id' /www/wwwroot/yun.jridc.com/Cloud/Runtime/Cache/Home/1b02bb37aaf4d696e544a9167d94e637.php 第 62 行.
NOTIC: [8] Use of undefined constant id - assumed 'id' /www/wwwroot/yun.jridc.com/Cloud/Runtime/Cache/Home/1b02bb37aaf4d696e544a9167d94e637.php 第 62 行.
NOTIC: [8] Use of undefined constant id - assumed 'id' /www/wwwroot/yun.jridc.com/Cloud/Runtime/Cache/Home/1b02bb37aaf4d696e544a9167d94e637.php 第 62 行.
NOTIC: [8] Use of undefined constant id - assumed 'id' /www/wwwroot/yun.jridc.com/Cloud/Runtime/Cache/Home/1b02bb37aaf4d696e544a9167d94e637.php 第 62 行.
INFO: ParseTemplate Behavior ::run [ RunTime:0.013672s ]
INFO: [ view_parse ] --END-- [ RunTime:0.013731s ]
INFO: [ view_filter ] --START--
INFO: ContentReplace Behavior ::run [ RunTime:0.000306s ]
INFO: TokenBuild Behavior ::run [ RunTime:0.000234s ]
INFO: WriteHtmlCache Behavior ::run [ RunTime:0.000165s ]
INFO: ShowRuntime Behavior ::run [ RunTime:0.000294s ]
INFO: [ view_filter ] --END-- [ RunTime:0.001109s ]
INFO: [ view_end ] --START--
INFO: ShowPageTrace Behavior ::run [ RunTime:0.000348s ]
INFO: [ view_end ] --END-- [ RunTime:0.000382s ]

